#
# There is insufficient memory for the Java Runtime Environment to continue.
# Native memory allocation (malloc) failed to allocate 32744 bytes. Error detail: Chunk::new
# Possible reasons:
#   The system is out of physical RAM or swap space
#   This process is running with CompressedOops enabled, and the Java Heap may be blocking the growth of the native heap
# Possible solutions:
#   Reduce memory load on the system
#   Increase physical memory or swap space
#   Check if swap backing store is full
#   Decrease Java heap size (-Xmx/-Xms)
#   Decrease number of Java threads
#   Decrease Java thread stack sizes (-Xss)
#   Set larger code cache with -XX:ReservedCodeCacheSize=
#   JVM is running with Unscaled Compressed Oops mode in which the Java heap is
#     placed in the first 4GB address space. The Java Heap base address is the
#     maximum limit for the native heap growth. Please use -XX:HeapBaseMinAddress
#     to set the Java Heap base and to place the Java Heap above 4GB virtual address.
# This output file may be truncated or incomplete.
#
#  Out of Memory Error (arena.cpp:168), pid=15784, tid=8396
#
# JRE version: OpenJDK Runtime Environment Temurin-21.0.7+6 (21.0.7+6) (build 21.0.7+6-LTS)
# Java VM: OpenJDK 64-Bit Server VM Temurin-21.0.7+6 (21.0.7+6-LTS, mixed mode, sharing, tiered, compressed oops, compressed class ptrs, parallel gc, windows-amd64)
# No core dump will be written. Minidumps are not enabled by default on client versions of Windows
#

---------------  S U M M A R Y ------------

Command Line: --add-modules=ALL-SYSTEM --add-opens=java.base/java.util=ALL-UNNAMED --add-opens=java.base/java.lang=ALL-UNNAMED --add-opens=java.base/sun.nio.fs=ALL-UNNAMED -Declipse.application=org.eclipse.jdt.ls.core.id1 -Dosgi.bundles.defaultStartLevel=4 -Declipse.product=org.eclipse.jdt.ls.core.product -Djava.import.generatesMetadataFilesAtProjectRoot=false -DDetectVMInstallationsJob.disabled=true -Dfile.encoding=utf8 -XX:+UseParallelGC -XX:GCTimeRatio=4 -XX:AdaptiveSizePolicyWeight=90 -Dsun.zip.disableMemoryMapping=true -Xmx2G -Xms100m -Xlog:disable -javaagent:c:\Users\Salah eddine bitti\.vscode\extensions\redhat.java-1.43.1-win32-x64\lombok\lombok-1.18.39-4050.jar c:\Users\Salah eddine bitti\.vscode\extensions\redhat.java-1.43.1-win32-x64\server\plugins\org.eclipse.equinox.launcher_1.7.0.v20250519-0528.jar -configuration c:\Users\Salah eddine bitti\AppData\Roaming\Code\User\globalStorage\redhat.java\1.43.1\config_ss_win -data c:\Users\Salah eddine bitti\AppData\Roaming\Code\User\workspaceStorage\86298339464e7d9bd6535f9d51b3350d\redhat.java\ss_ws --pipe=\\.\pipe\lsp-8e945a7e13fdc817756f786cec265ba6-sock

Host: 11th Gen Intel(R) Core(TM) i5-1135G7 @ 2.40GHz, 8 cores, 7G,  Windows 11 , 64 bit Build 22621 (10.0.22621.5415)
Time: Thu Jul 10 21:18:08 2025 Maroc (heure d64 bit Build 22621 (10.0.22621.5415) elapsed time: 5.519385 seconds (0d 0h 0m 5s)

---------------  T H R E A D  ---------------

Current thread (0x000002125d1d4e20):  JavaThread "C2 CompilerThread1" daemon [_thread_in_native, id=8396, stack(0x0000006759700000,0x0000006759800000) (1024K)]


Current CompileTask:
C2:5519 4582   !   4       java.lang.ref.ReferenceQueue::poll (40 bytes)

Stack: [0x0000006759700000,0x0000006759800000]
Native frames: (J=compiled Java code, j=interpreted, Vv=VM code, C=native code)
V  [jvm.dll+0x6ce119]
V  [jvm.dll+0x8a84a1]
V  [jvm.dll+0x8aa9ce]
V  [jvm.dll+0x8ab0b3]
V  [jvm.dll+0x27f8a6]
V  [jvm.dll+0xc507d]
V  [jvm.dll+0xc55b3]
V  [jvm.dll+0x656dfb]
V  [jvm.dll+0x656f9f]
V  [jvm.dll+0x65c9d9]
V  [jvm.dll+0x65d9c6]
V  [jvm.dll+0x65bd5e]
V  [jvm.dll+0x247975]
V  [jvm.dll+0x2470cf]
V  [jvm.dll+0x1c760e]
V  [jvm.dll+0x25695a]
V  [jvm.dll+0x254efa]
V  [jvm.dll+0x3f03f6]
V  [jvm.dll+0x851f6b]
V  [jvm.dll+0x6cc7dd]
C  [ucrtbase.dll+0x29333]
C  [KERNEL32.DLL+0x1259d]
C  [ntdll.dll+0x5af78]


---------------  P R O C E S S  ---------------

Threads class SMR info:
_java_thread_list=0x000002125e2b8d20, length=36, elements={
0x000002127f393d10, 0x000002127f44e3e0, 0x00000212162f8210, 0x00000212162fc6a0,
0x00000212162fd610, 0x0000021216300e90, 0x00000212163004c0, 0x0000021216308240,
0x0000021216329ae0, 0x000002125d0bde20, 0x000002125d1d4e20, 0x000002125d32cf30,
0x000002125d95a3a0, 0x000002125da46a00, 0x000002125d94a8f0, 0x000002125dae0450,
0x000002125dc2e8d0, 0x000002125db69a70, 0x000002125e0e7eb0, 0x000002125df22ea0,
0x000002125df34340, 0x000002125df35060, 0x000002125df36410, 0x000002125df356f0,
0x000002125df33cb0, 0x000002125df36aa0, 0x000002125df349d0, 0x000002125df35d80,
0x000002125df33620, 0x000002125fc0bc80, 0x000002125fc0af60, 0x000002125fc06dc0,
0x000002125fc0a8d0, 0x000002125fc0a240, 0x000002125fc0b5f0, 0x000002125fc07450
}

Java Threads: ( => current thread )
  0x000002127f393d10 JavaThread "main"                              [_thread_blocked, id=12092, stack(0x0000006758a00000,0x0000006758b00000) (1024K)]
  0x000002127f44e3e0 JavaThread "Reference Handler"          daemon [_thread_blocked, id=10160, stack(0x0000006758e00000,0x0000006758f00000) (1024K)]
  0x00000212162f8210 JavaThread "Finalizer"                  daemon [_thread_blocked, id=9956, stack(0x0000006758f00000,0x0000006759000000) (1024K)]
  0x00000212162fc6a0 JavaThread "Signal Dispatcher"          daemon [_thread_blocked, id=4432, stack(0x0000006759000000,0x0000006759100000) (1024K)]
  0x00000212162fd610 JavaThread "Attach Listener"            daemon [_thread_blocked, id=10196, stack(0x0000006759100000,0x0000006759200000) (1024K)]
  0x0000021216300e90 JavaThread "Service Thread"             daemon [_thread_blocked, id=15128, stack(0x0000006759200000,0x0000006759300000) (1024K)]
  0x00000212163004c0 JavaThread "Monitor Deflation Thread"   daemon [_thread_blocked, id=16660, stack(0x0000006759300000,0x0000006759400000) (1024K)]
  0x0000021216308240 JavaThread "C2 CompilerThread0"         daemon [_thread_in_native, id=5924, stack(0x0000006759400000,0x0000006759500000) (1024K)]
  0x0000021216329ae0 JavaThread "C1 CompilerThread0"         daemon [_thread_in_native, id=15788, stack(0x0000006759500000,0x0000006759600000) (1024K)]
  0x000002125d0bde20 JavaThread "Common-Cleaner"             daemon [_thread_blocked, id=12044, stack(0x0000006759600000,0x0000006759700000) (1024K)]
=>0x000002125d1d4e20 JavaThread "C2 CompilerThread1"         daemon [_thread_in_native, id=8396, stack(0x0000006759700000,0x0000006759800000) (1024K)]
  0x000002125d32cf30 JavaThread "Notification Thread"        daemon [_thread_blocked, id=22452, stack(0x0000006759800000,0x0000006759900000) (1024K)]
  0x000002125d95a3a0 JavaThread "Active Thread: Equinox Container: 0c54e4bf-ab00-401e-90ac-d894c8d8bebb"        [_thread_blocked, id=15124, stack(0x0000006759f00000,0x000000675a000000) (1024K)]
  0x000002125da46a00 JavaThread "Framework Event Dispatcher: Equinox Container: 0c54e4bf-ab00-401e-90ac-d894c8d8bebb" daemon [_thread_blocked, id=17844, stack(0x000000675a000000,0x000000675a100000) (1024K)]
  0x000002125d94a8f0 JavaThread "Start Level: Equinox Container: 0c54e4bf-ab00-401e-90ac-d894c8d8bebb" daemon [_thread_blocked, id=19876, stack(0x000000675a100000,0x000000675a200000) (1024K)]
  0x000002125dae0450 JavaThread "SCR Component Actor"        daemon [_thread_blocked, id=17740, stack(0x000000675a300000,0x000000675a400000) (1024K)]
  0x000002125dc2e8d0 JavaThread "SCR Component Registry"     daemon [_thread_blocked, id=11116, stack(0x000000675a400000,0x000000675a500000) (1024K)]
  0x000002125db69a70 JavaThread "Worker-JM"                         [_thread_blocked, id=17364, stack(0x000000675a500000,0x000000675a600000) (1024K)]
  0x000002125e0e7eb0 JavaThread "JNA Cleaner"                daemon [_thread_blocked, id=13364, stack(0x000000675a600000,0x000000675a700000) (1024K)]
  0x000002125df22ea0 JavaThread "Worker-0"                          [_thread_blocked, id=12024, stack(0x000000675a700000,0x000000675a800000) (1024K)]
  0x000002125df34340 JavaThread "Worker-1"                          [_thread_blocked, id=19640, stack(0x000000675a800000,0x000000675a900000) (1024K)]
  0x000002125df35060 JavaThread "Thread-2"                   daemon [_thread_in_native, id=2000, stack(0x000000675a900000,0x000000675aa00000) (1024K)]
  0x000002125df36410 JavaThread "Thread-3"                   daemon [_thread_in_native, id=4152, stack(0x000000675aa00000,0x000000675ab00000) (1024K)]
  0x000002125df356f0 JavaThread "Thread-4"                   daemon [_thread_in_native, id=17928, stack(0x000000675ab00000,0x000000675ac00000) (1024K)]
  0x000002125df33cb0 JavaThread "Thread-5"                   daemon [_thread_in_native, id=5052, stack(0x000000675ac00000,0x000000675ad00000) (1024K)]
  0x000002125df36aa0 JavaThread "Thread-6"                   daemon [_thread_in_native, id=5976, stack(0x000000675ad00000,0x000000675ae00000) (1024K)]
  0x000002125df349d0 JavaThread "Thread-7"                   daemon [_thread_in_native, id=6628, stack(0x000000675ae00000,0x000000675af00000) (1024K)]
  0x000002125df35d80 JavaThread "Thread-8"                   daemon [_thread_in_native, id=3256, stack(0x000000675af00000,0x000000675b000000) (1024K)]
  0x000002125df33620 JavaThread "Thread-9"                   daemon [_thread_in_native, id=9348, stack(0x000000675b000000,0x000000675b100000) (1024K)]
  0x000002125fc0bc80 JavaThread "Thread-10"                  daemon [_thread_in_native, id=20952, stack(0x000000675b100000,0x000000675b200000) (1024K)]
  0x000002125fc0af60 JavaThread "pool-2-thread-1"                   [_thread_blocked, id=4912, stack(0x000000675b200000,0x000000675b300000) (1024K)]
  0x000002125fc06dc0 JavaThread "Worker-2"                          [_thread_blocked, id=18572, stack(0x000000675b300000,0x000000675b400000) (1024K)]
  0x000002125fc0a8d0 JavaThread "WorkspaceEventsHandler"            [_thread_blocked, id=408, stack(0x000000675b400000,0x000000675b500000) (1024K)]
  0x000002125fc0a240 JavaThread "pool-1-thread-1"                   [_thread_in_vm, id=17876, stack(0x000000675b500000,0x000000675b600000) (1024K)]
  0x000002125fc0b5f0 JavaThread "ForkJoinPool.commonPool-worker-1" daemon [_thread_blocked, id=12532, stack(0x000000675b600000,0x000000675b700000) (1024K)]
  0x000002125fc07450 JavaThread "ForkJoinPool.commonPool-worker-2" daemon [_thread_in_vm, id=3352, stack(0x000000675b700000,0x000000675b800000) (1024K)]
Total: 36

Other Threads:
  0x00000212162f2d50 VMThread "VM Thread"                           [id=9080, stack(0x0000006758d00000,0x0000006758e00000) (1024K)]
  0x000002121620c950 WatcherThread "VM Periodic Task Thread"        [id=12888, stack(0x0000006758c00000,0x0000006758d00000) (1024K)]
  0x000002127f3b0f70 WorkerThread "GC Thread#0"                     [id=2472, stack(0x0000006758b00000,0x0000006758c00000) (1024K)]
  0x000002125dc59950 WorkerThread "GC Thread#1"                     [id=16256, stack(0x0000006759900000,0x0000006759a00000) (1024K)]
  0x000002125dc5ab70 WorkerThread "GC Thread#2"                     [id=20948, stack(0x0000006759a00000,0x0000006759b00000) (1024K)]
  0x000002125dc5b2b0 WorkerThread "GC Thread#3"                     [id=7312, stack(0x0000006759b00000,0x0000006759c00000) (1024K)]
  0x000002125dc5a430 WorkerThread "GC Thread#4"                     [id=19192, stack(0x0000006759c00000,0x0000006759d00000) (1024K)]
  0x000002125dc59cf0 WorkerThread "GC Thread#5"                     [id=10584, stack(0x0000006759d00000,0x0000006759e00000) (1024K)]
  0x000002125dc5a090 WorkerThread "GC Thread#6"                     [id=21112, stack(0x0000006759e00000,0x0000006759f00000) (1024K)]
  0x000002125dc5a7d0 WorkerThread "GC Thread#7"                     [id=3288, stack(0x000000675a200000,0x000000675a300000) (1024K)]
Total: 10

Threads with active compile tasks:
C2 CompilerThread0  5554 4584       4       org.eclipse.osgi.internal.container.KeyBasedLockStore::getLock (105 bytes)
C1 CompilerThread0  5554 4575       3       org.eclipse.jdt.internal.compiler.parser.Scanner::internalScanIdentifierOrKeyword (5041 bytes)
C2 CompilerThread1  5554 4582   !   4       java.lang.ref.ReferenceQueue::poll (40 bytes)
Total: 3

VM state: not at safepoint (normal execution)

VM Mutex/Monitor currently owned by a thread:  ([mutex/lock_event])
[0x00007fff5508c308] Metaspace_lock - owner thread: 0x000002125fc07450

Heap address: 0x0000000080000000, size: 2048 MB, Compressed Oops mode: 32-bit

CDS archive(s) mapped at: [0x0000021217000000-0x0000021217ba0000-0x0000021217ba0000), size 12189696, SharedBaseAddress: 0x0000021217000000, ArchiveRelocationMode: 1.
Compressed class space mapped at: 0x0000021218000000-0x0000021258000000, reserved size: 1073741824
Narrow klass base: 0x0000021217000000, Narrow klass shift: 0, Narrow klass range: 0x100000000

GC Precious Log:
 CardTable entry size: 512
 CPUs: 8 total, 8 available
 Memory: 7932M
 Large Page Support: Disabled
 NUMA Support: Disabled
 Compressed Oops: Enabled (32-bit)
 Alignments: Space 512K, Generation 512K, Heap 2M
 Heap Min Capacity: 100M
 Heap Initial Capacity: 100M
 Heap Max Capacity: 2G
 Pre-touch: Disabled
 Parallel Workers: 8

Heap:
 PSYoungGen      total 22528K, used 6250K [0x00000000d5580000, 0x00000000d6e00000, 0x0000000100000000)
  eden space 20992K, 22% used [0x00000000d5580000,0x00000000d5a28ea8,0x00000000d6a00000)
  from space 1536K, 96% used [0x00000000d6a80000,0x00000000d6bf1998,0x00000000d6c00000)
  to   space 2048K, 0% used [0x00000000d6c00000,0x00000000d6c00000,0x00000000d6e00000)
 ParOldGen       total 68608K, used 28059K [0x0000000080000000, 0x0000000084300000, 0x00000000d5580000)
  object space 68608K, 40% used [0x0000000080000000,0x0000000081b66de8,0x0000000084300000)
 Metaspace       used 33993K, committed 34944K, reserved 1114112K
  class space    used 3420K, committed 3840K, reserved 1048576K

Card table byte_map: [0x000002127ed30000,0x000002127f140000] _byte_map_base: 0x000002127e930000

Marking Bits: (ParMarkBitMap*) 0x00007fff550931f0
 Begin Bits: [0x0000021212130000, 0x0000021214130000)
 End Bits:   [0x0000021214130000, 0x0000021216130000)

Polling page: 0x000002127d190000

Metaspace:

Usage:
  Non-class:     29.86 MB used.
      Class:      3.34 MB used.
       Both:     33.20 MB used.

Virtual space:
  Non-class space:       64.00 MB reserved,      30.38 MB ( 47%) committed,  1 nodes.
      Class space:        1.00 GB reserved,       3.75 MB ( <1%) committed,  1 nodes.
             Both:        1.06 GB reserved,      34.12 MB (  3%) committed. 

Chunk freelists:
   Non-Class:  1.08 MB
       Class:  12.11 MB
        Both:  13.19 MB

MaxMetaspaceSize: unlimited
CompressedClassSpaceSize: 1.00 GB
Initial GC threshold: 21.00 MB
Current GC threshold: 35.00 MB
CDS: on
 - commit_granule_bytes: 65536.
 - commit_granule_words: 8192.
 - virtual_space_node_default_size: 8388608.
 - enlarge_chunks_in_place: 1.
 - use_allocation_guard: 0.


Internal statistics:

num_allocs_failed_limit: 3.
num_arena_births: 768.
num_arena_deaths: 14.
num_vsnodes_births: 2.
num_vsnodes_deaths: 0.
num_space_committed: 546.
num_space_uncommitted: 0.
num_chunks_returned_to_freelist: 17.
num_chunks_taken_from_freelist: 2167.
num_chunk_merges: 8.
num_chunk_splits: 1381.
num_chunks_enlarged: 831.
num_inconsistent_stats: 0.

CodeHeap 'non-profiled nmethods': size=120000Kb used=2260Kb max_used=2260Kb free=117739Kb
 bounds [0x000002120ac00000, 0x000002120ae70000, 0x0000021212130000]
CodeHeap 'profiled nmethods': size=120000Kb used=8849Kb max_used=8849Kb free=111150Kb
 bounds [0x0000021203130000, 0x00000212039e0000, 0x000002120a660000]
CodeHeap 'non-nmethods': size=5760Kb used=1375Kb max_used=1412Kb free=4384Kb
 bounds [0x000002120a660000, 0x000002120a8d0000, 0x000002120ac00000]
 total_blobs=5229 nmethods=4567 adapters=568
 compilation: enabled
              stopped_count=0, restarted_count=0
 full_count=0

Compilation events (20 events):
Event: 5.460 Thread 0x000002125d1d4e20 nmethod 4318 0x000002120ae33d90 code [0x000002120ae33f20, 0x000002120ae33fa0]
Event: 5.460 Thread 0x000002125d1d4e20 4324       4       jdk.internal.access.SharedSecrets::getJavaLangAccess (4 bytes)
Event: 5.460 Thread 0x000002125d1d4e20 nmethod 4324 0x000002120ae34090 code [0x000002120ae34220, 0x000002120ae34298]
Event: 5.463 Thread 0x0000021216308240 nmethod 4247 0x000002120ae34390 code [0x000002120ae34580, 0x000002120ae34940]
Event: 5.465 Thread 0x0000021216308240 4566       4       org.lombokweb.asm.ByteVector::putByte (39 bytes)
Event: 5.465 Thread 0x0000021216329ae0 4567       3       org.lombokweb.asm.ByteVector::enlarge (73 bytes)
Event: 5.465 Thread 0x0000021216329ae0 nmethod 4567 0x00000212039cea90 code [0x00000212039cec60, 0x00000212039cf048]
Event: 5.465 Thread 0x0000021216329ae0 4568       3       org.lombokweb.asm.MethodVisitor::visitLocalVariable (24 bytes)
Event: 5.465 Thread 0x0000021216329ae0 nmethod 4568 0x00000212039cf190 code [0x00000212039cf340, 0x00000212039cf550]
Event: 5.465 Thread 0x0000021216329ae0 4569       3       java.util.regex.Pattern$StartS::match (138 bytes)
Event: 5.466 Thread 0x0000021216329ae0 nmethod 4569 0x00000212039cf610 code [0x00000212039cf860, 0x00000212039d02d8]
Event: 5.466 Thread 0x0000021216329ae0 4570       3       java.net.URL::<init> (7 bytes)
Event: 5.466 Thread 0x0000021216308240 nmethod 4566 0x000002120ae34d90 code [0x000002120ae34f20, 0x000002120ae35088]
Event: 5.466 Thread 0x0000021216329ae0 nmethod 4570 0x00000212039d0590 code [0x00000212039d0740, 0x00000212039d08f0]
Event: 5.466 Thread 0x0000021216329ae0 4571       3       sun.net.www.protocol.file.Handler::openConnection (7 bytes)
Event: 5.466 Thread 0x0000021216329ae0 nmethod 4571 0x00000212039d0a10 code [0x00000212039d0bc0, 0x00000212039d0d20]
Event: 5.478 Thread 0x0000021216329ae0 4572       3       java.util.Properties$LineReader::readLine (584 bytes)
Event: 5.480 Thread 0x0000021216329ae0 nmethod 4572 0x00000212039d0e10 code [0x00000212039d1200, 0x00000212039d3ab8]
Event: 5.480 Thread 0x0000021216329ae0 4575       3       org.eclipse.jdt.internal.compiler.parser.Scanner::internalScanIdentifierOrKeyword (5041 bytes)
Event: 5.483 Thread 0x000002125d1d4e20 4582   !   4       java.lang.ref.ReferenceQueue::poll (40 bytes)

GC Heap History (20 events):
Event: 4.245 GC heap before
{Heap before GC invocations=9 (full 1):
 PSYoungGen      total 27136K, used 26952K [0x00000000d5580000, 0x00000000d7480000, 0x0000000100000000)
  eden space 24576K, 100% used [0x00000000d5580000,0x00000000d6d80000,0x00000000d6d80000)
  from space 2560K, 92% used [0x00000000d6e80000,0x00000000d70d22b0,0x00000000d7100000)
  to   space 3584K, 0% used [0x00000000d7100000,0x00000000d7100000,0x00000000d7480000)
 ParOldGen       total 68608K, used 8789K [0x0000000080000000, 0x0000000084300000, 0x00000000d5580000)
  object space 68608K, 12% used [0x0000000080000000,0x0000000080895790,0x0000000084300000)
 Metaspace       used 26524K, committed 27264K, reserved 1114112K
  class space    used 2559K, committed 2880K, reserved 1048576K
}
Event: 4.248 GC heap after
{Heap after GC invocations=9 (full 1):
 PSYoungGen      total 26624K, used 3582K [0x00000000d5580000, 0x00000000d7700000, 0x0000000100000000)
  eden space 23040K, 0% used [0x00000000d5580000,0x00000000d5580000,0x00000000d6c00000)
  from space 3584K, 99% used [0x00000000d7100000,0x00000000d747fad8,0x00000000d7480000)
  to   space 5120K, 0% used [0x00000000d6c00000,0x00000000d6c00000,0x00000000d7100000)
 ParOldGen       total 68608K, used 9709K [0x0000000080000000, 0x0000000084300000, 0x00000000d5580000)
  object space 68608K, 14% used [0x0000000080000000,0x000000008097b7a0,0x0000000084300000)
 Metaspace       used 26524K, committed 27264K, reserved 1114112K
  class space    used 2559K, committed 2880K, reserved 1048576K
}
Event: 4.543 GC heap before
{Heap before GC invocations=10 (full 1):
 PSYoungGen      total 26624K, used 26622K [0x00000000d5580000, 0x00000000d7700000, 0x0000000100000000)
  eden space 23040K, 100% used [0x00000000d5580000,0x00000000d6c00000,0x00000000d6c00000)
  from space 3584K, 99% used [0x00000000d7100000,0x00000000d747fad8,0x00000000d7480000)
  to   space 5120K, 0% used [0x00000000d6c00000,0x00000000d6c00000,0x00000000d7100000)
 ParOldGen       total 68608K, used 9709K [0x0000000080000000, 0x0000000084300000, 0x00000000d5580000)
  object space 68608K, 14% used [0x0000000080000000,0x000000008097b7a0,0x0000000084300000)
 Metaspace       used 29396K, committed 30272K, reserved 1114112K
  class space    used 2882K, committed 3264K, reserved 1048576K
}
Event: 4.545 GC heap after
{Heap after GC invocations=10 (full 1):
 PSYoungGen      total 27648K, used 4894K [0x00000000d5580000, 0x00000000d7580000, 0x0000000100000000)
  eden space 22528K, 0% used [0x00000000d5580000,0x00000000d5580000,0x00000000d6b80000)
  from space 5120K, 95% used [0x00000000d6c00000,0x00000000d70c7940,0x00000000d7100000)
  to   space 4608K, 0% used [0x00000000d7100000,0x00000000d7100000,0x00000000d7580000)
 ParOldGen       total 68608K, used 9717K [0x0000000080000000, 0x0000000084300000, 0x00000000d5580000)
  object space 68608K, 14% used [0x0000000080000000,0x000000008097d7a0,0x0000000084300000)
 Metaspace       used 29396K, committed 30272K, reserved 1114112K
  class space    used 2882K, committed 3264K, reserved 1048576K
}
Event: 4.828 GC heap before
{Heap before GC invocations=11 (full 1):
 PSYoungGen      total 27648K, used 27422K [0x00000000d5580000, 0x00000000d7580000, 0x0000000100000000)
  eden space 22528K, 100% used [0x00000000d5580000,0x00000000d6b80000,0x00000000d6b80000)
  from space 5120K, 95% used [0x00000000d6c00000,0x00000000d70c7940,0x00000000d7100000)
  to   space 4608K, 0% used [0x00000000d7100000,0x00000000d7100000,0x00000000d7580000)
 ParOldGen       total 68608K, used 9717K [0x0000000080000000, 0x0000000084300000, 0x00000000d5580000)
  object space 68608K, 14% used [0x0000000080000000,0x000000008097d7a0,0x0000000084300000)
 Metaspace       used 31532K, committed 32384K, reserved 1114112K
  class space    used 3112K, committed 3456K, reserved 1048576K
}
Event: 4.833 GC heap after
{Heap after GC invocations=11 (full 1):
 PSYoungGen      total 25088K, used 2942K [0x00000000d5580000, 0x00000000d7400000, 0x0000000100000000)
  eden space 22016K, 0% used [0x00000000d5580000,0x00000000d5580000,0x00000000d6b00000)
  from space 3072K, 95% used [0x00000000d7100000,0x00000000d73dfb48,0x00000000d7400000)
  to   space 4096K, 0% used [0x00000000d6c00000,0x00000000d6c00000,0x00000000d7000000)
 ParOldGen       total 68608K, used 13258K [0x0000000080000000, 0x0000000084300000, 0x00000000d5580000)
  object space 68608K, 19% used [0x0000000080000000,0x0000000080cf2a08,0x0000000084300000)
 Metaspace       used 31532K, committed 32384K, reserved 1114112K
  class space    used 3112K, committed 3456K, reserved 1048576K
}
Event: 4.880 GC heap before
{Heap before GC invocations=12 (full 1):
 PSYoungGen      total 25088K, used 24958K [0x00000000d5580000, 0x00000000d7400000, 0x0000000100000000)
  eden space 22016K, 100% used [0x00000000d5580000,0x00000000d6b00000,0x00000000d6b00000)
  from space 3072K, 95% used [0x00000000d7100000,0x00000000d73dfb48,0x00000000d7400000)
  to   space 4096K, 0% used [0x00000000d6c00000,0x00000000d6c00000,0x00000000d7000000)
 ParOldGen       total 68608K, used 13258K [0x0000000080000000, 0x0000000084300000, 0x00000000d5580000)
  object space 68608K, 19% used [0x0000000080000000,0x0000000080cf2a08,0x0000000084300000)
 Metaspace       used 31555K, committed 32448K, reserved 1114112K
  class space    used 3112K, committed 3456K, reserved 1048576K
}
Event: 4.884 GC heap after
{Heap after GC invocations=12 (full 1):
 PSYoungGen      total 24576K, used 2048K [0x00000000d5580000, 0x00000000d7180000, 0x0000000100000000)
  eden space 22016K, 0% used [0x00000000d5580000,0x00000000d5580000,0x00000000d6b00000)
  from space 2560K, 80% used [0x00000000d6c00000,0x00000000d6e00010,0x00000000d6e80000)
  to   space 2560K, 0% used [0x00000000d6f00000,0x00000000d6f00000,0x00000000d7180000)
 ParOldGen       total 68608K, used 16061K [0x0000000080000000, 0x0000000084300000, 0x00000000d5580000)
  object space 68608K, 23% used [0x0000000080000000,0x0000000080faf7e8,0x0000000084300000)
 Metaspace       used 31555K, committed 32448K, reserved 1114112K
  class space    used 3112K, committed 3456K, reserved 1048576K
}
Event: 4.973 GC heap before
{Heap before GC invocations=13 (full 1):
 PSYoungGen      total 24576K, used 24064K [0x00000000d5580000, 0x00000000d7180000, 0x0000000100000000)
  eden space 22016K, 100% used [0x00000000d5580000,0x00000000d6b00000,0x00000000d6b00000)
  from space 2560K, 80% used [0x00000000d6c00000,0x00000000d6e00010,0x00000000d6e80000)
  to   space 2560K, 0% used [0x00000000d6f00000,0x00000000d6f00000,0x00000000d7180000)
 ParOldGen       total 68608K, used 16061K [0x0000000080000000, 0x0000000084300000, 0x00000000d5580000)
  object space 68608K, 23% used [0x0000000080000000,0x0000000080faf7e8,0x0000000084300000)
 Metaspace       used 31995K, committed 32896K, reserved 1114112K
  class space    used 3190K, committed 3584K, reserved 1048576K
}
Event: 4.976 GC heap after
{Heap after GC invocations=13 (full 1):
 PSYoungGen      total 23552K, used 2530K [0x00000000d5580000, 0x00000000d7500000, 0x0000000100000000)
  eden space 20992K, 0% used [0x00000000d5580000,0x00000000d5580000,0x00000000d6a00000)
  from space 2560K, 98% used [0x00000000d6f00000,0x00000000d7178860,0x00000000d7180000)
  to   space 5120K, 0% used [0x00000000d6a00000,0x00000000d6a00000,0x00000000d6f00000)
 ParOldGen       total 68608K, used 17973K [0x0000000080000000, 0x0000000084300000, 0x00000000d5580000)
  object space 68608K, 26% used [0x0000000080000000,0x000000008118d7e8,0x0000000084300000)
 Metaspace       used 31995K, committed 32896K, reserved 1114112K
  class space    used 3190K, committed 3584K, reserved 1048576K
}
Event: 5.020 GC heap before
{Heap before GC invocations=14 (full 1):
 PSYoungGen      total 23552K, used 23522K [0x00000000d5580000, 0x00000000d7500000, 0x0000000100000000)
  eden space 20992K, 100% used [0x00000000d5580000,0x00000000d6a00000,0x00000000d6a00000)
  from space 2560K, 98% used [0x00000000d6f00000,0x00000000d7178860,0x00000000d7180000)
  to   space 5120K, 0% used [0x00000000d6a00000,0x00000000d6a00000,0x00000000d6f00000)
 ParOldGen       total 68608K, used 17973K [0x0000000080000000, 0x0000000084300000, 0x00000000d5580000)
  object space 68608K, 26% used [0x0000000080000000,0x000000008118d7e8,0x0000000084300000)
 Metaspace       used 32083K, committed 33024K, reserved 1114112K
  class space    used 3200K, committed 3584K, reserved 1048576K
}
Event: 5.025 GC heap after
{Heap after GC invocations=14 (full 1):
 PSYoungGen      total 23552K, used 2112K [0x00000000d5580000, 0x00000000d7000000, 0x0000000100000000)
  eden space 20992K, 0% used [0x00000000d5580000,0x00000000d5580000,0x00000000d6a00000)
  from space 2560K, 82% used [0x00000000d6a00000,0x00000000d6c10000,0x00000000d6c80000)
  to   space 3072K, 0% used [0x00000000d6d00000,0x00000000d6d00000,0x00000000d7000000)
 ParOldGen       total 68608K, used 20380K [0x0000000080000000, 0x0000000084300000, 0x00000000d5580000)
  object space 68608K, 29% used [0x0000000080000000,0x00000000813e7378,0x0000000084300000)
 Metaspace       used 32083K, committed 33024K, reserved 1114112K
  class space    used 3200K, committed 3584K, reserved 1048576K
}
Event: 5.066 GC heap before
{Heap before GC invocations=15 (full 1):
 PSYoungGen      total 23552K, used 23104K [0x00000000d5580000, 0x00000000d7000000, 0x0000000100000000)
  eden space 20992K, 100% used [0x00000000d5580000,0x00000000d6a00000,0x00000000d6a00000)
  from space 2560K, 82% used [0x00000000d6a00000,0x00000000d6c10000,0x00000000d6c80000)
  to   space 3072K, 0% used [0x00000000d6d00000,0x00000000d6d00000,0x00000000d7000000)
 ParOldGen       total 68608K, used 20380K [0x0000000080000000, 0x0000000084300000, 0x00000000d5580000)
  object space 68608K, 29% used [0x0000000080000000,0x00000000813e7378,0x0000000084300000)
 Metaspace       used 32091K, committed 33024K, reserved 1114112K
  class space    used 3200K, committed 3584K, reserved 1048576K
}
Event: 5.070 GC heap after
{Heap after GC invocations=15 (full 1):
 PSYoungGen      total 23040K, used 2020K [0x00000000d5580000, 0x00000000d6f00000, 0x0000000100000000)
  eden space 20992K, 0% used [0x00000000d5580000,0x00000000d5580000,0x00000000d6a00000)
  from space 2048K, 98% used [0x00000000d6d00000,0x00000000d6ef9000,0x00000000d6f00000)
  to   space 2560K, 0% used [0x00000000d6a00000,0x00000000d6a00000,0x00000000d6c80000)
 ParOldGen       total 68608K, used 22360K [0x0000000080000000, 0x0000000084300000, 0x00000000d5580000)
  object space 68608K, 32% used [0x0000000080000000,0x00000000815d6088,0x0000000084300000)
 Metaspace       used 32091K, committed 33024K, reserved 1114112K
  class space    used 3200K, committed 3584K, reserved 1048576K
}
Event: 5.117 GC heap before
{Heap before GC invocations=16 (full 1):
 PSYoungGen      total 23040K, used 23012K [0x00000000d5580000, 0x00000000d6f00000, 0x0000000100000000)
  eden space 20992K, 100% used [0x00000000d5580000,0x00000000d6a00000,0x00000000d6a00000)
  from space 2048K, 98% used [0x00000000d6d00000,0x00000000d6ef9000,0x00000000d6f00000)
  to   space 2560K, 0% used [0x00000000d6a00000,0x00000000d6a00000,0x00000000d6c80000)
 ParOldGen       total 68608K, used 22360K [0x0000000080000000, 0x0000000084300000, 0x00000000d5580000)
  object space 68608K, 32% used [0x0000000080000000,0x00000000815d6088,0x0000000084300000)
 Metaspace       used 32127K, committed 33088K, reserved 1114112K
  class space    used 3201K, committed 3584K, reserved 1048576K
}
Event: 5.121 GC heap after
{Heap after GC invocations=16 (full 1):
 PSYoungGen      total 23552K, used 2176K [0x00000000d5580000, 0x00000000d6f00000, 0x0000000100000000)
  eden space 20992K, 0% used [0x00000000d5580000,0x00000000d5580000,0x00000000d6a00000)
  from space 2560K, 85% used [0x00000000d6a00000,0x00000000d6c20010,0x00000000d6c80000)
  to   space 2560K, 0% used [0x00000000d6c80000,0x00000000d6c80000,0x00000000d6f00000)
 ParOldGen       total 68608K, used 24194K [0x0000000080000000, 0x0000000084300000, 0x00000000d5580000)
  object space 68608K, 35% used [0x0000000080000000,0x00000000817a0bd8,0x0000000084300000)
 Metaspace       used 32127K, committed 33088K, reserved 1114112K
  class space    used 3201K, committed 3584K, reserved 1048576K
}
Event: 5.177 GC heap before
{Heap before GC invocations=17 (full 1):
 PSYoungGen      total 23552K, used 23168K [0x00000000d5580000, 0x00000000d6f00000, 0x0000000100000000)
  eden space 20992K, 100% used [0x00000000d5580000,0x00000000d6a00000,0x00000000d6a00000)
  from space 2560K, 85% used [0x00000000d6a00000,0x00000000d6c20010,0x00000000d6c80000)
  to   space 2560K, 0% used [0x00000000d6c80000,0x00000000d6c80000,0x00000000d6f00000)
 ParOldGen       total 68608K, used 24194K [0x0000000080000000, 0x0000000084300000, 0x00000000d5580000)
  object space 68608K, 35% used [0x0000000080000000,0x00000000817a0bd8,0x0000000084300000)
 Metaspace       used 32208K, committed 33152K, reserved 1114112K
  class space    used 3201K, committed 3584K, reserved 1048576K
}
Event: 5.181 GC heap after
{Heap after GC invocations=17 (full 1):
 PSYoungGen      total 23040K, used 1912K [0x00000000d5580000, 0x00000000d6e80000, 0x0000000100000000)
  eden space 20992K, 0% used [0x00000000d5580000,0x00000000d5580000,0x00000000d6a00000)
  from space 2048K, 93% used [0x00000000d6c80000,0x00000000d6e5e200,0x00000000d6e80000)
  to   space 2048K, 0% used [0x00000000d6a80000,0x00000000d6a80000,0x00000000d6c80000)
 ParOldGen       total 68608K, used 26258K [0x0000000080000000, 0x0000000084300000, 0x00000000d5580000)
  object space 68608K, 38% used [0x0000000080000000,0x00000000819a4be8,0x0000000084300000)
 Metaspace       used 32208K, committed 33152K, reserved 1114112K
  class space    used 3201K, committed 3584K, reserved 1048576K
}
Event: 5.342 GC heap before
{Heap before GC invocations=18 (full 1):
 PSYoungGen      total 23040K, used 22888K [0x00000000d5580000, 0x00000000d6e80000, 0x0000000100000000)
  eden space 20992K, 99% used [0x00000000d5580000,0x00000000d69fbe48,0x00000000d6a00000)
  from space 2048K, 93% used [0x00000000d6c80000,0x00000000d6e5e200,0x00000000d6e80000)
  to   space 2048K, 0% used [0x00000000d6a80000,0x00000000d6a80000,0x00000000d6c80000)
 ParOldGen       total 68608K, used 26258K [0x0000000080000000, 0x0000000084300000, 0x00000000d5580000)
  object space 68608K, 38% used [0x0000000080000000,0x00000000819a4be8,0x0000000084300000)
 Metaspace       used 33389K, committed 34368K, reserved 1114112K
  class space    used 3349K, committed 3776K, reserved 1048576K
}
Event: 5.346 GC heap after
{Heap after GC invocations=18 (full 1):
 PSYoungGen      total 22528K, used 1478K [0x00000000d5580000, 0x00000000d6e00000, 0x0000000100000000)
  eden space 20992K, 0% used [0x00000000d5580000,0x00000000d5580000,0x00000000d6a00000)
  from space 1536K, 96% used [0x00000000d6a80000,0x00000000d6bf1998,0x00000000d6c00000)
  to   space 2048K, 0% used [0x00000000d6c00000,0x00000000d6c00000,0x00000000d6e00000)
 ParOldGen       total 68608K, used 28059K [0x0000000080000000, 0x0000000084300000, 0x00000000d5580000)
  object space 68608K, 40% used [0x0000000080000000,0x0000000081b66de8,0x0000000084300000)
 Metaspace       used 33389K, committed 34368K, reserved 1114112K
  class space    used 3349K, committed 3776K, reserved 1048576K
}

Dll operation events (10 events):
Event: 0.015 Loaded shared library c:\Users\Salah eddine bitti\.vscode\extensions\redhat.java-1.43.1-win32-x64\jre\21.0.7-win32-x86_64\bin\java.dll
Event: 0.080 Loaded shared library c:\Users\Salah eddine bitti\.vscode\extensions\redhat.java-1.43.1-win32-x64\jre\21.0.7-win32-x86_64\bin\zip.dll
Event: 0.104 Loaded shared library C:\Users\Salah eddine bitti\.vscode\extensions\redhat.java-1.43.1-win32-x64\jre\21.0.7-win32-x86_64\bin\instrument.dll
Event: 0.110 Loaded shared library C:\Users\Salah eddine bitti\.vscode\extensions\redhat.java-1.43.1-win32-x64\jre\21.0.7-win32-x86_64\bin\net.dll
Event: 0.112 Loaded shared library C:\Users\Salah eddine bitti\.vscode\extensions\redhat.java-1.43.1-win32-x64\jre\21.0.7-win32-x86_64\bin\nio.dll
Event: 0.114 Loaded shared library C:\Users\Salah eddine bitti\.vscode\extensions\redhat.java-1.43.1-win32-x64\jre\21.0.7-win32-x86_64\bin\zip.dll
Event: 0.134 Loaded shared library C:\Users\Salah eddine bitti\.vscode\extensions\redhat.java-1.43.1-win32-x64\jre\21.0.7-win32-x86_64\bin\jimage.dll
Event: 0.241 Loaded shared library c:\Users\Salah eddine bitti\.vscode\extensions\redhat.java-1.43.1-win32-x64\jre\21.0.7-win32-x86_64\bin\verify.dll
Event: 1.617 Loaded shared library C:\Users\Salah eddine bitti\AppData\Roaming\Code\User\globalStorage\redhat.java\1.43.1\config_ss_win\org.eclipse.equinox.launcher\org.eclipse.equinox.launcher.win32.win32.x86_64_1.2.1300.v20250331-1702\eclipse_11911.dll
Event: 2.679 Loaded shared library C:\Users\Salah eddine bitti\AppData\Local\Temp\jna-1086784984\jna6046302912198157532.dll

Deoptimization events (20 events):
Event: 5.258 Thread 0x000002125fc0b5f0 DEOPT PACKING pc=0x00000212039bad26 sp=0x000000675b6fe0a0
Event: 5.258 Thread 0x000002125fc0b5f0 DEOPT UNPACKING pc=0x000002120a6b78e2 sp=0x000000675b6fd590 mode 0
Event: 5.260 Thread 0x000002125fc07450 DEOPT PACKING pc=0x00000212039bad26 sp=0x000000675b7fdf30
Event: 5.260 Thread 0x000002125fc07450 DEOPT UNPACKING pc=0x000002120a6b78e2 sp=0x000000675b7fd420 mode 0
Event: 5.261 Thread 0x000002125fc07450 DEOPT PACKING pc=0x00000212039bad26 sp=0x000000675b7fdf30
Event: 5.261 Thread 0x000002125fc07450 DEOPT UNPACKING pc=0x000002120a6b78e2 sp=0x000000675b7fd420 mode 0
Event: 5.262 Thread 0x000002125fc0b5f0 DEOPT PACKING pc=0x00000212039bad26 sp=0x000000675b6fe0a0
Event: 5.262 Thread 0x000002125fc0b5f0 DEOPT UNPACKING pc=0x000002120a6b78e2 sp=0x000000675b6fd590 mode 0
Event: 5.262 Thread 0x000002125fc0b5f0 DEOPT PACKING pc=0x00000212039bad26 sp=0x000000675b6fe0a0
Event: 5.262 Thread 0x000002125fc0b5f0 DEOPT UNPACKING pc=0x000002120a6b78e2 sp=0x000000675b6fd590 mode 0
Event: 5.396 Thread 0x000002125fc0a240 Uncommon trap: trap_request=0xffffffc6 fr.pc=0x000002120ae21348 relative=0x0000000000001248
Event: 5.396 Thread 0x000002125fc0a240 Uncommon trap: reason=bimorphic_or_optimized_type_check action=maybe_recompile pc=0x000002120ae21348 method=java.util.Properties$LineReader.readLine()I @ 479 c2
Event: 5.396 Thread 0x000002125fc0a240 DEOPT PACKING pc=0x000002120ae21348 sp=0x000000675b5fd720
Event: 5.396 Thread 0x000002125fc0a240 DEOPT UNPACKING pc=0x000002120a6b6da2 sp=0x000000675b5fd6b8 mode 2
Event: 5.413 Thread 0x000002125fc0a240 DEOPT PACKING pc=0x00000212031d3df8 sp=0x000000675b5fc6a0
Event: 5.413 Thread 0x000002125fc0a240 DEOPT UNPACKING pc=0x000002120a6b78e2 sp=0x000000675b5fbb88 mode 0
Event: 5.478 Thread 0x000002125fc0b5f0 Uncommon trap: trap_request=0xffffff45 fr.pc=0x000002120ae21038 relative=0x0000000000000f38
Event: 5.478 Thread 0x000002125fc0b5f0 Uncommon trap: reason=unstable_if action=reinterpret pc=0x000002120ae21038 method=java.util.Properties$LineReader.readLine()I @ 182 c2
Event: 5.478 Thread 0x000002125fc0b5f0 DEOPT PACKING pc=0x000002120ae21038 sp=0x000000675b6fccc0
Event: 5.478 Thread 0x000002125fc0b5f0 DEOPT UNPACKING pc=0x000002120a6b6da2 sp=0x000000675b6fcc60 mode 2

Classes loaded (20 events):
Event: 4.798 Loading class java/lang/invoke/MethodHandleImpl$Makers$2
Event: 4.798 Loading class java/lang/invoke/MethodHandleImpl$Makers$2 done
Event: 4.798 Loading class java/lang/invoke/MethodHandleImpl$Makers$3
Event: 4.798 Loading class java/lang/invoke/MethodHandleImpl$Makers$3 done
Event: 4.802 Loading class java/lang/runtime/ObjectMethods$1
Event: 4.802 Loading class java/lang/runtime/ObjectMethods$1 done
Event: 4.915 Loading class java/lang/invoke/MethodHandleImpl$CountingWrapper
Event: 4.915 Loading class java/lang/invoke/MethodHandleImpl$CountingWrapper done
Event: 4.927 Loading class java/util/AbstractList$ListItr
Event: 4.928 Loading class java/util/AbstractList$ListItr done
Event: 4.938 Loading class java/nio/channels/Channels$ReadableByteChannelImpl
Event: 4.938 Loading class java/nio/channels/Channels$ReadableByteChannelImpl done
Event: 4.939 Loading class java/nio/channels/NonWritableChannelException
Event: 4.939 Loading class java/nio/channels/NonWritableChannelException done
Event: 5.090 Loading class java/lang/invoke/MethodHandleImpl$CountingWrapper$1
Event: 5.090 Loading class java/lang/invoke/MethodHandleImpl$CountingWrapper$1 done
Event: 5.266 Loading class java/lang/ExceptionInInitializerError
Event: 5.267 Loading class java/lang/ExceptionInInitializerError done
Event: 5.423 Loading class sun/misc/Unsafe
Event: 5.424 Loading class sun/misc/Unsafe done

Classes unloaded (7 events):
Event: 3.482 Thread 0x00000212162f2d50 Unloading class 0x0000021218184800 'java/lang/invoke/LambdaForm$MH+0x0000021218184800'
Event: 3.482 Thread 0x00000212162f2d50 Unloading class 0x0000021218184400 'java/lang/invoke/LambdaForm$MH+0x0000021218184400'
Event: 3.482 Thread 0x00000212162f2d50 Unloading class 0x0000021218184000 'java/lang/invoke/LambdaForm$MH+0x0000021218184000'
Event: 3.482 Thread 0x00000212162f2d50 Unloading class 0x0000021218183c00 'java/lang/invoke/LambdaForm$MH+0x0000021218183c00'
Event: 3.482 Thread 0x00000212162f2d50 Unloading class 0x0000021218183800 'java/lang/invoke/LambdaForm$BMH+0x0000021218183800'
Event: 3.482 Thread 0x00000212162f2d50 Unloading class 0x0000021218183400 'java/lang/invoke/LambdaForm$DMH+0x0000021218183400'
Event: 3.482 Thread 0x00000212162f2d50 Unloading class 0x0000021218182000 'java/lang/invoke/LambdaForm$DMH+0x0000021218182000'

Classes redefined (0 events):
No events

Internal exceptions (20 events):
Event: 4.797 Thread 0x000002125fc0a240 Exception <a 'java/lang/NoSuchMethodError'{0x00000000d64f7108}: 'java.lang.Object java.lang.invoke.Invokers$Holder.invoke_MT(java.lang.Object, java.lang.Object, java.lang.Object, java.lang.Object, java.lang.Object, java.lang.Object, java.lang.Object, java.lang.Object, java.lang.Object, java.lang.Object)'> (0x00000000d64f7108) 
thrown [s\src\hotspot\share\interpreter\linkResolver.cpp, line 773]
Event: 4.803 Thread 0x000002125fc0a240 Exception <a 'java/lang/NoSuchMethodError'{0x00000000d6627730}: 'int java.lang.invoke.DirectMethodHandle$Holder.invokeVirtual(java.lang.Object, java.lang.Object, java.lang.Object)'> (0x00000000d6627730) 
thrown [s\src\hotspot\share\interpreter\linkResolver.cpp, line 773]
Event: 4.803 Thread 0x000002125fc0a240 Exception <a 'java/lang/NoSuchMethodError'{0x00000000d662bad8}: 'int java.lang.invoke.DirectMethodHandle$Holder.invokeStaticInit(java.lang.Object, int, int)'> (0x00000000d662bad8) 
thrown [s\src\hotspot\share\interpreter\linkResolver.cpp, line 773]
Event: 4.804 Thread 0x000002125fc0a240 Exception <a 'java/lang/NoSuchMethodError'{0x00000000d66332b0}: 'int java.lang.invoke.DirectMethodHandle$Holder.invokeStaticInit(java.lang.Object, long, long)'> (0x00000000d66332b0) 
thrown [s\src\hotspot\share\interpreter\linkResolver.cpp, line 773]
Event: 4.805 Thread 0x000002125fc0a240 Exception <a 'java/lang/NoSuchMethodError'{0x00000000d663a318}: 'int java.lang.invoke.DirectMethodHandle$Holder.invokeStaticInit(java.lang.Object, float, float)'> (0x00000000d663a318) 
thrown [s\src\hotspot\share\interpreter\linkResolver.cpp, line 773]
Event: 4.805 Thread 0x000002125fc0a240 Exception <a 'java/lang/NoSuchMethodError'{0x00000000d6641058}: 'int java.lang.invoke.DirectMethodHandle$Holder.invokeStaticInit(java.lang.Object, double, double)'> (0x00000000d6641058) 
thrown [s\src\hotspot\share\interpreter\linkResolver.cpp, line 773]
Event: 4.806 Thread 0x000002125fc0a240 Exception <a 'java/lang/NoSuchMethodError'{0x00000000d66458a8}: 'int java.lang.invoke.DirectMethodHandle$Holder.invokeStatic(java.lang.Object, long)'> (0x00000000d66458a8) 
thrown [s\src\hotspot\share\interpreter\linkResolver.cpp, line 773]
Event: 4.808 Thread 0x000002125fc0a240 Exception <a 'java/lang/NoSuchMethodError'{0x00000000d66647d8}: 'int java.lang.invoke.Invokers$Holder.linkToTargetMethod(java.lang.Object, java.lang.Object)'> (0x00000000d66647d8) 
thrown [s\src\hotspot\share\interpreter\linkResolver.cpp, line 773]
Event: 4.808 Thread 0x000002125fc0b5f0 Exception <a 'java/lang/NoSuchMethodError'{0x00000000d667d530}: 'int java.lang.invoke.Invokers$Holder.linkToTargetMethod(java.lang.Object, java.lang.Object)'> (0x00000000d667d530) 
thrown [s\src\hotspot\share\interpreter\linkResolver.cpp, line 773]
Event: 4.808 Thread 0x000002125fc07450 Exception <a 'java/lang/NoSuchMethodError'{0x00000000d6683ad8}: 'int java.lang.invoke.Invokers$Holder.linkToTargetMethod(java.lang.Object, java.lang.Object)'> (0x00000000d6683ad8) 
thrown [s\src\hotspot\share\interpreter\linkResolver.cpp, line 773]
Event: 4.913 Thread 0x000002125fc0b5f0 Exception <a 'java/lang/NoSuchMethodError'{0x00000000d5b9d3c8}: 'int java.lang.invoke.DirectMethodHandle$Holder.invokeSpecial(java.lang.Object, java.lang.Object, java.lang.Object, java.lang.Object)'> (0x00000000d5b9d3c8) 
thrown [s\src\hotspot\share\interpreter\linkResolver.cpp, line 773]
Event: 4.913 Thread 0x000002125fc07450 Exception <a 'java/lang/NoSuchMethodError'{0x00000000d5b82b70}: 'int java.lang.invoke.DirectMethodHandle$Holder.invokeSpecial(java.lang.Object, java.lang.Object, java.lang.Object, java.lang.Object)'> (0x00000000d5b82b70) 
thrown [s\src\hotspot\share\interpreter\linkResolver.cpp, line 773]
Event: 4.914 Thread 0x000002125fc0b5f0 Exception <a 'java/lang/NoSuchMethodError'{0x00000000d5be8a60}: 'java.lang.Object java.lang.invoke.DirectMethodHandle$Holder.invokeStatic(java.lang.Object, int, java.lang.Object, java.lang.Object)'> (0x00000000d5be8a60) 
thrown [s\src\hotspot\share\interpreter\linkResolver.cpp, line 773]
Event: 4.914 Thread 0x000002125fc07450 Exception <a 'java/lang/NoSuchMethodError'{0x00000000d5b90418}: 'java.lang.Object java.lang.invoke.DirectMethodHandle$Holder.invokeStatic(java.lang.Object, int, java.lang.Object, java.lang.Object)'> (0x00000000d5b90418) 
thrown [s\src\hotspot\share\interpreter\linkResolver.cpp, line 773]
Event: 4.915 Thread 0x000002125fc07450 Exception <a 'java/lang/NoSuchMethodError'{0x00000000d5b93a10}: 'java.lang.Object java.lang.invoke.DelegatingMethodHandle$Holder.delegate(java.lang.Object, int, java.lang.Object, java.lang.Object)'> (0x00000000d5b93a10) 
thrown [s\src\hotspot\share\interpreter\linkResolver.cpp, line 773]
Event: 4.915 Thread 0x000002125fc0b5f0 Exception <a 'java/lang/NoSuchMethodError'{0x00000000d5bec510}: 'java.lang.Object java.lang.invoke.DelegatingMethodHandle$Holder.delegate(java.lang.Object, int, java.lang.Object, java.lang.Object)'> (0x00000000d5bec510) 
thrown [s\src\hotspot\share\interpreter\linkResolver.cpp, line 773]
Event: 4.916 Thread 0x000002125fc07450 Implicit null exception at 0x000002120ada5ce4 to 0x000002120ada5fb8
Event: 4.916 Thread 0x000002125fc0b5f0 Implicit null exception at 0x000002120ada5ce4 to 0x000002120ada5fb8
Event: 4.918 Thread 0x000002125fc0b5f0 Exception <a 'java/lang/NoSuchMethodError'{0x00000000d5c1b5a8}: 'int java.lang.invoke.Invokers$Holder.linkToTargetMethod(java.lang.Object, java.lang.Object, java.lang.Object)'> (0x00000000d5c1b5a8) 
thrown [s\src\hotspot\share\interpreter\linkResolver.cpp, line 773]
Event: 4.919 Thread 0x000002125fc07450 Exception <a 'java/lang/NoSuchMethodError'{0x00000000d5c02030}: 'int java.lang.invoke.Invokers$Holder.linkToTargetMethod(java.lang.Object, java.lang.Object, java.lang.Object)'> (0x00000000d5c02030) 
thrown [s\src\hotspot\share\interpreter\linkResolver.cpp, line 773]

ZGC Phase Switch (0 events):
No events

VM Operations (20 events):
Event: 4.722 Executing VM operation: HandshakeAllThreads (Deoptimize)
Event: 4.722 Executing VM operation: HandshakeAllThreads (Deoptimize) done
Event: 4.828 Executing VM operation: ParallelGCFailedAllocation (Allocation Failure)
Event: 4.833 Executing VM operation: ParallelGCFailedAllocation (Allocation Failure) done
Event: 4.880 Executing VM operation: ParallelGCFailedAllocation (Allocation Failure)
Event: 4.884 Executing VM operation: ParallelGCFailedAllocation (Allocation Failure) done
Event: 4.973 Executing VM operation: ParallelGCFailedAllocation (Allocation Failure)
Event: 4.976 Executing VM operation: ParallelGCFailedAllocation (Allocation Failure) done
Event: 5.020 Executing VM operation: ParallelGCFailedAllocation (Allocation Failure)
Event: 5.025 Executing VM operation: ParallelGCFailedAllocation (Allocation Failure) done
Event: 5.066 Executing VM operation: ParallelGCFailedAllocation (Allocation Failure)
Event: 5.070 Executing VM operation: ParallelGCFailedAllocation (Allocation Failure) done
Event: 5.117 Executing VM operation: ParallelGCFailedAllocation (Allocation Failure)
Event: 5.121 Executing VM operation: ParallelGCFailedAllocation (Allocation Failure) done
Event: 5.177 Executing VM operation: ParallelGCFailedAllocation (Allocation Failure)
Event: 5.181 Executing VM operation: ParallelGCFailedAllocation (Allocation Failure) done
Event: 5.342 Executing VM operation: ParallelGCFailedAllocation (Allocation Failure)
Event: 5.346 Executing VM operation: ParallelGCFailedAllocation (Allocation Failure) done
Event: 5.454 Executing VM operation: HandshakeAllThreads (Deoptimize)
Event: 5.454 Executing VM operation: HandshakeAllThreads (Deoptimize) done

Memory protections (0 events):
No events

Nmethod flushes (0 events):
No events

Events (20 events):
Event: 2.717 Thread 0x000002125d94a8f0 Thread added: 0x000002125e0e7eb0
Event: 2.763 Thread 0x000002125d94a8f0 Thread added: 0x000002125df22ea0
Event: 2.781 Thread 0x000002125d94a8f0 Thread added: 0x000002125df34340
Event: 3.768 Thread 0x000002125d94a8f0 Thread added: 0x000002125df349d0
Event: 3.850 Thread 0x000002125df349d0 Thread exited: 0x000002125df349d0
Event: 4.164 Thread 0x000002127f393d10 Thread added: 0x000002125df35060
Event: 4.164 Thread 0x000002127f393d10 Thread added: 0x000002125df36410
Event: 4.164 Thread 0x000002127f393d10 Thread added: 0x000002125df356f0
Event: 4.164 Thread 0x000002127f393d10 Thread added: 0x000002125df33cb0
Event: 4.164 Thread 0x000002127f393d10 Thread added: 0x000002125df36aa0
Event: 4.164 Thread 0x000002127f393d10 Thread added: 0x000002125df349d0
Event: 4.165 Thread 0x000002127f393d10 Thread added: 0x000002125df35d80
Event: 4.165 Thread 0x000002127f393d10 Thread added: 0x000002125df33620
Event: 4.165 Thread 0x000002127f393d10 Thread added: 0x000002125fc0bc80
Event: 4.190 Thread 0x000002127f393d10 Thread added: 0x000002125fc0af60
Event: 4.332 Thread 0x000002125df34340 Thread added: 0x000002125fc06dc0
Event: 4.416 Thread 0x000002127f393d10 Thread added: 0x000002125fc0a8d0
Event: 4.416 Thread 0x000002127f393d10 Thread added: 0x000002125fc0a240
Event: 4.631 Thread 0x000002125fc0a240 Thread added: 0x000002125fc0b5f0
Event: 4.633 Thread 0x000002125fc0a240 Thread added: 0x000002125fc07450


Dynamic libraries:
0x00007ff6a0cd0000 - 0x00007ff6a0cde000 	c:\Users\Salah eddine bitti\.vscode\extensions\redhat.java-1.43.1-win32-x64\jre\21.0.7-win32-x86_64\bin\java.exe
0x00007fffe9650000 - 0x00007fffe9867000 	C:\WINDOWS\SYSTEM32\ntdll.dll
0x00007fffe8b10000 - 0x00007fffe8bd4000 	C:\WINDOWS\System32\KERNEL32.DLL
0x00007fffe6860000 - 0x00007fffe6c32000 	C:\WINDOWS\System32\KERNELBASE.dll
0x00007fffe6740000 - 0x00007fffe6851000 	C:\WINDOWS\System32\ucrtbase.dll
0x00007fffdc230000 - 0x00007fffdc248000 	c:\Users\Salah eddine bitti\.vscode\extensions\redhat.java-1.43.1-win32-x64\jre\21.0.7-win32-x86_64\bin\jli.dll
0x00007fffdc600000 - 0x00007fffdc61e000 	c:\Users\Salah eddine bitti\.vscode\extensions\redhat.java-1.43.1-win32-x64\jre\21.0.7-win32-x86_64\bin\VCRUNTIME140.dll
0x00007fffe8c10000 - 0x00007fffe8dc1000 	C:\WINDOWS\System32\USER32.dll
0x00007fffe70a0000 - 0x00007fffe70c6000 	C:\WINDOWS\System32\win32u.dll
0x00007fffc96b0000 - 0x00007fffc994b000 	C:\WINDOWS\WinSxS\amd64_microsoft.windows.common-controls_6595b64144ccf1df_6.0.22621.5547_none_27104afb73855772\COMCTL32.dll
0x00007fffe8be0000 - 0x00007fffe8c09000 	C:\WINDOWS\System32\GDI32.dll
0x00007fffe8dd0000 - 0x00007fffe8e77000 	C:\WINDOWS\System32\msvcrt.dll
0x00007fffe6d80000 - 0x00007fffe6ea3000 	C:\WINDOWS\System32\gdi32full.dll
0x00007fffe7190000 - 0x00007fffe722a000 	C:\WINDOWS\System32\msvcp_win.dll
0x00007fffe7ac0000 - 0x00007fffe7af1000 	C:\WINDOWS\System32\IMM32.DLL
0x00007fffdb6d0000 - 0x00007fffdb6dc000 	c:\Users\Salah eddine bitti\.vscode\extensions\redhat.java-1.43.1-win32-x64\jre\21.0.7-win32-x86_64\bin\vcruntime140_1.dll
0x00007fff9ea70000 - 0x00007fff9eafd000 	c:\Users\Salah eddine bitti\.vscode\extensions\redhat.java-1.43.1-win32-x64\jre\21.0.7-win32-x86_64\bin\msvcp140.dll
0x00007fff543e0000 - 0x00007fff55170000 	c:\Users\Salah eddine bitti\.vscode\extensions\redhat.java-1.43.1-win32-x64\jre\21.0.7-win32-x86_64\bin\server\jvm.dll
0x00007fffe77d0000 - 0x00007fffe7881000 	C:\WINDOWS\System32\ADVAPI32.dll
0x00007fffe7b00000 - 0x00007fffe7ba8000 	C:\WINDOWS\System32\sechost.dll
0x00007fffe72b0000 - 0x00007fffe72d8000 	C:\WINDOWS\System32\bcrypt.dll
0x00007fffe78e0000 - 0x00007fffe79f4000 	C:\WINDOWS\System32\RPCRT4.dll
0x00007fffe9440000 - 0x00007fffe94b1000 	C:\WINDOWS\System32\WS2_32.dll
0x00007fffe5fe0000 - 0x00007fffe602d000 	C:\WINDOWS\SYSTEM32\POWRPROF.dll
0x00007fffdc550000 - 0x00007fffdc584000 	C:\WINDOWS\SYSTEM32\WINMM.dll
0x00007fffde5b0000 - 0x00007fffde5ba000 	C:\WINDOWS\SYSTEM32\VERSION.dll
0x00007fffe5fc0000 - 0x00007fffe5fd3000 	C:\WINDOWS\SYSTEM32\UMPDC.dll
0x00007fffe5730000 - 0x00007fffe5748000 	C:\WINDOWS\SYSTEM32\kernel.appcore.dll
0x00007fffd9590000 - 0x00007fffd959a000 	c:\Users\Salah eddine bitti\.vscode\extensions\redhat.java-1.43.1-win32-x64\jre\21.0.7-win32-x86_64\bin\jimage.dll
0x00007fffe4170000 - 0x00007fffe43a3000 	C:\WINDOWS\SYSTEM32\DBGHELP.DLL
0x00007fffe8ef0000 - 0x00007fffe9283000 	C:\WINDOWS\System32\combase.dll
0x00007fffe9530000 - 0x00007fffe9607000 	C:\WINDOWS\System32\OLEAUT32.dll
0x00007fffc15b0000 - 0x00007fffc15e2000 	C:\WINDOWS\SYSTEM32\dbgcore.DLL
0x00007fffe7230000 - 0x00007fffe72ab000 	C:\WINDOWS\System32\bcryptPrimitives.dll
0x00007fffd9580000 - 0x00007fffd958f000 	c:\Users\Salah eddine bitti\.vscode\extensions\redhat.java-1.43.1-win32-x64\jre\21.0.7-win32-x86_64\bin\instrument.dll
0x00007fffd6190000 - 0x00007fffd61af000 	c:\Users\Salah eddine bitti\.vscode\extensions\redhat.java-1.43.1-win32-x64\jre\21.0.7-win32-x86_64\bin\java.dll
0x00007fffe7bc0000 - 0x00007fffe8462000 	C:\WINDOWS\System32\SHELL32.dll
0x00007fffe6c40000 - 0x00007fffe6d7f000 	C:\WINDOWS\System32\wintypes.dll
0x00007fffe4620000 - 0x00007fffe4f3d000 	C:\WINDOWS\SYSTEM32\windows.storage.dll
0x00007fffe9290000 - 0x00007fffe939c000 	C:\WINDOWS\System32\SHCORE.dll
0x00007fffe8e80000 - 0x00007fffe8ee9000 	C:\WINDOWS\System32\shlwapi.dll
0x00007fffe6670000 - 0x00007fffe669b000 	C:\WINDOWS\SYSTEM32\profapi.dll
0x00007fffd2360000 - 0x00007fffd2378000 	c:\Users\Salah eddine bitti\.vscode\extensions\redhat.java-1.43.1-win32-x64\jre\21.0.7-win32-x86_64\bin\zip.dll
0x00007fffd2130000 - 0x00007fffd2140000 	C:\Users\Salah eddine bitti\.vscode\extensions\redhat.java-1.43.1-win32-x64\jre\21.0.7-win32-x86_64\bin\net.dll
0x00007fffdf520000 - 0x00007fffdf64c000 	C:\WINDOWS\SYSTEM32\WINHTTP.dll
0x00007fffe5bb0000 - 0x00007fffe5c19000 	C:\WINDOWS\system32\mswsock.dll
0x00007fffd1b60000 - 0x00007fffd1b76000 	C:\Users\Salah eddine bitti\.vscode\extensions\redhat.java-1.43.1-win32-x64\jre\21.0.7-win32-x86_64\bin\nio.dll
0x00007fffd2120000 - 0x00007fffd2130000 	c:\Users\Salah eddine bitti\.vscode\extensions\redhat.java-1.43.1-win32-x64\jre\21.0.7-win32-x86_64\bin\verify.dll
0x00007fffaffc0000 - 0x00007fffb0005000 	C:\Users\Salah eddine bitti\AppData\Roaming\Code\User\globalStorage\redhat.java\1.43.1\config_ss_win\org.eclipse.equinox.launcher\org.eclipse.equinox.launcher.win32.win32.x86_64_1.2.1300.v20250331-1702\eclipse_11911.dll
0x00007fffe72f0000 - 0x00007fffe7490000 	C:\WINDOWS\System32\ole32.dll
0x00007fffe5de0000 - 0x00007fffe5dfb000 	C:\WINDOWS\SYSTEM32\CRYPTSP.dll
0x00007fffe5690000 - 0x00007fffe56c7000 	C:\WINDOWS\system32\rsaenh.dll
0x00007fffe5c50000 - 0x00007fffe5c78000 	C:\WINDOWS\SYSTEM32\USERENV.dll
0x00007fffe5dd0000 - 0x00007fffe5ddc000 	C:\WINDOWS\SYSTEM32\CRYPTBASE.dll
0x00007fffe51a0000 - 0x00007fffe51cd000 	C:\WINDOWS\SYSTEM32\IPHLPAPI.DLL
0x00007fffe7bb0000 - 0x00007fffe7bb9000 	C:\WINDOWS\System32\NSI.dll
0x00007fffc8940000 - 0x00007fffc8989000 	C:\Users\Salah eddine bitti\AppData\Local\Temp\jna-1086784984\jna6046302912198157532.dll
0x00007fffe7ab0000 - 0x00007fffe7ab8000 	C:\WINDOWS\System32\PSAPI.DLL
0x00007fffdcbe0000 - 0x00007fffdcbf9000 	C:\WINDOWS\SYSTEM32\dhcpcsvc6.DLL
0x00007fffdc780000 - 0x00007fffdc79f000 	C:\WINDOWS\SYSTEM32\dhcpcsvc.DLL

dbghelp: loaded successfully - version: 4.0.5 - missing functions: none
symbol engine: initialized successfully - sym options: 0x614 - pdb path: .;c:\Users\Salah eddine bitti\.vscode\extensions\redhat.java-1.43.1-win32-x64\jre\21.0.7-win32-x86_64\bin;C:\WINDOWS\SYSTEM32;C:\WINDOWS\WinSxS\amd64_microsoft.windows.common-controls_6595b64144ccf1df_6.0.22621.5547_none_27104afb73855772;c:\Users\Salah eddine bitti\.vscode\extensions\redhat.java-1.43.1-win32-x64\jre\21.0.7-win32-x86_64\bin\server;C:\Users\Salah eddine bitti\AppData\Roaming\Code\User\globalStorage\redhat.java\1.43.1\config_ss_win\org.eclipse.equinox.launcher\org.eclipse.equinox.launcher.win32.win32.x86_64_1.2.1300.v20250331-1702;C:\Users\Salah eddine bitti\AppData\Local\Temp\jna-1086784984

VM Arguments:
jvm_args: --add-modules=ALL-SYSTEM --add-opens=java.base/java.util=ALL-UNNAMED --add-opens=java.base/java.lang=ALL-UNNAMED --add-opens=java.base/sun.nio.fs=ALL-UNNAMED -Declipse.application=org.eclipse.jdt.ls.core.id1 -Dosgi.bundles.defaultStartLevel=4 -Declipse.product=org.eclipse.jdt.ls.core.product -Djava.import.generatesMetadataFilesAtProjectRoot=false -DDetectVMInstallationsJob.disabled=true -Dfile.encoding=utf8 -XX:+UseParallelGC -XX:GCTimeRatio=4 -XX:AdaptiveSizePolicyWeight=90 -Dsun.zip.disableMemoryMapping=true -Xmx2G -Xms100m -Xlog:disable -javaagent:c:\Users\Salah eddine bitti\.vscode\extensions\redhat.java-1.43.1-win32-x64\lombok\lombok-1.18.39-4050.jar 
java_command: c:\Users\Salah eddine bitti\.vscode\extensions\redhat.java-1.43.1-win32-x64\server\plugins\org.eclipse.equinox.launcher_1.7.0.v20250519-0528.jar -configuration c:\Users\Salah eddine bitti\AppData\Roaming\Code\User\globalStorage\redhat.java\1.43.1\config_ss_win -data c:\Users\Salah eddine bitti\AppData\Roaming\Code\User\workspaceStorage\86298339464e7d9bd6535f9d51b3350d\redhat.java\ss_ws --pipe=\\.\pipe\lsp-8e945a7e13fdc817756f786cec265ba6-sock
java_class_path (initial): c:\Users\Salah eddine bitti\.vscode\extensions\redhat.java-1.43.1-win32-x64\server\plugins\org.eclipse.equinox.launcher_1.7.0.v20250519-0528.jar
Launcher Type: SUN_STANDARD

[Global flags]
    uintx AdaptiveSizePolicyWeight                 = 90                                        {product} {command line}
     intx CICompilerCount                          = 4                                         {product} {ergonomic}
    uintx GCTimeRatio                              = 4                                         {product} {command line}
   size_t InitialHeapSize                          = 104857600                                 {product} {command line}
   size_t MaxHeapSize                              = 2147483648                                {product} {command line}
   size_t MaxNewSize                               = 715653120                                 {product} {ergonomic}
   size_t MinHeapDeltaBytes                        = 524288                                    {product} {ergonomic}
   size_t MinHeapSize                              = 104857600                                 {product} {command line}
   size_t NewSize                                  = 34603008                                  {product} {ergonomic}
    uintx NonNMethodCodeHeapSize                   = 5839372                                {pd product} {ergonomic}
    uintx NonProfiledCodeHeapSize                  = 122909434                              {pd product} {ergonomic}
   size_t OldSize                                  = 70254592                                  {product} {ergonomic}
    uintx ProfiledCodeHeapSize                     = 122909434                              {pd product} {ergonomic}
    uintx ReservedCodeCacheSize                    = 251658240                              {pd product} {ergonomic}
     bool SegmentedCodeCache                       = true                                      {product} {ergonomic}
   size_t SoftMaxHeapSize                          = 2147483648                             {manageable} {ergonomic}
     bool UseCompressedOops                        = true                           {product lp64_product} {ergonomic}
     bool UseLargePagesIndividualAllocation        = false                                  {pd product} {ergonomic}
     bool UseParallelGC                            = true                                      {product} {command line}

Logging:
Log output configuration:
 #0: stdout all=off uptime,level,tags foldmultilines=false
 #1: stderr all=off uptime,level,tags foldmultilines=false

Environment Variables:
JAVA_HOME=D:\bin\jdk-21
PATH=D:\bin;C:\Program Files\ImageMagick-7.1.1-Q16-HDRI;C:\Python310\Scripts\;C:\Python310\;C:\Program Files (x86)\Common Files\Intel\Shared Libraries\redist\intel64_win\compiler;C:\windows\system32;C:\windows;C:\windows\System32\Wbem;C:\windows\System32\WindowsPowerShell\v1.0\;C:\windows\System32\OpenSSH\;C:\Program Files (x86)\NVIDIA Corporation\PhysX\Common;C:\WINDOWS\system32;C:\WINDOWS;C:\WINDOWS\System32\Wbem;C:\WINDOWS\System32\WindowsPowerShell\v1.0\;C:\WINDOWS\System32\OpenSSH\;C:\Users\Salah eddine bitti\AppData\Local\Microsoft\WindowsApps;C:\Users\Salah eddine bitti\AppData\Local\Programs\Python\Python311\Scripts;C:\Users\Salah eddine bitti\AppData\Local\Programs\Python\Python311;C:\wamp64\bin\php\php7.4.33;C:\composer;C:\xampp\php;C:\Program Files\NVIDIA Corporation\NVIDIA app\NvDLISR;C:\ProgramData\chocolatey\bin;D:\Git\cmd;D:\programmes\;C:\Users\Salah eddine bitti\AppData\Local\Microsoft\WindowsApps;C:\Users\Salah eddine bitti\AppData\Local\gitkraken\bin;C:\Users\Salah eddine bitti\AppData\Local\Programs\Microsoft VS Code\bin;C:\Users\Salah eddine bitti\AppData\Local\Microsoft\WindowsApps;C:\Users\Salah eddine bitti\AppData\Roaming\Microsoft\Windows\Start Menu\Programs\Python 3.11;C:\Users\Salah eddine bitti\AppData\Roaming\Microsoft\Windows\Start Menu\Programs\Python 3.11\scripts\;C:\ffmpeg\bin;C:\Users\Salah eddine bitti\AppData\Local\Microsoft\WinGet\Links;C:\Users\Salah eddine bitti\AppData\Roaming\Composer\vendor\bin;C:\xampp\php;C:\Program Files\Git;C:\Users\Salah eddine bitti\AppData\Local\Programs\mongosh\;D:\projets\maven-mvnd-1.0.2-windows-amd64\bin;D:\projets\apache-maven-3.9.10-bin\apache-maven-3.9.10\bin;;D:\IntelliJ IDEA 2025.1.2\bin;;C:\Users\Salah eddine bitti\AppData\Roaming\npm
USERNAME=Salah eddine bitti
OS=Windows_NT
PROCESSOR_IDENTIFIER=Intel64 Family 6 Model 140 Stepping 1, GenuineIntel
TMP=C:\Users\SALAHE~1\AppData\Local\Temp
TEMP=C:\Users\SALAHE~1\AppData\Local\Temp




Periodic native trim disabled

---------------  S Y S T E M  ---------------

OS:
 Windows 11 , 64 bit Build 22621 (10.0.22621.5415)
OS uptime: 1 days 8:54 hours
Hyper-V role detected

CPU: total 8 (initial active 8) (4 cores per cpu, 2 threads per core) family 6 model 140 stepping 1 microcode 0xac, cx8, cmov, fxsr, ht, mmx, 3dnowpref, sse, sse2, sse3, ssse3, sse4.1, sse4.2, popcnt, lzcnt, tsc, tscinvbit, avx, avx2, aes, erms, clmul, bmi1, bmi2, adx, avx512f, avx512dq, avx512cd, avx512bw, avx512vl, sha, fma, vzeroupper, avx512_vpopcntdq, avx512_vpclmulqdq, avx512_vaes, avx512_vnni, clflush, clflushopt, clwb, avx512_vbmi2, avx512_vbmi, hv, rdtscp, rdpid, fsrm, gfni, avx512_bitalg, f16c, cet_ibt, cet_ss, avx512_ifma
Processor Information for the first 8 processors :
  Max Mhz: 2419, Current Mhz: 2419, Mhz Limit: 2419

Memory: 4k page, system-wide physical 7932M (486M free)
TotalPageFile size 16124M (AvailPageFile size 3M)
current process WorkingSet (physical memory assigned to process): 169M, peak: 196M
current process commit charge ("private bytes"): 286M, peak: 314M

vm_info: OpenJDK 64-Bit Server VM (21.0.7+6-LTS) for windows-amd64 JRE (21.0.7+6-LTS), built on 2025-04-15T00:00:00Z by "admin" with MS VC++ 17.7 (VS2022)

END.
