#
# There is insufficient memory for the Java Runtime Environment to continue.
# Native memory allocation (malloc) failed to allocate 32744 bytes. Error detail: Chunk::new
# Possible reasons:
#   The system is out of physical RAM or swap space
#   This process is running with CompressedOops enabled, and the Java Heap may be blocking the growth of the native heap
# Possible solutions:
#   Reduce memory load on the system
#   Increase physical memory or swap space
#   Check if swap backing store is full
#   Decrease Java heap size (-Xmx/-Xms)
#   Decrease number of Java threads
#   Decrease Java thread stack sizes (-Xss)
#   Set larger code cache with -XX:ReservedCodeCacheSize=
#   JVM is running with Unscaled Compressed Oops mode in which the Java heap is
#     placed in the first 4GB address space. The Java Heap base address is the
#     maximum limit for the native heap growth. Please use -XX:HeapBaseMinAddress
#     to set the Java Heap base and to place the Java Heap above 4GB virtual address.
# This output file may be truncated or incomplete.
#
#  Out of Memory Error (arena.cpp:168), pid=21708, tid=6216
#
# JRE version: OpenJDK Runtime Environment Temurin-21.0.7+6 (21.0.7+6) (build 21.0.7+6-LTS)
# Java VM: OpenJDK 64-Bit Server VM Temurin-21.0.7+6 (21.0.7+6-LTS, mixed mode, sharing, tiered, compressed oops, compressed class ptrs, parallel gc, windows-amd64)
# No core dump will be written. Minidumps are not enabled by default on client versions of Windows
#

---------------  S U M M A R Y ------------

Command Line: --add-modules=ALL-SYSTEM --add-opens=java.base/java.util=ALL-UNNAMED --add-opens=java.base/java.lang=ALL-UNNAMED --add-opens=java.base/sun.nio.fs=ALL-UNNAMED -Declipse.application=org.eclipse.jdt.ls.core.id1 -Dosgi.bundles.defaultStartLevel=4 -Declipse.product=org.eclipse.jdt.ls.core.product -Djava.import.generatesMetadataFilesAtProjectRoot=false -DDetectVMInstallationsJob.disabled=true -Dfile.encoding=utf8 -XX:+UseParallelGC -XX:GCTimeRatio=4 -XX:AdaptiveSizePolicyWeight=90 -Dsun.zip.disableMemoryMapping=true -Xmx2G -Xms100m -Xlog:disable -javaagent:c:\Users\Salah eddine bitti\.vscode\extensions\redhat.java-1.43.1-win32-x64\lombok\lombok-1.18.39-4050.jar c:\Users\Salah eddine bitti\.vscode\extensions\redhat.java-1.43.1-win32-x64\server\plugins\org.eclipse.equinox.launcher_1.7.0.v20250519-0528.jar -configuration c:\Users\Salah eddine bitti\AppData\Roaming\Code\User\globalStorage\redhat.java\1.43.1\config_ss_win -data c:\Users\Salah eddine bitti\AppData\Roaming\Code\User\workspaceStorage\86298339464e7d9bd6535f9d51b3350d\redhat.java\ss_ws --pipe=\\.\pipe\lsp-e94bd568cf66af38ff9c14bc4f128525-sock

Host: 11th Gen Intel(R) Core(TM) i5-1135G7 @ 2.40GHz, 8 cores, 7G,  Windows 11 , 64 bit Build 22621 (10.0.22621.5415)
Time: Thu Jul 10 21:23:20 2025 Maroc (heure d64 bit Build 22621 (10.0.22621.5415) elapsed time: 9.041225 seconds (0d 0h 0m 9s)

---------------  T H R E A D  ---------------

Current thread (0x0000022f63d948e0):  JavaThread "C2 CompilerThread0" daemon [_thread_in_native, id=6216, stack(0x000000efab100000,0x000000efab200000) (1024K)]


Current CompileTask:
C2:9041 5111 %     4       org.lombokweb.asm.ClassReader::readCode @ 2187 (5117 bytes)

Stack: [0x000000efab100000,0x000000efab200000]
Native frames: (J=compiled Java code, j=interpreted, Vv=VM code, C=native code)
V  [jvm.dll+0x6ce119]
V  [jvm.dll+0x8a84a1]
V  [jvm.dll+0x8aa9ce]
V  [jvm.dll+0x8ab0b3]
V  [jvm.dll+0x27f8a6]
V  [jvm.dll+0xc507d]
V  [jvm.dll+0xc55b3]
V  [jvm.dll+0xc51a5]
V  [jvm.dll+0x6a96fc]
V  [jvm.dll+0x6a9bad]
V  [jvm.dll+0x71a79d]
V  [jvm.dll+0x71aa00]
V  [jvm.dll+0x718d0f]
V  [jvm.dll+0x1dfd66]
V  [jvm.dll+0x247c42]
V  [jvm.dll+0x2470cf]
V  [jvm.dll+0x1c760e]
V  [jvm.dll+0x25695a]
V  [jvm.dll+0x254efa]
V  [jvm.dll+0x3f03f6]
V  [jvm.dll+0x851f6b]
V  [jvm.dll+0x6cc7dd]
C  [ucrtbase.dll+0x29333]
C  [KERNEL32.DLL+0x1259d]
C  [ntdll.dll+0x5af78]


---------------  P R O C E S S  ---------------

Threads class SMR info:
_java_thread_list=0x0000022f6bf81750, length=49, elements={
0x0000022f4b3e3d50, 0x0000022f4b49d9d0, 0x0000022f63d85fe0, 0x0000022f63d8b530,
0x0000022f63d8c370, 0x0000022f63d91d60, 0x0000022f63d93620, 0x0000022f63d948e0,
0x0000022f65780090, 0x0000022f65821e30, 0x0000022f65a3cc30, 0x0000022f6a9788f0,
0x0000022f6aa4bda0, 0x0000022f6a67c4e0, 0x0000022f65b4aa80, 0x0000022f6aafc590,
0x0000022f6a9fc5c0, 0x0000022f6ab68370, 0x0000022f6ab86400, 0x0000022f6ab87120,
0x0000022f6ab85d70, 0x0000022f6ab87e40, 0x0000022f6ab884d0, 0x0000022f6ab85050,
0x0000022f6ab856e0, 0x0000022f6ab86a90, 0x0000022f6ab877b0, 0x0000022f6b713bc0,
0x0000022f6b710dd0, 0x0000022f6b70fa20, 0x0000022f6b714250, 0x0000022f6b712180,
0x0000022f6b70e670, 0x0000022f6b712810, 0x0000022f6b70f390, 0x0000022f6b70d950,
0x0000022f6b7100b0, 0x0000022f6b711af0, 0x0000022f6b711460, 0x0000022f6b714f70,
0x0000022f6b712ea0, 0x0000022f6b713530, 0x0000022f6b7148e0, 0x0000022f6b710740,
0x0000022f6b70dfe0, 0x0000022f659dfa10, 0x0000022f659db870, 0x0000022f659dcc20,
0x0000022f6b5456e0
}

Java Threads: ( => current thread )
  0x0000022f4b3e3d50 JavaThread "main"                              [_thread_blocked, id=14936, stack(0x000000efaa700000,0x000000efaa800000) (1024K)]
  0x0000022f4b49d9d0 JavaThread "Reference Handler"          daemon [_thread_blocked, id=19640, stack(0x000000efaab00000,0x000000efaac00000) (1024K)]
  0x0000022f63d85fe0 JavaThread "Finalizer"                  daemon [_thread_blocked, id=22496, stack(0x000000efaac00000,0x000000efaad00000) (1024K)]
  0x0000022f63d8b530 JavaThread "Signal Dispatcher"          daemon [_thread_blocked, id=4152, stack(0x000000efaad00000,0x000000efaae00000) (1024K)]
  0x0000022f63d8c370 JavaThread "Attach Listener"            daemon [_thread_blocked, id=19312, stack(0x000000efaae00000,0x000000efaaf00000) (1024K)]
  0x0000022f63d91d60 JavaThread "Service Thread"             daemon [_thread_blocked, id=19504, stack(0x000000efaaf00000,0x000000efab000000) (1024K)]
  0x0000022f63d93620 JavaThread "Monitor Deflation Thread"   daemon [_thread_blocked, id=5168, stack(0x000000efab000000,0x000000efab100000) (1024K)]
=>0x0000022f63d948e0 JavaThread "C2 CompilerThread0"         daemon [_thread_in_native, id=6216, stack(0x000000efab100000,0x000000efab200000) (1024K)]
  0x0000022f65780090 JavaThread "C1 CompilerThread0"         daemon [_thread_blocked, id=6448, stack(0x000000efab200000,0x000000efab300000) (1024K)]
  0x0000022f65821e30 JavaThread "Common-Cleaner"             daemon [_thread_blocked, id=11284, stack(0x000000efab300000,0x000000efab400000) (1024K)]
  0x0000022f65a3cc30 JavaThread "Notification Thread"        daemon [_thread_blocked, id=1132, stack(0x000000efab500000,0x000000efab600000) (1024K)]
  0x0000022f6a9788f0 JavaThread "Active Thread: Equinox Container: 65ba94db-016a-4085-9a49-325b964cd557"        [_thread_blocked, id=11312, stack(0x000000efabd00000,0x000000efabe00000) (1024K)]
  0x0000022f6aa4bda0 JavaThread "Framework Event Dispatcher: Equinox Container: 65ba94db-016a-4085-9a49-325b964cd557" daemon [_thread_blocked, id=10664, stack(0x000000efab600000,0x000000efab700000) (1024K)]
  0x0000022f6a67c4e0 JavaThread "Start Level: Equinox Container: 65ba94db-016a-4085-9a49-325b964cd557" daemon [_thread_blocked, id=764, stack(0x000000efabe00000,0x000000efabf00000) (1024K)]
  0x0000022f65b4aa80 JavaThread "SCR Component Actor"        daemon [_thread_blocked, id=15708, stack(0x000000efac000000,0x000000efac100000) (1024K)]
  0x0000022f6aafc590 JavaThread "Worker-JM"                         [_thread_blocked, id=13056, stack(0x000000efac200000,0x000000efac300000) (1024K)]
  0x0000022f6a9fc5c0 JavaThread "JNA Cleaner"                daemon [_thread_blocked, id=9896, stack(0x000000efac100000,0x000000efac200000) (1024K)]
  0x0000022f6ab68370 JavaThread "Worker-0"                          [_thread_blocked, id=16824, stack(0x000000efac300000,0x000000efac400000) (1024K)]
  0x0000022f6ab86400 JavaThread "Worker-1: Building"                [_thread_in_vm, id=12312, stack(0x000000efac400000,0x000000efac500000) (1024K)]
  0x0000022f6ab87120 JavaThread "Worker-2"                          [_thread_blocked, id=12160, stack(0x000000efac600000,0x000000efac700000) (1024K)]
  0x0000022f6ab85d70 JavaThread "Thread-2"                   daemon [_thread_in_native, id=10520, stack(0x000000efac800000,0x000000efac900000) (1024K)]
  0x0000022f6ab87e40 JavaThread "Thread-3"                   daemon [_thread_in_native, id=16924, stack(0x000000efac900000,0x000000efaca00000) (1024K)]
  0x0000022f6ab884d0 JavaThread "Thread-4"                   daemon [_thread_in_native, id=16704, stack(0x000000efaca00000,0x000000efacb00000) (1024K)]
  0x0000022f6ab85050 JavaThread "Thread-5"                   daemon [_thread_in_native, id=14176, stack(0x000000efacb00000,0x000000efacc00000) (1024K)]
  0x0000022f6ab856e0 JavaThread "Thread-6"                   daemon [_thread_in_native, id=12176, stack(0x000000efacc00000,0x000000efacd00000) (1024K)]
  0x0000022f6ab86a90 JavaThread "Thread-7"                   daemon [_thread_in_native, id=12636, stack(0x000000efacd00000,0x000000eface00000) (1024K)]
  0x0000022f6ab877b0 JavaThread "Thread-8"                   daemon [_thread_in_native, id=11132, stack(0x000000eface00000,0x000000efacf00000) (1024K)]
  0x0000022f6b713bc0 JavaThread "Thread-9"                   daemon [_thread_in_native, id=12428, stack(0x000000efacf00000,0x000000efad000000) (1024K)]
  0x0000022f6b710dd0 JavaThread "Thread-10"                  daemon [_thread_in_native, id=16116, stack(0x000000efad000000,0x000000efad100000) (1024K)]
  0x0000022f6b70fa20 JavaThread "pool-2-thread-1"                   [_thread_blocked, id=12292, stack(0x000000efad100000,0x000000efad200000) (1024K)]
  0x0000022f6b714250 JavaThread "WorkspaceEventsHandler"            [_thread_blocked, id=15608, stack(0x000000efad200000,0x000000efad300000) (1024K)]
  0x0000022f6b712180 JavaThread "pool-1-thread-1"                   [_thread_in_vm, id=20868, stack(0x000000efad300000,0x000000efad400000) (1024K)]
  0x0000022f6b70e670 JavaThread "ForkJoinPool.commonPool-worker-1" daemon [_thread_blocked, id=6396, stack(0x000000efac700000,0x000000efac800000) (1024K)]
  0x0000022f6b712810 JavaThread "ForkJoinPool.commonPool-worker-2" daemon [_thread_blocked, id=19876, stack(0x000000efad400000,0x000000efad500000) (1024K)]
  0x0000022f6b70f390 JavaThread "LocalFile Deleter"          daemon [_thread_blocked, id=21464, stack(0x000000efad500000,0x000000efad600000) (1024K)]
  0x0000022f6b70d950 JavaThread "LocalFile Deleter"          daemon [_thread_blocked, id=11436, stack(0x000000efad600000,0x000000efad700000) (1024K)]
  0x0000022f6b7100b0 JavaThread "LocalFile Deleter"          daemon [_thread_blocked, id=10052, stack(0x000000efad700000,0x000000efad800000) (1024K)]
  0x0000022f6b711af0 JavaThread "LocalFile Deleter"          daemon [_thread_blocked, id=17100, stack(0x000000efad800000,0x000000efad900000) (1024K)]
  0x0000022f6b711460 JavaThread "LocalFile Deleter"          daemon [_thread_blocked, id=22068, stack(0x000000efad900000,0x000000efada00000) (1024K)]
  0x0000022f6b714f70 JavaThread "LocalFile Deleter"          daemon [_thread_blocked, id=12272, stack(0x000000efada00000,0x000000efadb00000) (1024K)]
  0x0000022f6b712ea0 JavaThread "LocalFile Deleter"          daemon [_thread_blocked, id=10572, stack(0x000000efadb00000,0x000000efadc00000) (1024K)]
  0x0000022f6b713530 JavaThread "LocalFile Deleter"          daemon [_thread_blocked, id=17632, stack(0x000000efadc00000,0x000000efadd00000) (1024K)]
  0x0000022f6b7148e0 JavaThread "Compiler Source File Reader" daemon [_thread_blocked, id=10040, stack(0x000000efadd00000,0x000000efade00000) (1024K)]
  0x0000022f6b710740 JavaThread "Compiler Source File Reader" daemon [_thread_blocked, id=11412, stack(0x000000efade00000,0x000000efadf00000) (1024K)]
  0x0000022f6b70dfe0 JavaThread "Compiler Source File Reader" daemon [_thread_blocked, id=1164, stack(0x000000efadf00000,0x000000efae000000) (1024K)]
  0x0000022f659dfa10 JavaThread "Compiler Source File Reader" daemon [_thread_blocked, id=11624, stack(0x000000efae000000,0x000000efae100000) (1024K)]
  0x0000022f659db870 JavaThread "Compiler Source File Reader" daemon [_thread_blocked, id=7160, stack(0x000000efae100000,0x000000efae200000) (1024K)]
  0x0000022f659dcc20 JavaThread "Compiler Source File Reader" daemon [_thread_blocked, id=13024, stack(0x000000efae200000,0x000000efae300000) (1024K)]
  0x0000022f6b5456e0 JavaThread "C2 CompilerThread1"         daemon [_thread_in_native, id=9488, stack(0x000000efac500000,0x000000efac600000) (1024K)]
Total: 49

Other Threads:
  0x0000022f63d836f0 VMThread "VM Thread"                           [id=18580, stack(0x000000efaaa00000,0x000000efaab00000) (1024K)]
  0x0000022f63c9c7e0 WatcherThread "VM Periodic Task Thread"        [id=20612, stack(0x000000efaa900000,0x000000efaaa00000) (1024K)]
  0x0000022f4b400940 WorkerThread "GC Thread#0"                     [id=6920, stack(0x000000efaa800000,0x000000efaa900000) (1024K)]
  0x0000022f6a2076f0 WorkerThread "GC Thread#1"                     [id=18480, stack(0x000000efab700000,0x000000efab800000) (1024K)]
  0x0000022f6a20bfa0 WorkerThread "GC Thread#2"                     [id=20628, stack(0x000000efab800000,0x000000efab900000) (1024K)]
  0x0000022f6a20c340 WorkerThread "GC Thread#3"                     [id=7828, stack(0x000000efab900000,0x000000efaba00000) (1024K)]
  0x0000022f65b5da80 WorkerThread "GC Thread#4"                     [id=19056, stack(0x000000efaba00000,0x000000efabb00000) (1024K)]
  0x0000022f65b5de20 WorkerThread "GC Thread#5"                     [id=19308, stack(0x000000efabb00000,0x000000efabc00000) (1024K)]
  0x0000022f65b5e1c0 WorkerThread "GC Thread#6"                     [id=20976, stack(0x000000efabc00000,0x000000efabd00000) (1024K)]
  0x0000022f6aad3ef0 WorkerThread "GC Thread#7"                     [id=16600, stack(0x000000efabf00000,0x000000efac000000) (1024K)]
Total: 10

Threads with active compile tasks:
C2 CompilerThread0  9065 5111 %     4       org.lombokweb.asm.ClassReader::readCode @ 2187 (5117 bytes)
C2 CompilerThread1  9065 5087 %     4       org.lombokweb.asm.SymbolTable::<init> @ 98 (554 bytes)
Total: 2

VM state: not at safepoint (normal execution)

VM Mutex/Monitor currently owned by a thread:  ([mutex/lock_event])
[0x00007fff554fc308] Metaspace_lock - owner thread: 0x0000022f6b712180

Heap address: 0x0000000080000000, size: 2048 MB, Compressed Oops mode: 32-bit

CDS archive(s) mapped at: [0x0000022f00000000-0x0000022f00ba0000-0x0000022f00ba0000), size 12189696, SharedBaseAddress: 0x0000022f00000000, ArchiveRelocationMode: 1.
Compressed class space mapped at: 0x0000022f01000000-0x0000022f41000000, reserved size: 1073741824
Narrow klass base: 0x0000022f00000000, Narrow klass shift: 0, Narrow klass range: 0x100000000

GC Precious Log:
 CardTable entry size: 512
 CPUs: 8 total, 8 available
 Memory: 7932M
 Large Page Support: Disabled
 NUMA Support: Disabled
 Compressed Oops: Enabled (32-bit)
 Alignments: Space 512K, Generation 512K, Heap 2M
 Heap Min Capacity: 100M
 Heap Initial Capacity: 100M
 Heap Max Capacity: 2G
 Pre-touch: Disabled
 Parallel Workers: 8

Heap:
 PSYoungGen      total 21504K, used 10736K [0x00000000d5580000, 0x00000000d6d80000, 0x0000000100000000)
  eden space 20992K, 50% used [0x00000000d5580000,0x00000000d5fc4080,0x00000000d6a00000)
  from space 512K, 43% used [0x00000000d6d00000,0x00000000d6d38000,0x00000000d6d80000)
  to   space 1024K, 0% used [0x00000000d6b80000,0x00000000d6b80000,0x00000000d6c80000)
 ParOldGen       total 68608K, used 29876K [0x0000000080000000, 0x0000000084300000, 0x00000000d5580000)
  object space 68608K, 43% used [0x0000000080000000,0x0000000081d2d1c8,0x0000000084300000)
 Metaspace       used 40158K, committed 41216K, reserved 1114112K
  class space    used 4005K, committed 4480K, reserved 1048576K

Card table byte_map: [0x0000022f5f0d0000,0x0000022f5f4e0000] _byte_map_base: 0x0000022f5ecd0000

Marking Bits: (ParMarkBitMap*) 0x00007fff555031f0
 Begin Bits: [0x0000022f5f790000, 0x0000022f61790000)
 End Bits:   [0x0000022f61790000, 0x0000022f63790000)

Polling page: 0x0000022f4b4a0000

Metaspace:

Usage:
  Non-class:     35.31 MB used.
      Class:      3.91 MB used.
       Both:     39.22 MB used.

Virtual space:
  Non-class space:       64.00 MB reserved,      35.88 MB ( 56%) committed,  1 nodes.
      Class space:        1.00 GB reserved,       4.38 MB ( <1%) committed,  1 nodes.
             Both:        1.06 GB reserved,      40.25 MB (  4%) committed. 

Chunk freelists:
   Non-Class:  11.67 MB
       Class:  11.53 MB
        Both:  23.21 MB

MaxMetaspaceSize: unlimited
CompressedClassSpaceSize: 1.00 GB
Initial GC threshold: 21.00 MB
Current GC threshold: 58.38 MB
CDS: on
 - commit_granule_bytes: 65536.
 - commit_granule_words: 8192.
 - virtual_space_node_default_size: 8388608.
 - enlarge_chunks_in_place: 1.
 - use_allocation_guard: 0.


Internal statistics:

num_allocs_failed_limit: 6.
num_arena_births: 848.
num_arena_deaths: 104.
num_vsnodes_births: 2.
num_vsnodes_deaths: 0.
num_space_committed: 644.
num_space_uncommitted: 0.
num_chunks_returned_to_freelist: 147.
num_chunks_taken_from_freelist: 2613.
num_chunk_merges: 49.
num_chunk_splits: 1608.
num_chunks_enlarged: 998.
num_inconsistent_stats: 0.

CodeHeap 'non-profiled nmethods': size=120000Kb used=2588Kb max_used=2588Kb free=117411Kb
 bounds [0x0000022f579b0000, 0x0000022f57c40000, 0x0000022f5eee0000]
CodeHeap 'profiled nmethods': size=120000Kb used=10159Kb max_used=10159Kb free=109840Kb
 bounds [0x0000022f4fee0000, 0x0000022f508d0000, 0x0000022f57410000]
CodeHeap 'non-nmethods': size=5760Kb used=1393Kb max_used=1416Kb free=4366Kb
 bounds [0x0000022f57410000, 0x0000022f57680000, 0x0000022f579b0000]
 total_blobs=5544 nmethods=4856 adapters=594
 compilation: enabled
              stopped_count=0, restarted_count=0
 full_count=0

Compilation events (20 events):
Event: 8.953 Thread 0x0000022f65780090 5255       2       org.eclipse.jdt.internal.compiler.util.CharDeduplication::intern (11 bytes)
Event: 8.954 Thread 0x0000022f65780090 nmethod 5255 0x0000022f508c9e10 code [0x0000022f508c9fc0, 0x0000022f508ca110]
Event: 8.954 Thread 0x0000022f65780090 5265       2       org.eclipse.jdt.internal.compiler.lookup.BinaryTypeBinding::isPrototype (12 bytes)
Event: 8.954 Thread 0x0000022f65780090 nmethod 5265 0x0000022f508ca210 code [0x0000022f508ca3c0, 0x0000022f508ca508]
Event: 8.954 Thread 0x0000022f65780090 5261       1       org.eclipse.jdt.internal.compiler.classfmt.MethodInfo::getAnnotations (2 bytes)
Event: 8.954 Thread 0x0000022f65780090 nmethod 5261 0x0000022f57a1f090 code [0x0000022f57a1f220, 0x0000022f57a1f2f0]
Event: 8.954 Thread 0x0000022f65780090 5256       1       org.eclipse.jdt.internal.compiler.classfmt.MethodInfo::getTagBits (5 bytes)
Event: 8.954 Thread 0x0000022f65780090 nmethod 5256 0x0000022f57a1ed90 code [0x0000022f57a1ef20, 0x0000022f57a1efe8]
Event: 8.954 Thread 0x0000022f65780090 5259       1       org.eclipse.jdt.internal.compiler.classfmt.MethodInfo::getTypeAnnotations (2 bytes)
Event: 8.954 Thread 0x0000022f65780090 nmethod 5259 0x0000022f57a1ea90 code [0x0000022f57a1ec20, 0x0000022f57a1ecf0]
Event: 8.954 Thread 0x0000022f65780090 5264       1       org.eclipse.jdt.internal.compiler.lookup.TypeBinding::isUnresolvedType (2 bytes)
Event: 8.954 Thread 0x0000022f65780090 nmethod 5264 0x0000022f57a1e790 code [0x0000022f57a1e920, 0x0000022f57a1e9e8]
Event: 8.954 Thread 0x0000022f65780090 5251       2       java.lang.invoke.AbstractValidatingLambdaMetafactory::isAdaptableToAsReturn (36 bytes)
Event: 8.955 Thread 0x0000022f65780090 nmethod 5251 0x0000022f508ca590 code [0x0000022f508ca740, 0x0000022f508ca8e0]
Event: 8.955 Thread 0x0000022f65780090 5252       2       java.lang.invoke.InnerClassLambdaMetafactory::spinInnerClass (118 bytes)
Event: 8.955 Thread 0x0000022f65780090 nmethod 5252 0x0000022f508caa10 code [0x0000022f508cabc0, 0x0000022f508cad98]
Event: 8.955 Thread 0x0000022f65780090 5253       2       java.lang.invoke.InnerClassLambdaMetafactory::lambdaClassName (48 bytes)
Event: 8.955 Thread 0x0000022f65780090 nmethod 5253 0x0000022f508cae90 code [0x0000022f508cb0a0, 0x0000022f508cb408]
Event: 8.955 Thread 0x0000022f65780090 5254       2       java.lang.invoke.AbstractValidatingLambdaMetafactory::isAdaptableToAsReturnStrict (34 bytes)
Event: 8.956 Thread 0x0000022f65780090 nmethod 5254 0x0000022f508cb690 code [0x0000022f508cb840, 0x0000022f508cb9f8]

GC Heap History (20 events):
Event: 6.450 GC heap before
{Heap before GC invocations=15 (full 1):
 PSYoungGen      total 23552K, used 23136K [0x00000000d5580000, 0x00000000d7000000, 0x0000000100000000)
  eden space 20992K, 100% used [0x00000000d5580000,0x00000000d6a00000,0x00000000d6a00000)
  from space 2560K, 83% used [0x00000000d6a00000,0x00000000d6c18000,0x00000000d6c80000)
  to   space 3072K, 0% used [0x00000000d6d00000,0x00000000d6d00000,0x00000000d7000000)
 ParOldGen       total 68608K, used 20447K [0x0000000080000000, 0x0000000084300000, 0x00000000d5580000)
  object space 68608K, 29% used [0x0000000080000000,0x00000000813f7c40,0x0000000084300000)
 Metaspace       used 32291K, committed 33344K, reserved 1114112K
  class space    used 3217K, committed 3648K, reserved 1048576K
}
Event: 6.455 GC heap after
{Heap after GC invocations=15 (full 1):
 PSYoungGen      total 23040K, used 1988K [0x00000000d5580000, 0x00000000d6f00000, 0x0000000100000000)
  eden space 20992K, 0% used [0x00000000d5580000,0x00000000d5580000,0x00000000d6a00000)
  from space 2048K, 97% used [0x00000000d6d00000,0x00000000d6ef1000,0x00000000d6f00000)
  to   space 2560K, 0% used [0x00000000d6a00000,0x00000000d6a00000,0x00000000d6c80000)
 ParOldGen       total 68608K, used 22469K [0x0000000080000000, 0x0000000084300000, 0x00000000d5580000)
  object space 68608K, 32% used [0x0000000080000000,0x00000000815f15f0,0x0000000084300000)
 Metaspace       used 32291K, committed 33344K, reserved 1114112K
  class space    used 3217K, committed 3648K, reserved 1048576K
}
Event: 6.542 GC heap before
{Heap before GC invocations=16 (full 1):
 PSYoungGen      total 23040K, used 22980K [0x00000000d5580000, 0x00000000d6f00000, 0x0000000100000000)
  eden space 20992K, 100% used [0x00000000d5580000,0x00000000d6a00000,0x00000000d6a00000)
  from space 2048K, 97% used [0x00000000d6d00000,0x00000000d6ef1000,0x00000000d6f00000)
  to   space 2560K, 0% used [0x00000000d6a00000,0x00000000d6a00000,0x00000000d6c80000)
 ParOldGen       total 68608K, used 22469K [0x0000000080000000, 0x0000000084300000, 0x00000000d5580000)
  object space 68608K, 32% used [0x0000000080000000,0x00000000815f15f0,0x0000000084300000)
 Metaspace       used 32334K, committed 33344K, reserved 1114112K
  class space    used 3217K, committed 3648K, reserved 1048576K
}
Event: 6.548 GC heap after
{Heap after GC invocations=16 (full 1):
 PSYoungGen      total 23552K, used 2144K [0x00000000d5580000, 0x00000000d6f00000, 0x0000000100000000)
  eden space 20992K, 0% used [0x00000000d5580000,0x00000000d5580000,0x00000000d6a00000)
  from space 2560K, 83% used [0x00000000d6a00000,0x00000000d6c18010,0x00000000d6c80000)
  to   space 2560K, 0% used [0x00000000d6c80000,0x00000000d6c80000,0x00000000d6f00000)
 ParOldGen       total 68608K, used 24347K [0x0000000080000000, 0x0000000084300000, 0x00000000d5580000)
  object space 68608K, 35% used [0x0000000080000000,0x00000000817c6c18,0x0000000084300000)
 Metaspace       used 32334K, committed 33344K, reserved 1114112K
  class space    used 3217K, committed 3648K, reserved 1048576K
}
Event: 6.625 GC heap before
{Heap before GC invocations=17 (full 1):
 PSYoungGen      total 23552K, used 23136K [0x00000000d5580000, 0x00000000d6f00000, 0x0000000100000000)
  eden space 20992K, 100% used [0x00000000d5580000,0x00000000d6a00000,0x00000000d6a00000)
  from space 2560K, 83% used [0x00000000d6a00000,0x00000000d6c18010,0x00000000d6c80000)
  to   space 2560K, 0% used [0x00000000d6c80000,0x00000000d6c80000,0x00000000d6f00000)
 ParOldGen       total 68608K, used 24347K [0x0000000080000000, 0x0000000084300000, 0x00000000d5580000)
  object space 68608K, 35% used [0x0000000080000000,0x00000000817c6c18,0x0000000084300000)
 Metaspace       used 32403K, committed 33408K, reserved 1114112K
  class space    used 3217K, committed 3648K, reserved 1048576K
}
Event: 6.630 GC heap after
{Heap after GC invocations=17 (full 1):
 PSYoungGen      total 23040K, used 1880K [0x00000000d5580000, 0x00000000d6e80000, 0x0000000100000000)
  eden space 20992K, 0% used [0x00000000d5580000,0x00000000d5580000,0x00000000d6a00000)
  from space 2048K, 91% used [0x00000000d6c80000,0x00000000d6e56200,0x00000000d6e80000)
  to   space 2048K, 0% used [0x00000000d6a80000,0x00000000d6a80000,0x00000000d6c80000)
 ParOldGen       total 68608K, used 26411K [0x0000000080000000, 0x0000000084300000, 0x00000000d5580000)
  object space 68608K, 38% used [0x0000000080000000,0x00000000819cac28,0x0000000084300000)
 Metaspace       used 32403K, committed 33408K, reserved 1114112K
  class space    used 3217K, committed 3648K, reserved 1048576K
}
Event: 6.761 GC heap before
{Heap before GC invocations=18 (full 1):
 PSYoungGen      total 23040K, used 22872K [0x00000000d5580000, 0x00000000d6e80000, 0x0000000100000000)
  eden space 20992K, 100% used [0x00000000d5580000,0x00000000d6a00000,0x00000000d6a00000)
  from space 2048K, 91% used [0x00000000d6c80000,0x00000000d6e56200,0x00000000d6e80000)
  to   space 2048K, 0% used [0x00000000d6a80000,0x00000000d6a80000,0x00000000d6c80000)
 ParOldGen       total 68608K, used 26411K [0x0000000080000000, 0x0000000084300000, 0x00000000d5580000)
  object space 68608K, 38% used [0x0000000080000000,0x00000000819cac28,0x0000000084300000)
 Metaspace       used 33115K, committed 34048K, reserved 1114112K
  class space    used 3296K, committed 3712K, reserved 1048576K
}
Event: 6.765 GC heap after
{Heap after GC invocations=18 (full 1):
 PSYoungGen      total 23040K, used 1777K [0x00000000d5580000, 0x00000000d6e00000, 0x0000000100000000)
  eden space 20992K, 0% used [0x00000000d5580000,0x00000000d5580000,0x00000000d6a00000)
  from space 2048K, 86% used [0x00000000d6a80000,0x00000000d6c3c508,0x00000000d6c80000)
  to   space 1536K, 0% used [0x00000000d6c80000,0x00000000d6c80000,0x00000000d6e00000)
 ParOldGen       total 68608K, used 28203K [0x0000000080000000, 0x0000000084300000, 0x00000000d5580000)
  object space 68608K, 41% used [0x0000000080000000,0x0000000081b8ae28,0x0000000084300000)
 Metaspace       used 33115K, committed 34048K, reserved 1114112K
  class space    used 3296K, committed 3712K, reserved 1048576K
}
Event: 7.003 GC heap before
{Heap before GC invocations=19 (full 1):
 PSYoungGen      total 23040K, used 13168K [0x00000000d5580000, 0x00000000d6e00000, 0x0000000100000000)
  eden space 20992K, 54% used [0x00000000d5580000,0x00000000d609fcd8,0x00000000d6a00000)
  from space 2048K, 86% used [0x00000000d6a80000,0x00000000d6c3c508,0x00000000d6c80000)
  to   space 1536K, 0% used [0x00000000d6c80000,0x00000000d6c80000,0x00000000d6e00000)
 ParOldGen       total 68608K, used 28203K [0x0000000080000000, 0x0000000084300000, 0x00000000d5580000)
  object space 68608K, 41% used [0x0000000080000000,0x0000000081b8ae28,0x0000000084300000)
 Metaspace       used 34851K, committed 35840K, reserved 1114112K
  class space    used 3485K, committed 3968K, reserved 1048576K
}
Event: 7.007 GC heap after
{Heap after GC invocations=19 (full 1):
 PSYoungGen      total 22016K, used 628K [0x00000000d5580000, 0x00000000d6d80000, 0x0000000100000000)
  eden space 20992K, 0% used [0x00000000d5580000,0x00000000d5580000,0x00000000d6a00000)
  from space 1024K, 61% used [0x00000000d6c80000,0x00000000d6d1d3c8,0x00000000d6d80000)
  to   space 1536K, 0% used [0x00000000d6a80000,0x00000000d6a80000,0x00000000d6c00000)
 ParOldGen       total 68608K, used 29737K [0x0000000080000000, 0x0000000084300000, 0x00000000d5580000)
  object space 68608K, 43% used [0x0000000080000000,0x0000000081d0a6a0,0x0000000084300000)
 Metaspace       used 34851K, committed 35840K, reserved 1114112K
  class space    used 3485K, committed 3968K, reserved 1048576K
}
Event: 7.007 GC heap before
{Heap before GC invocations=20 (full 2):
 PSYoungGen      total 22016K, used 628K [0x00000000d5580000, 0x00000000d6d80000, 0x0000000100000000)
  eden space 20992K, 0% used [0x00000000d5580000,0x00000000d5580000,0x00000000d6a00000)
  from space 1024K, 61% used [0x00000000d6c80000,0x00000000d6d1d3c8,0x00000000d6d80000)
  to   space 1536K, 0% used [0x00000000d6a80000,0x00000000d6a80000,0x00000000d6c00000)
 ParOldGen       total 68608K, used 29737K [0x0000000080000000, 0x0000000084300000, 0x00000000d5580000)
  object space 68608K, 43% used [0x0000000080000000,0x0000000081d0a6a0,0x0000000084300000)
 Metaspace       used 34851K, committed 35840K, reserved 1114112K
  class space    used 3485K, committed 3968K, reserved 1048576K
}
Event: 7.077 GC heap after
{Heap after GC invocations=20 (full 2):
 PSYoungGen      total 22016K, used 0K [0x00000000d5580000, 0x00000000d6d80000, 0x0000000100000000)
  eden space 20992K, 0% used [0x00000000d5580000,0x00000000d5580000,0x00000000d6a00000)
  from space 1024K, 0% used [0x00000000d6c80000,0x00000000d6c80000,0x00000000d6d80000)
  to   space 1536K, 0% used [0x00000000d6a80000,0x00000000d6a80000,0x00000000d6c00000)
 ParOldGen       total 68608K, used 28543K [0x0000000080000000, 0x0000000084300000, 0x00000000d5580000)
  object space 68608K, 41% used [0x0000000080000000,0x0000000081bdfe60,0x0000000084300000)
 Metaspace       used 34770K, committed 35840K, reserved 1114112K
  class space    used 3463K, committed 3968K, reserved 1048576K
}
Event: 7.910 GC heap before
{Heap before GC invocations=21 (full 2):
 PSYoungGen      total 22016K, used 20992K [0x00000000d5580000, 0x00000000d6d80000, 0x0000000100000000)
  eden space 20992K, 100% used [0x00000000d5580000,0x00000000d6a00000,0x00000000d6a00000)
  from space 1024K, 0% used [0x00000000d6c80000,0x00000000d6c80000,0x00000000d6d80000)
  to   space 1536K, 0% used [0x00000000d6a80000,0x00000000d6a80000,0x00000000d6c00000)
 ParOldGen       total 68608K, used 28543K [0x0000000080000000, 0x0000000084300000, 0x00000000d5580000)
  object space 68608K, 41% used [0x0000000080000000,0x0000000081bdfe60,0x0000000084300000)
 Metaspace       used 36149K, committed 37120K, reserved 1114112K
  class space    used 3581K, committed 4032K, reserved 1048576K
}
Event: 7.911 GC heap after
{Heap after GC invocations=21 (full 2):
 PSYoungGen      total 22528K, used 416K [0x00000000d5580000, 0x00000000d6d00000, 0x0000000100000000)
  eden space 20992K, 0% used [0x00000000d5580000,0x00000000d5580000,0x00000000d6a00000)
  from space 1536K, 27% used [0x00000000d6a80000,0x00000000d6ae8000,0x00000000d6c00000)
  to   space 1024K, 0% used [0x00000000d6c00000,0x00000000d6c00000,0x00000000d6d00000)
 ParOldGen       total 68608K, used 28551K [0x0000000080000000, 0x0000000084300000, 0x00000000d5580000)
  object space 68608K, 41% used [0x0000000080000000,0x0000000081be1e60,0x0000000084300000)
 Metaspace       used 36149K, committed 37120K, reserved 1114112K
  class space    used 3581K, committed 4032K, reserved 1048576K
}
Event: 8.469 GC heap before
{Heap before GC invocations=22 (full 2):
 PSYoungGen      total 22528K, used 21395K [0x00000000d5580000, 0x00000000d6d00000, 0x0000000100000000)
  eden space 20992K, 99% used [0x00000000d5580000,0x00000000d69fcd88,0x00000000d6a00000)
  from space 1536K, 27% used [0x00000000d6a80000,0x00000000d6ae8000,0x00000000d6c00000)
  to   space 1024K, 0% used [0x00000000d6c00000,0x00000000d6c00000,0x00000000d6d00000)
 ParOldGen       total 68608K, used 28551K [0x0000000080000000, 0x0000000084300000, 0x00000000d5580000)
  object space 68608K, 41% used [0x0000000080000000,0x0000000081be1e60,0x0000000084300000)
 Metaspace       used 37969K, committed 38976K, reserved 1114112K
  class space    used 3775K, committed 4224K, reserved 1048576K
}
Event: 8.471 GC heap after
{Heap after GC invocations=22 (full 2):
 PSYoungGen      total 22016K, used 1015K [0x00000000d5580000, 0x00000000d6d00000, 0x0000000100000000)
  eden space 20992K, 0% used [0x00000000d5580000,0x00000000d5580000,0x00000000d6a00000)
  from space 1024K, 99% used [0x00000000d6c00000,0x00000000d6cfde20,0x00000000d6d00000)
  to   space 1536K, 0% used [0x00000000d6a00000,0x00000000d6a00000,0x00000000d6b80000)
 ParOldGen       total 68608K, used 28868K [0x0000000080000000, 0x0000000084300000, 0x00000000d5580000)
  object space 68608K, 42% used [0x0000000080000000,0x0000000081c31118,0x0000000084300000)
 Metaspace       used 37969K, committed 38976K, reserved 1114112K
  class space    used 3775K, committed 4224K, reserved 1048576K
}
Event: 8.628 GC heap before
{Heap before GC invocations=23 (full 2):
 PSYoungGen      total 22016K, used 22007K [0x00000000d5580000, 0x00000000d6d00000, 0x0000000100000000)
  eden space 20992K, 100% used [0x00000000d5580000,0x00000000d6a00000,0x00000000d6a00000)
  from space 1024K, 99% used [0x00000000d6c00000,0x00000000d6cfde20,0x00000000d6d00000)
  to   space 1536K, 0% used [0x00000000d6a00000,0x00000000d6a00000,0x00000000d6b80000)
 ParOldGen       total 68608K, used 28868K [0x0000000080000000, 0x0000000084300000, 0x00000000d5580000)
  object space 68608K, 42% used [0x0000000080000000,0x0000000081c31118,0x0000000084300000)
 Metaspace       used 38213K, committed 39168K, reserved 1114112K
  class space    used 3800K, committed 4224K, reserved 1048576K
}
Event: 8.631 GC heap after
{Heap after GC invocations=23 (full 2):
 PSYoungGen      total 22528K, used 1534K [0x00000000d5580000, 0x00000000d7000000, 0x0000000100000000)
  eden space 20992K, 0% used [0x00000000d5580000,0x00000000d5580000,0x00000000d6a00000)
  from space 1536K, 99% used [0x00000000d6a00000,0x00000000d6b7f850,0x00000000d6b80000)
  to   space 3072K, 0% used [0x00000000d6d00000,0x00000000d6d00000,0x00000000d7000000)
 ParOldGen       total 68608K, used 29716K [0x0000000080000000, 0x0000000084300000, 0x00000000d5580000)
  object space 68608K, 43% used [0x0000000080000000,0x0000000081d051a8,0x0000000084300000)
 Metaspace       used 38213K, committed 39168K, reserved 1114112K
  class space    used 3800K, committed 4224K, reserved 1048576K
}
Event: 8.774 GC heap before
{Heap before GC invocations=24 (full 2):
 PSYoungGen      total 22528K, used 22526K [0x00000000d5580000, 0x00000000d7000000, 0x0000000100000000)
  eden space 20992K, 100% used [0x00000000d5580000,0x00000000d6a00000,0x00000000d6a00000)
  from space 1536K, 99% used [0x00000000d6a00000,0x00000000d6b7f850,0x00000000d6b80000)
  to   space 3072K, 0% used [0x00000000d6d00000,0x00000000d6d00000,0x00000000d7000000)
 ParOldGen       total 68608K, used 29716K [0x0000000080000000, 0x0000000084300000, 0x00000000d5580000)
  object space 68608K, 43% used [0x0000000080000000,0x0000000081d051a8,0x0000000084300000)
 Metaspace       used 38845K, committed 39808K, reserved 1114112K
  class space    used 3853K, committed 4288K, reserved 1048576K
}
Event: 8.777 GC heap after
{Heap after GC invocations=24 (full 2):
 PSYoungGen      total 21504K, used 224K [0x00000000d5580000, 0x00000000d6d80000, 0x0000000100000000)
  eden space 20992K, 0% used [0x00000000d5580000,0x00000000d5580000,0x00000000d6a00000)
  from space 512K, 43% used [0x00000000d6d00000,0x00000000d6d38000,0x00000000d6d80000)
  to   space 1024K, 0% used [0x00000000d6b80000,0x00000000d6b80000,0x00000000d6c80000)
 ParOldGen       total 68608K, used 29876K [0x0000000080000000, 0x0000000084300000, 0x00000000d5580000)
  object space 68608K, 43% used [0x0000000080000000,0x0000000081d2d1c8,0x0000000084300000)
 Metaspace       used 38845K, committed 39808K, reserved 1114112K
  class space    used 3853K, committed 4288K, reserved 1048576K
}

Dll operation events (10 events):
Event: 0.018 Loaded shared library c:\Users\Salah eddine bitti\.vscode\extensions\redhat.java-1.43.1-win32-x64\jre\21.0.7-win32-x86_64\bin\java.dll
Event: 0.091 Loaded shared library c:\Users\Salah eddine bitti\.vscode\extensions\redhat.java-1.43.1-win32-x64\jre\21.0.7-win32-x86_64\bin\zip.dll
Event: 0.116 Loaded shared library C:\Users\Salah eddine bitti\.vscode\extensions\redhat.java-1.43.1-win32-x64\jre\21.0.7-win32-x86_64\bin\instrument.dll
Event: 0.122 Loaded shared library C:\Users\Salah eddine bitti\.vscode\extensions\redhat.java-1.43.1-win32-x64\jre\21.0.7-win32-x86_64\bin\net.dll
Event: 0.124 Loaded shared library C:\Users\Salah eddine bitti\.vscode\extensions\redhat.java-1.43.1-win32-x64\jre\21.0.7-win32-x86_64\bin\nio.dll
Event: 0.127 Loaded shared library C:\Users\Salah eddine bitti\.vscode\extensions\redhat.java-1.43.1-win32-x64\jre\21.0.7-win32-x86_64\bin\zip.dll
Event: 0.147 Loaded shared library C:\Users\Salah eddine bitti\.vscode\extensions\redhat.java-1.43.1-win32-x64\jre\21.0.7-win32-x86_64\bin\jimage.dll
Event: 0.243 Loaded shared library c:\Users\Salah eddine bitti\.vscode\extensions\redhat.java-1.43.1-win32-x64\jre\21.0.7-win32-x86_64\bin\verify.dll
Event: 1.752 Loaded shared library C:\Users\Salah eddine bitti\AppData\Roaming\Code\User\globalStorage\redhat.java\1.43.1\config_ss_win\org.eclipse.equinox.launcher\org.eclipse.equinox.launcher.win32.win32.x86_64_1.2.1300.v20250331-1702\eclipse_11911.dll
Event: 3.375 Loaded shared library C:\Users\Salah eddine bitti\AppData\Local\Temp\jna-1086784984\jna14959543678263710128.dll

Deoptimization events (20 events):
Event: 8.573 Thread 0x0000022f6b712810 Uncommon trap: trap_request=0xffffffde fr.pc=0x0000022f57af1684 relative=0x0000000000002fc4
Event: 8.573 Thread 0x0000022f6b712810 Uncommon trap: reason=class_check action=maybe_recompile pc=0x0000022f57af1684 method=lombok.patcher.PatchScript$MethodPatcher.visitMethod(ILjava/lang/String;Ljava/lang/String;Ljava/lang/String;[Ljava/lang/String;)Lorg/lombokweb/asm/MethodVisitor; @ 101 c
Event: 8.573 Thread 0x0000022f6b712810 DEOPT PACKING pc=0x0000022f57af1684 sp=0x000000efad4fa150
Event: 8.573 Thread 0x0000022f6b712810 DEOPT UNPACKING pc=0x0000022f57466da2 sp=0x000000efad4fa178 mode 2
Event: 8.573 Thread 0x0000022f6b712810 Uncommon trap: trap_request=0xffffffde fr.pc=0x0000022f57af1684 relative=0x0000000000002fc4
Event: 8.573 Thread 0x0000022f6b712810 Uncommon trap: reason=class_check action=maybe_recompile pc=0x0000022f57af1684 method=lombok.patcher.PatchScript$MethodPatcher.visitMethod(ILjava/lang/String;Ljava/lang/String;Ljava/lang/String;[Ljava/lang/String;)Lorg/lombokweb/asm/MethodVisitor; @ 101 c
Event: 8.573 Thread 0x0000022f6b712810 DEOPT PACKING pc=0x0000022f57af1684 sp=0x000000efad4fa150
Event: 8.573 Thread 0x0000022f6b712810 DEOPT UNPACKING pc=0x0000022f57466da2 sp=0x000000efad4fa178 mode 2
Event: 8.573 Thread 0x0000022f6b712810 Uncommon trap: trap_request=0xffffffde fr.pc=0x0000022f57af1684 relative=0x0000000000002fc4
Event: 8.573 Thread 0x0000022f6b712810 Uncommon trap: reason=class_check action=maybe_recompile pc=0x0000022f57af1684 method=lombok.patcher.PatchScript$MethodPatcher.visitMethod(ILjava/lang/String;Ljava/lang/String;Ljava/lang/String;[Ljava/lang/String;)Lorg/lombokweb/asm/MethodVisitor; @ 101 c
Event: 8.573 Thread 0x0000022f6b712810 DEOPT PACKING pc=0x0000022f57af1684 sp=0x000000efad4fa150
Event: 8.573 Thread 0x0000022f6b712810 DEOPT UNPACKING pc=0x0000022f57466da2 sp=0x000000efad4fa178 mode 2
Event: 8.897 Thread 0x0000022f6ab86400 Uncommon trap: trap_request=0xffffff6e fr.pc=0x0000022f57bdc0ac relative=0x00000000000003ec
Event: 8.897 Thread 0x0000022f6ab86400 Uncommon trap: reason=loop_limit_check action=maybe_recompile pc=0x0000022f57bdc0ac method=org.eclipse.jdt.internal.compiler.classfmt.ClassFileStruct.utf8At(II)[C @ 143 c2
Event: 8.897 Thread 0x0000022f6ab86400 DEOPT PACKING pc=0x0000022f57bdc0ac sp=0x000000efac4fd870
Event: 8.898 Thread 0x0000022f6ab86400 DEOPT UNPACKING pc=0x0000022f57466da2 sp=0x000000efac4fd808 mode 2
Event: 8.900 Thread 0x0000022f6ab86400 Uncommon trap: trap_request=0xffffffde fr.pc=0x0000022f57b4a214 relative=0x0000000000000354
Event: 8.900 Thread 0x0000022f6ab86400 Uncommon trap: reason=class_check action=maybe_recompile pc=0x0000022f57b4a214 method=java.util.HashMap.removeNode(ILjava/lang/Object;Ljava/lang/Object;ZZ)Ljava/util/HashMap$Node; @ 283 c2
Event: 8.900 Thread 0x0000022f6ab86400 DEOPT PACKING pc=0x0000022f57b4a214 sp=0x000000efac4fe4a0
Event: 8.900 Thread 0x0000022f6ab86400 DEOPT UNPACKING pc=0x0000022f57466da2 sp=0x000000efac4fe388 mode 2

Classes loaded (20 events):
Event: 8.397 Loading class java/util/stream/Nodes$IntFixedNodeBuilder
Event: 8.400 Loading class java/util/stream/Node$Builder$OfInt
Event: 8.400 Loading class java/util/stream/Node$Builder$OfInt done
Event: 8.400 Loading class java/util/stream/Nodes$IntArrayNode
Event: 8.400 Loading class java/util/stream/Nodes$IntArrayNode done
Event: 8.400 Loading class java/util/stream/Nodes$IntFixedNodeBuilder done
Event: 8.401 Loading class java/util/stream/ReferencePipeline$4$1
Event: 8.401 Loading class java/util/stream/ReferencePipeline$4$1 done
Event: 8.518 Loading class java/util/WeakHashMap$KeyIterator
Event: 8.518 Loading class java/util/WeakHashMap$KeyIterator done
Event: 8.782 Loading class java/util/regex/Pattern$End
Event: 8.783 Loading class java/util/regex/Pattern$End done
Event: 8.828 Loading class java/util/stream/ReduceOps$4
Event: 8.828 Loading class java/util/stream/ReduceOps$4 done
Event: 8.828 Loading class java/util/stream/ReduceOps$4ReducingSink
Event: 8.829 Loading class java/util/stream/ReduceOps$4ReducingSink done
Event: 8.832 Loading class java/nio/file/Files$2
Event: 8.832 Loading class java/nio/file/Files$2 done
Event: 8.919 Loading class java/util/Hashtable$ValueCollection
Event: 8.920 Loading class java/util/Hashtable$ValueCollection done

Classes unloaded (20 events):
Event: 7.019 Thread 0x0000022f63d836f0 Unloading class 0x0000022f01396800 'java/lang/invoke/LambdaForm$MH+0x0000022f01396800'
Event: 7.019 Thread 0x0000022f63d836f0 Unloading class 0x0000022f01396000 'java/lang/invoke/LambdaForm$MH+0x0000022f01396000'
Event: 7.019 Thread 0x0000022f63d836f0 Unloading class 0x0000022f01395c00 'java/lang/invoke/LambdaForm$MH+0x0000022f01395c00'
Event: 7.019 Thread 0x0000022f63d836f0 Unloading class 0x0000022f01395400 'java/lang/invoke/LambdaForm$MH+0x0000022f01395400'
Event: 7.019 Thread 0x0000022f63d836f0 Unloading class 0x0000022f01395000 'java/lang/invoke/LambdaForm$MH+0x0000022f01395000'
Event: 7.019 Thread 0x0000022f63d836f0 Unloading class 0x0000022f01394c00 'java/lang/invoke/LambdaForm$MH+0x0000022f01394c00'
Event: 7.019 Thread 0x0000022f63d836f0 Unloading class 0x0000022f01394800 'java/lang/invoke/LambdaForm$MH+0x0000022f01394800'
Event: 7.019 Thread 0x0000022f63d836f0 Unloading class 0x0000022f01394400 'java/lang/invoke/LambdaForm$MH+0x0000022f01394400'
Event: 7.019 Thread 0x0000022f63d836f0 Unloading class 0x0000022f01393c00 'java/lang/invoke/LambdaForm$MH+0x0000022f01393c00'
Event: 7.019 Thread 0x0000022f63d836f0 Unloading class 0x0000022f01393000 'java/lang/invoke/LambdaForm$MH+0x0000022f01393000'
Event: 7.019 Thread 0x0000022f63d836f0 Unloading class 0x0000022f01392c00 'java/lang/invoke/LambdaForm$MH+0x0000022f01392c00'
Event: 7.019 Thread 0x0000022f63d836f0 Unloading class 0x0000022f01392800 'java/lang/invoke/LambdaForm$MH+0x0000022f01392800'
Event: 7.019 Thread 0x0000022f63d836f0 Unloading class 0x0000022f01392400 'java/lang/invoke/LambdaForm$MH+0x0000022f01392400'
Event: 7.019 Thread 0x0000022f63d836f0 Unloading class 0x0000022f01392000 'java/lang/invoke/LambdaForm$MH+0x0000022f01392000'
Event: 7.019 Thread 0x0000022f63d836f0 Unloading class 0x0000022f01391c00 'java/lang/invoke/LambdaForm$MH+0x0000022f01391c00'
Event: 7.019 Thread 0x0000022f63d836f0 Unloading class 0x0000022f01391000 'java/lang/invoke/LambdaForm$MH+0x0000022f01391000'
Event: 7.019 Thread 0x0000022f63d836f0 Unloading class 0x0000022f01391400 'java/lang/invoke/LambdaForm$MH+0x0000022f01391400'
Event: 7.019 Thread 0x0000022f63d836f0 Unloading class 0x0000022f01390c00 'java/lang/invoke/LambdaForm$DMH+0x0000022f01390c00'
Event: 7.019 Thread 0x0000022f63d836f0 Unloading class 0x0000022f01390800 'java/lang/invoke/LambdaForm$DMH+0x0000022f01390800'
Event: 7.019 Thread 0x0000022f63d836f0 Unloading class 0x0000022f01390000 'java/lang/invoke/LambdaForm$DMH+0x0000022f01390000'

Classes redefined (0 events):
No events

Internal exceptions (20 events):
Event: 7.000 Thread 0x0000022f6b70d950 Exception <a 'sun/nio/fs/WindowsException'{0x00000000d5fffee0}> (0x00000000d5fffee0) 
thrown [s\src\hotspot\share\prims\jni.cpp, line 520]
Event: 7.002 Thread 0x0000022f6b7100b0 Exception <a 'sun/nio/fs/WindowsException'{0x00000000d6023990}> (0x00000000d6023990) 
thrown [s\src\hotspot\share\prims\jni.cpp, line 520]
Event: 7.002 Thread 0x0000022f6b714f70 Exception <a 'sun/nio/fs/WindowsException'{0x00000000d60577d8}> (0x00000000d60577d8) 
thrown [s\src\hotspot\share\prims\jni.cpp, line 520]
Event: 7.078 Thread 0x0000022f6b714f70 Exception <a 'sun/nio/fs/WindowsException'{0x00000000d558ac68}> (0x00000000d558ac68) 
thrown [s\src\hotspot\share\prims\jni.cpp, line 520]
Event: 7.078 Thread 0x0000022f6b711af0 Exception <a 'sun/nio/fs/WindowsException'{0x00000000d5580ac0}> (0x00000000d5580ac0) 
thrown [s\src\hotspot\share\prims\jni.cpp, line 520]
Event: 7.078 Thread 0x0000022f6b712ea0 Exception <a 'sun/nio/fs/WindowsException'{0x00000000d55a0218}> (0x00000000d55a0218) 
thrown [s\src\hotspot\share\prims\jni.cpp, line 520]
Event: 7.079 Thread 0x0000022f6b711af0 Exception <a 'sun/nio/fs/WindowsException'{0x00000000d5582888}> (0x00000000d5582888) 
thrown [s\src\hotspot\share\prims\jni.cpp, line 520]
Event: 7.079 Thread 0x0000022f6b70d950 Exception <a 'sun/nio/fs/WindowsException'{0x00000000d55ca0d0}> (0x00000000d55ca0d0) 
thrown [s\src\hotspot\share\prims\jni.cpp, line 520]
Event: 7.079 Thread 0x0000022f6b712ea0 Exception <a 'sun/nio/fs/WindowsException'{0x00000000d55a2708}> (0x00000000d55a2708) 
thrown [s\src\hotspot\share\prims\jni.cpp, line 520]
Event: 7.132 Thread 0x0000022f6b70e670 Exception <a 'java/lang/LinkageError'{0x00000000d5613538}: loader lombok.launch.ShadowClassLoader @717539a8 attempted duplicate class definition for lombok.launch.PatchFixesHider$Transform. (lombok.launch.PatchFixesHider$Transform is in unnamed module of loader lombok.launch.ShadowClassLoader @717539a8, parent loader org.eclipse.osgi.internal.loader.EquinoxClassLoader @7fba438d)> (0x00000000d5613538) 
thrown [s\src\hotspot\share\classfile\systemDictionary.cpp, line 1682]
Event: 7.194 Thread 0x0000022f6b712810 Exception <a 'java/lang/LinkageError'{0x00000000d5765b38}: loader lombok.launch.ShadowClassLoader @717539a8 attempted duplicate class definition for lombok.launch.PatchFixesHider$Transform. (lombok.launch.PatchFixesHider$Transform is in unnamed module of loader lombok.launch.ShadowClassLoader @717539a8, parent loader org.eclipse.osgi.internal.loader.EquinoxClassLoader @7fba438d)> (0x00000000d5765b38) 
thrown [s\src\hotspot\share\classfile\systemDictionary.cpp, line 1682]
Event: 8.078 Thread 0x0000022f6b712180 Implicit null exception at 0x0000022f57b8371d to 0x0000022f57b84220
Event: 8.522 Thread 0x0000022f6ab68370 Exception <a 'java/io/FileNotFoundException'{0x00000000d5d40e28}> (0x00000000d5d40e28) 
thrown [s\src\hotspot\share\prims\jni.cpp, line 520]
Event: 8.522 Thread 0x0000022f6ab68370 Exception <a 'java/io/FileNotFoundException'{0x00000000d5d6f7f8}> (0x00000000d5d6f7f8) 
thrown [s\src\hotspot\share\prims\jni.cpp, line 520]
Event: 8.523 Thread 0x0000022f6ab68370 Exception <a 'java/io/FileNotFoundException'{0x00000000d5d7ff20}> (0x00000000d5d7ff20) 
thrown [s\src\hotspot\share\prims\jni.cpp, line 520]
Event: 8.750 Thread 0x0000022f6ab86400 Exception <a 'java/lang/NoSuchMethodError'{0x00000000d6799848}: 'java.lang.Object java.lang.invoke.DirectMethodHandle$Holder.invokeStatic(java.lang.Object, java.lang.Object, int, int)'> (0x00000000d6799848) 
thrown [s\src\hotspot\share\interpreter\linkResolver.cpp, line 773]
Event: 8.751 Thread 0x0000022f6ab86400 Exception <a 'java/lang/NoSuchMethodError'{0x00000000d679db58}: 'java.lang.Object java.lang.invoke.DirectMethodHandle$Holder.invokeSpecial(java.lang.Object, java.lang.Object, java.lang.Object, int, int)'> (0x00000000d679db58) 
thrown [s\src\hotspot\share\interpreter\linkResolver.cpp, line 773]
Event: 8.838 Thread 0x0000022f6ab86400 Exception <a 'java/lang/NoSuchMethodError'{0x00000000d58aa770}: 'int java.lang.invoke.DirectMethodHandle$Holder.invokeSpecialIFC(java.lang.Object, java.lang.Object, java.lang.Object)'> (0x00000000d58aa770) 
thrown [s\src\hotspot\share\interpreter\linkResolver.cpp, line 773]
Event: 8.942 Thread 0x0000022f6b70e670 Exception <a 'java/lang/NoSuchMethodError'{0x00000000d5cb6a08}: 'java.lang.Object java.lang.invoke.DirectMethodHandle$Holder.invokeSpecial(java.lang.Object, java.lang.Object, java.lang.Object, java.lang.Object, int, java.lang.Object, java.lang.Object)'> (0x00000000d5cb6a08) 
thrown [s\src\hotspot\share\interpreter\linkResolver.cpp, line 773]
Event: 8.942 Thread 0x0000022f6b712810 Exception <a 'java/lang/NoSuchMethodError'{0x00000000d5cd1e38}: 'java.lang.Object java.lang.invoke.DirectMethodHandle$Holder.invokeSpecial(java.lang.Object, java.lang.Object, java.lang.Object, java.lang.Object, int, java.lang.Object, java.lang.Object)'> (0x00000000d5cd1e38) 
thrown [s\src\hotspot\share\interpreter\linkResolver.cpp, line 773]

ZGC Phase Switch (0 events):
No events

VM Operations (20 events):
Event: 6.624 Executing VM operation: ParallelGCFailedAllocation (Allocation Failure)
Event: 6.630 Executing VM operation: ParallelGCFailedAllocation (Allocation Failure) done
Event: 6.761 Executing VM operation: ParallelGCFailedAllocation (Allocation Failure)
Event: 6.765 Executing VM operation: ParallelGCFailedAllocation (Allocation Failure) done
Event: 6.951 Executing VM operation: HandshakeAllThreads (Deoptimize)
Event: 6.951 Executing VM operation: HandshakeAllThreads (Deoptimize) done
Event: 7.003 Executing VM operation: CollectForMetadataAllocation (Metadata GC Threshold)
Event: 7.077 Executing VM operation: CollectForMetadataAllocation (Metadata GC Threshold) done
Event: 7.119 Executing VM operation: HandshakeAllThreads (Deoptimize)
Event: 7.119 Executing VM operation: HandshakeAllThreads (Deoptimize) done
Event: 7.910 Executing VM operation: ParallelGCFailedAllocation (Allocation Failure)
Event: 7.911 Executing VM operation: ParallelGCFailedAllocation (Allocation Failure) done
Event: 8.468 Executing VM operation: ParallelGCFailedAllocation (Allocation Failure)
Event: 8.471 Executing VM operation: ParallelGCFailedAllocation (Allocation Failure) done
Event: 8.628 Executing VM operation: ParallelGCFailedAllocation (Allocation Failure)
Event: 8.631 Executing VM operation: ParallelGCFailedAllocation (Allocation Failure) done
Event: 8.774 Executing VM operation: ParallelGCFailedAllocation (Allocation Failure)
Event: 8.777 Executing VM operation: ParallelGCFailedAllocation (Allocation Failure) done
Event: 8.834 Executing VM operation: HandshakeAllThreads (Deoptimize)
Event: 8.834 Executing VM operation: HandshakeAllThreads (Deoptimize) done

Memory protections (0 events):
No events

Nmethod flushes (20 events):
Event: 7.031 Thread 0x0000022f63d836f0 flushing  nmethod 0x0000022f501eb690
Event: 7.031 Thread 0x0000022f63d836f0 flushing  nmethod 0x0000022f50200010
Event: 7.031 Thread 0x0000022f63d836f0 flushing  nmethod 0x0000022f50208890
Event: 7.031 Thread 0x0000022f63d836f0 flushing  nmethod 0x0000022f5022a910
Event: 7.031 Thread 0x0000022f63d836f0 flushing  nmethod 0x0000022f5022d610
Event: 7.031 Thread 0x0000022f63d836f0 flushing  nmethod 0x0000022f5022d910
Event: 7.031 Thread 0x0000022f63d836f0 flushing  nmethod 0x0000022f50244a90
Event: 7.031 Thread 0x0000022f63d836f0 flushing  nmethod 0x0000022f5028ba10
Event: 7.031 Thread 0x0000022f63d836f0 flushing  nmethod 0x0000022f50316610
Event: 7.031 Thread 0x0000022f63d836f0 flushing  nmethod 0x0000022f5031a390
Event: 7.031 Thread 0x0000022f63d836f0 flushing  nmethod 0x0000022f50344c90
Event: 7.031 Thread 0x0000022f63d836f0 flushing  nmethod 0x0000022f50345690
Event: 7.031 Thread 0x0000022f63d836f0 flushing  nmethod 0x0000022f5034a290
Event: 7.031 Thread 0x0000022f63d836f0 flushing  nmethod 0x0000022f5034de90
Event: 7.031 Thread 0x0000022f63d836f0 flushing  nmethod 0x0000022f5037c710
Event: 7.031 Thread 0x0000022f63d836f0 flushing  nmethod 0x0000022f50389d90
Event: 7.031 Thread 0x0000022f63d836f0 flushing  nmethod 0x0000022f50391690
Event: 7.031 Thread 0x0000022f63d836f0 flushing  nmethod 0x0000022f503d7390
Event: 7.031 Thread 0x0000022f63d836f0 flushing  nmethod 0x0000022f503d7c10
Event: 7.031 Thread 0x0000022f63d836f0 flushing  nmethod 0x0000022f503f3d10

Events (20 events):
Event: 5.636 Thread 0x0000022f6b712180 Thread added: 0x0000022f6b712810
Event: 6.997 Thread 0x0000022f6ab86400 Thread added: 0x0000022f6b70f390
Event: 6.998 Thread 0x0000022f6b70f390 Thread added: 0x0000022f6b70d950
Event: 7.000 Thread 0x0000022f6b70f390 Thread added: 0x0000022f6b7100b0
Event: 7.000 Thread 0x0000022f6b70d950 Thread added: 0x0000022f6b711af0
Event: 7.001 Thread 0x0000022f6b7100b0 Thread added: 0x0000022f6b711460
Event: 7.001 Thread 0x0000022f6b70d950 Thread added: 0x0000022f6b714f70
Event: 7.001 Thread 0x0000022f6b711af0 Thread added: 0x0000022f6b712ea0
Event: 7.001 Thread 0x0000022f6b714f70 Thread added: 0x0000022f6b713530
Event: 7.158 Thread 0x0000022f6ab86400 Thread added: 0x0000022f6b7148e0
Event: 7.158 Thread 0x0000022f6ab86400 Thread added: 0x0000022f6b710740
Event: 7.158 Thread 0x0000022f6ab86400 Thread added: 0x0000022f6b70dfe0
Event: 7.158 Thread 0x0000022f6ab86400 Thread added: 0x0000022f659dfa10
Event: 7.158 Thread 0x0000022f6ab86400 Thread added: 0x0000022f659db870
Event: 7.159 Thread 0x0000022f6ab86400 Thread added: 0x0000022f659dcc20
Event: 7.344 Thread 0x0000022f6af53a90 Thread exited: 0x0000022f6af53a90
Event: 7.633 Thread 0x0000022f65780090 Thread added: 0x0000022f6c0de480
Event: 8.042 Thread 0x0000022f6c0de480 Thread exited: 0x0000022f6c0de480
Event: 8.310 Thread 0x0000022f65780090 Thread added: 0x0000022f6b5456e0
Event: 8.597 Thread 0x0000022f6aa4aef0 Thread exited: 0x0000022f6aa4aef0


Dynamic libraries:
0x00007ff7a9bd0000 - 0x00007ff7a9bde000 	c:\Users\Salah eddine bitti\.vscode\extensions\redhat.java-1.43.1-win32-x64\jre\21.0.7-win32-x86_64\bin\java.exe
0x00007fffe9650000 - 0x00007fffe9867000 	C:\WINDOWS\SYSTEM32\ntdll.dll
0x00007fffe8b10000 - 0x00007fffe8bd4000 	C:\WINDOWS\System32\KERNEL32.DLL
0x00007fffe6860000 - 0x00007fffe6c32000 	C:\WINDOWS\System32\KERNELBASE.dll
0x00007fffe6740000 - 0x00007fffe6851000 	C:\WINDOWS\System32\ucrtbase.dll
0x00007fffdfbb0000 - 0x00007fffdfbc8000 	c:\Users\Salah eddine bitti\.vscode\extensions\redhat.java-1.43.1-win32-x64\jre\21.0.7-win32-x86_64\bin\jli.dll
0x00007fffdeed0000 - 0x00007fffdeeee000 	c:\Users\Salah eddine bitti\.vscode\extensions\redhat.java-1.43.1-win32-x64\jre\21.0.7-win32-x86_64\bin\VCRUNTIME140.dll
0x00007fffe8c10000 - 0x00007fffe8dc1000 	C:\WINDOWS\System32\USER32.dll
0x00007fffe70a0000 - 0x00007fffe70c6000 	C:\WINDOWS\System32\win32u.dll
0x00007fffe8be0000 - 0x00007fffe8c09000 	C:\WINDOWS\System32\GDI32.dll
0x00007fffc96b0000 - 0x00007fffc994b000 	C:\WINDOWS\WinSxS\amd64_microsoft.windows.common-controls_6595b64144ccf1df_6.0.22621.5547_none_27104afb73855772\COMCTL32.dll
0x00007fffe6d80000 - 0x00007fffe6ea3000 	C:\WINDOWS\System32\gdi32full.dll
0x00007fffe8dd0000 - 0x00007fffe8e77000 	C:\WINDOWS\System32\msvcrt.dll
0x00007fffe7190000 - 0x00007fffe722a000 	C:\WINDOWS\System32\msvcp_win.dll
0x00007fffe7ac0000 - 0x00007fffe7af1000 	C:\WINDOWS\System32\IMM32.DLL
0x00007fffdf9c0000 - 0x00007fffdf9cc000 	c:\Users\Salah eddine bitti\.vscode\extensions\redhat.java-1.43.1-win32-x64\jre\21.0.7-win32-x86_64\bin\vcruntime140_1.dll
0x00007fff7fa00000 - 0x00007fff7fa8d000 	c:\Users\Salah eddine bitti\.vscode\extensions\redhat.java-1.43.1-win32-x64\jre\21.0.7-win32-x86_64\bin\msvcp140.dll
0x00007fff54850000 - 0x00007fff555e0000 	c:\Users\Salah eddine bitti\.vscode\extensions\redhat.java-1.43.1-win32-x64\jre\21.0.7-win32-x86_64\bin\server\jvm.dll
0x00007fffe77d0000 - 0x00007fffe7881000 	C:\WINDOWS\System32\ADVAPI32.dll
0x00007fffe7b00000 - 0x00007fffe7ba8000 	C:\WINDOWS\System32\sechost.dll
0x00007fffe72b0000 - 0x00007fffe72d8000 	C:\WINDOWS\System32\bcrypt.dll
0x00007fffe78e0000 - 0x00007fffe79f4000 	C:\WINDOWS\System32\RPCRT4.dll
0x00007fffe9440000 - 0x00007fffe94b1000 	C:\WINDOWS\System32\WS2_32.dll
0x00007fffe5fe0000 - 0x00007fffe602d000 	C:\WINDOWS\SYSTEM32\POWRPROF.dll
0x00007fffde5b0000 - 0x00007fffde5ba000 	C:\WINDOWS\SYSTEM32\VERSION.dll
0x00007fffdc550000 - 0x00007fffdc584000 	C:\WINDOWS\SYSTEM32\WINMM.dll
0x00007fffe5fc0000 - 0x00007fffe5fd3000 	C:\WINDOWS\SYSTEM32\UMPDC.dll
0x00007fffe5730000 - 0x00007fffe5748000 	C:\WINDOWS\SYSTEM32\kernel.appcore.dll
0x00007fffdedf0000 - 0x00007fffdedfa000 	c:\Users\Salah eddine bitti\.vscode\extensions\redhat.java-1.43.1-win32-x64\jre\21.0.7-win32-x86_64\bin\jimage.dll
0x00007fffe4170000 - 0x00007fffe43a3000 	C:\WINDOWS\SYSTEM32\DBGHELP.DLL
0x00007fffe8ef0000 - 0x00007fffe9283000 	C:\WINDOWS\System32\combase.dll
0x00007fffe9530000 - 0x00007fffe9607000 	C:\WINDOWS\System32\OLEAUT32.dll
0x00007fffc15b0000 - 0x00007fffc15e2000 	C:\WINDOWS\SYSTEM32\dbgcore.DLL
0x00007fffe7230000 - 0x00007fffe72ab000 	C:\WINDOWS\System32\bcryptPrimitives.dll
0x00007fffdec90000 - 0x00007fffdec9f000 	c:\Users\Salah eddine bitti\.vscode\extensions\redhat.java-1.43.1-win32-x64\jre\21.0.7-win32-x86_64\bin\instrument.dll
0x00007fffdc600000 - 0x00007fffdc61f000 	c:\Users\Salah eddine bitti\.vscode\extensions\redhat.java-1.43.1-win32-x64\jre\21.0.7-win32-x86_64\bin\java.dll
0x00007fffe7bc0000 - 0x00007fffe8462000 	C:\WINDOWS\System32\SHELL32.dll
0x00007fffe6c40000 - 0x00007fffe6d7f000 	C:\WINDOWS\System32\wintypes.dll
0x00007fffe4620000 - 0x00007fffe4f3d000 	C:\WINDOWS\SYSTEM32\windows.storage.dll
0x00007fffe9290000 - 0x00007fffe939c000 	C:\WINDOWS\System32\SHCORE.dll
0x00007fffe8e80000 - 0x00007fffe8ee9000 	C:\WINDOWS\System32\shlwapi.dll
0x00007fffe6670000 - 0x00007fffe669b000 	C:\WINDOWS\SYSTEM32\profapi.dll
0x00007fffdc230000 - 0x00007fffdc248000 	c:\Users\Salah eddine bitti\.vscode\extensions\redhat.java-1.43.1-win32-x64\jre\21.0.7-win32-x86_64\bin\zip.dll
0x00007fffdec80000 - 0x00007fffdec90000 	C:\Users\Salah eddine bitti\.vscode\extensions\redhat.java-1.43.1-win32-x64\jre\21.0.7-win32-x86_64\bin\net.dll
0x00007fffdf520000 - 0x00007fffdf64c000 	C:\WINDOWS\SYSTEM32\WINHTTP.dll
0x00007fffe5bb0000 - 0x00007fffe5c19000 	C:\WINDOWS\system32\mswsock.dll
0x00007fffd9580000 - 0x00007fffd9596000 	C:\Users\Salah eddine bitti\.vscode\extensions\redhat.java-1.43.1-win32-x64\jre\21.0.7-win32-x86_64\bin\nio.dll
0x00007fffdb6c0000 - 0x00007fffdb6d0000 	c:\Users\Salah eddine bitti\.vscode\extensions\redhat.java-1.43.1-win32-x64\jre\21.0.7-win32-x86_64\bin\verify.dll
0x00007fffc8940000 - 0x00007fffc8985000 	C:\Users\Salah eddine bitti\AppData\Roaming\Code\User\globalStorage\redhat.java\1.43.1\config_ss_win\org.eclipse.equinox.launcher\org.eclipse.equinox.launcher.win32.win32.x86_64_1.2.1300.v20250331-1702\eclipse_11911.dll
0x00007fffe72f0000 - 0x00007fffe7490000 	C:\WINDOWS\System32\ole32.dll
0x00007fffe5de0000 - 0x00007fffe5dfb000 	C:\WINDOWS\SYSTEM32\CRYPTSP.dll
0x00007fffe5690000 - 0x00007fffe56c7000 	C:\WINDOWS\system32\rsaenh.dll
0x00007fffe5c50000 - 0x00007fffe5c78000 	C:\WINDOWS\SYSTEM32\USERENV.dll
0x00007fffe5dd0000 - 0x00007fffe5ddc000 	C:\WINDOWS\SYSTEM32\CRYPTBASE.dll
0x00007fffe51a0000 - 0x00007fffe51cd000 	C:\WINDOWS\SYSTEM32\IPHLPAPI.DLL
0x00007fffe7bb0000 - 0x00007fffe7bb9000 	C:\WINDOWS\System32\NSI.dll
0x00007fffd1c40000 - 0x00007fffd1c89000 	C:\Users\Salah eddine bitti\AppData\Local\Temp\jna-1086784984\jna14959543678263710128.dll
0x00007fffe7ab0000 - 0x00007fffe7ab8000 	C:\WINDOWS\System32\PSAPI.DLL
0x00007fffdcbe0000 - 0x00007fffdcbf9000 	C:\WINDOWS\SYSTEM32\dhcpcsvc6.DLL
0x00007fffdc780000 - 0x00007fffdc79f000 	C:\WINDOWS\SYSTEM32\dhcpcsvc.DLL

dbghelp: loaded successfully - version: 4.0.5 - missing functions: none
symbol engine: initialized successfully - sym options: 0x614 - pdb path: .;c:\Users\Salah eddine bitti\.vscode\extensions\redhat.java-1.43.1-win32-x64\jre\21.0.7-win32-x86_64\bin;C:\WINDOWS\SYSTEM32;C:\WINDOWS\WinSxS\amd64_microsoft.windows.common-controls_6595b64144ccf1df_6.0.22621.5547_none_27104afb73855772;c:\Users\Salah eddine bitti\.vscode\extensions\redhat.java-1.43.1-win32-x64\jre\21.0.7-win32-x86_64\bin\server;C:\Users\Salah eddine bitti\AppData\Roaming\Code\User\globalStorage\redhat.java\1.43.1\config_ss_win\org.eclipse.equinox.launcher\org.eclipse.equinox.launcher.win32.win32.x86_64_1.2.1300.v20250331-1702;C:\Users\Salah eddine bitti\AppData\Local\Temp\jna-1086784984

VM Arguments:
jvm_args: --add-modules=ALL-SYSTEM --add-opens=java.base/java.util=ALL-UNNAMED --add-opens=java.base/java.lang=ALL-UNNAMED --add-opens=java.base/sun.nio.fs=ALL-UNNAMED -Declipse.application=org.eclipse.jdt.ls.core.id1 -Dosgi.bundles.defaultStartLevel=4 -Declipse.product=org.eclipse.jdt.ls.core.product -Djava.import.generatesMetadataFilesAtProjectRoot=false -DDetectVMInstallationsJob.disabled=true -Dfile.encoding=utf8 -XX:+UseParallelGC -XX:GCTimeRatio=4 -XX:AdaptiveSizePolicyWeight=90 -Dsun.zip.disableMemoryMapping=true -Xmx2G -Xms100m -Xlog:disable -javaagent:c:\Users\Salah eddine bitti\.vscode\extensions\redhat.java-1.43.1-win32-x64\lombok\lombok-1.18.39-4050.jar 
java_command: c:\Users\Salah eddine bitti\.vscode\extensions\redhat.java-1.43.1-win32-x64\server\plugins\org.eclipse.equinox.launcher_1.7.0.v20250519-0528.jar -configuration c:\Users\Salah eddine bitti\AppData\Roaming\Code\User\globalStorage\redhat.java\1.43.1\config_ss_win -data c:\Users\Salah eddine bitti\AppData\Roaming\Code\User\workspaceStorage\86298339464e7d9bd6535f9d51b3350d\redhat.java\ss_ws --pipe=\\.\pipe\lsp-e94bd568cf66af38ff9c14bc4f128525-sock
java_class_path (initial): c:\Users\Salah eddine bitti\.vscode\extensions\redhat.java-1.43.1-win32-x64\server\plugins\org.eclipse.equinox.launcher_1.7.0.v20250519-0528.jar
Launcher Type: SUN_STANDARD

[Global flags]
    uintx AdaptiveSizePolicyWeight                 = 90                                        {product} {command line}
     intx CICompilerCount                          = 4                                         {product} {ergonomic}
    uintx GCTimeRatio                              = 4                                         {product} {command line}
   size_t InitialHeapSize                          = 104857600                                 {product} {command line}
   size_t MaxHeapSize                              = 2147483648                                {product} {command line}
   size_t MaxNewSize                               = 715653120                                 {product} {ergonomic}
   size_t MinHeapDeltaBytes                        = 524288                                    {product} {ergonomic}
   size_t MinHeapSize                              = 104857600                                 {product} {command line}
   size_t NewSize                                  = 34603008                                  {product} {ergonomic}
    uintx NonNMethodCodeHeapSize                   = 5839372                                {pd product} {ergonomic}
    uintx NonProfiledCodeHeapSize                  = 122909434                              {pd product} {ergonomic}
   size_t OldSize                                  = 70254592                                  {product} {ergonomic}
    uintx ProfiledCodeHeapSize                     = 122909434                              {pd product} {ergonomic}
    uintx ReservedCodeCacheSize                    = 251658240                              {pd product} {ergonomic}
     bool SegmentedCodeCache                       = true                                      {product} {ergonomic}
   size_t SoftMaxHeapSize                          = 2147483648                             {manageable} {ergonomic}
     bool UseCompressedOops                        = true                           {product lp64_product} {ergonomic}
     bool UseLargePagesIndividualAllocation        = false                                  {pd product} {ergonomic}
     bool UseParallelGC                            = true                                      {product} {command line}

Logging:
Log output configuration:
 #0: stdout all=off uptime,level,tags foldmultilines=false
 #1: stderr all=off uptime,level,tags foldmultilines=false

Environment Variables:
JAVA_HOME=D:\bin\jdk-21
PATH=D:\bin;C:\Program Files\ImageMagick-7.1.1-Q16-HDRI;C:\Python310\Scripts\;C:\Python310\;C:\Program Files (x86)\Common Files\Intel\Shared Libraries\redist\intel64_win\compiler;C:\windows\system32;C:\windows;C:\windows\System32\Wbem;C:\windows\System32\WindowsPowerShell\v1.0\;C:\windows\System32\OpenSSH\;C:\Program Files (x86)\NVIDIA Corporation\PhysX\Common;C:\WINDOWS\system32;C:\WINDOWS;C:\WINDOWS\System32\Wbem;C:\WINDOWS\System32\WindowsPowerShell\v1.0\;C:\WINDOWS\System32\OpenSSH\;C:\Users\Salah eddine bitti\AppData\Local\Microsoft\WindowsApps;C:\Users\Salah eddine bitti\AppData\Local\Programs\Python\Python311\Scripts;C:\Users\Salah eddine bitti\AppData\Local\Programs\Python\Python311;C:\wamp64\bin\php\php7.4.33;C:\composer;C:\xampp\php;C:\Program Files\NVIDIA Corporation\NVIDIA app\NvDLISR;C:\ProgramData\chocolatey\bin;D:\Git\cmd;D:\programmes\;C:\Users\Salah eddine bitti\AppData\Local\Microsoft\WindowsApps;C:\Users\Salah eddine bitti\AppData\Local\gitkraken\bin;C:\Users\Salah eddine bitti\AppData\Local\Programs\Microsoft VS Code\bin;C:\Users\Salah eddine bitti\AppData\Local\Microsoft\WindowsApps;C:\Users\Salah eddine bitti\AppData\Roaming\Microsoft\Windows\Start Menu\Programs\Python 3.11;C:\Users\Salah eddine bitti\AppData\Roaming\Microsoft\Windows\Start Menu\Programs\Python 3.11\scripts\;C:\ffmpeg\bin;C:\Users\Salah eddine bitti\AppData\Local\Microsoft\WinGet\Links;C:\Users\Salah eddine bitti\AppData\Roaming\Composer\vendor\bin;C:\xampp\php;C:\Program Files\Git;C:\Users\Salah eddine bitti\AppData\Local\Programs\mongosh\;D:\projets\maven-mvnd-1.0.2-windows-amd64\bin;D:\projets\apache-maven-3.9.10-bin\apache-maven-3.9.10\bin;;D:\IntelliJ IDEA 2025.1.2\bin;;C:\Users\Salah eddine bitti\AppData\Roaming\npm
USERNAME=Salah eddine bitti
OS=Windows_NT
PROCESSOR_IDENTIFIER=Intel64 Family 6 Model 140 Stepping 1, GenuineIntel
TMP=C:\Users\SALAHE~1\AppData\Local\Temp
TEMP=C:\Users\SALAHE~1\AppData\Local\Temp




Periodic native trim disabled

---------------  S Y S T E M  ---------------

OS:
 Windows 11 , 64 bit Build 22621 (10.0.22621.5415)
OS uptime: 1 days 8:59 hours
Hyper-V role detected

CPU: total 8 (initial active 8) (4 cores per cpu, 2 threads per core) family 6 model 140 stepping 1 microcode 0xac, cx8, cmov, fxsr, ht, mmx, 3dnowpref, sse, sse2, sse3, ssse3, sse4.1, sse4.2, popcnt, lzcnt, tsc, tscinvbit, avx, avx2, aes, erms, clmul, bmi1, bmi2, adx, avx512f, avx512dq, avx512cd, avx512bw, avx512vl, sha, fma, vzeroupper, avx512_vpopcntdq, avx512_vpclmulqdq, avx512_vaes, avx512_vnni, clflush, clflushopt, clwb, avx512_vbmi2, avx512_vbmi, hv, rdtscp, rdpid, fsrm, gfni, avx512_bitalg, f16c, cet_ibt, cet_ss, avx512_ifma
Processor Information for the first 8 processors :
  Max Mhz: 2419, Current Mhz: 2419, Mhz Limit: 2419

Memory: 4k page, system-wide physical 7932M (435M free)
TotalPageFile size 16124M (AvailPageFile size 3M)
current process WorkingSet (physical memory assigned to process): 215M, peak: 215M
current process commit charge ("private bytes"): 326M, peak: 326M

vm_info: OpenJDK 64-Bit Server VM (21.0.7+6-LTS) for windows-amd64 JRE (21.0.7+6-LTS), built on 2025-04-15T00:00:00Z by "admin" with MS VC++ 17.7 (VS2022)

END.
