#
# There is insufficient memory for the Java Runtime Environment to continue.
# Native memory allocation (malloc) failed to allocate 822736 bytes. Error detail: Chunk::new
# Possible reasons:
#   The system is out of physical RAM or swap space
#   This process is running with CompressedOops enabled, and the Java Heap may be blocking the growth of the native heap
# Possible solutions:
#   Reduce memory load on the system
#   Increase physical memory or swap space
#   Check if swap backing store is full
#   Decrease Java heap size (-Xmx/-Xms)
#   Decrease number of Java threads
#   Decrease Java thread stack sizes (-Xss)
#   Set larger code cache with -XX:ReservedCodeCacheSize=
#   JVM is running with Unscaled Compressed Oops mode in which the Java heap is
#     placed in the first 4GB address space. The Java Heap base address is the
#     maximum limit for the native heap growth. Please use -XX:HeapBaseMinAddress
#     to set the Java Heap base and to place the Java Heap above 4GB virtual address.
# This output file may be truncated or incomplete.
#
#  Out of Memory Error (arena.cpp:168), pid=21220, tid=19244
#
# JRE version: OpenJDK Runtime Environment Temurin-21.0.7+6 (21.0.7+6) (build 21.0.7+6-LTS)
# Java VM: OpenJDK 64-Bit Server VM Temurin-21.0.7+6 (21.0.7+6-LTS, mixed mode, sharing, tiered, compressed oops, compressed class ptrs, parallel gc, windows-amd64)
# No core dump will be written. Minidumps are not enabled by default on client versions of Windows
#

---------------  S U M M A R Y ------------

Command Line: --add-modules=ALL-SYSTEM --add-opens=java.base/java.util=ALL-UNNAMED --add-opens=java.base/java.lang=ALL-UNNAMED --add-opens=java.base/sun.nio.fs=ALL-UNNAMED -Declipse.application=org.eclipse.jdt.ls.core.id1 -Dosgi.bundles.defaultStartLevel=4 -Declipse.product=org.eclipse.jdt.ls.core.product -Djava.import.generatesMetadataFilesAtProjectRoot=false -DDetectVMInstallationsJob.disabled=true -Dfile.encoding=utf8 -XX:+UseParallelGC -XX:GCTimeRatio=4 -XX:AdaptiveSizePolicyWeight=90 -Dsun.zip.disableMemoryMapping=true -Xmx2G -Xms100m -Xlog:disable -javaagent:c:\Users\Salah eddine bitti\.vscode\extensions\redhat.java-1.43.1-win32-x64\lombok\lombok-1.18.39-4050.jar c:\Users\Salah eddine bitti\.vscode\extensions\redhat.java-1.43.1-win32-x64\server\plugins\org.eclipse.equinox.launcher_1.7.0.v20250519-0528.jar -configuration c:\Users\Salah eddine bitti\AppData\Roaming\Code\User\globalStorage\redhat.java\1.43.1\config_ss_win -data c:\Users\Salah eddine bitti\AppData\Roaming\Code\User\workspaceStorage\86298339464e7d9bd6535f9d51b3350d\redhat.java\ss_ws --pipe=\\.\pipe\lsp-99b4e08d15e724d76aa98ee544aac4f5-sock

Host: 11th Gen Intel(R) Core(TM) i5-1135G7 @ 2.40GHz, 8 cores, 7G,  Windows 11 , 64 bit Build 22621 (10.0.22621.5415)
Time: Thu Jul 10 21:23:27 2025 Maroc (heure d64 bit Build 22621 (10.0.22621.5415) elapsed time: 6.453126 seconds (0d 0h 0m 6s)

---------------  T H R E A D  ---------------

Current thread (0x000001fac2f35c40):  JavaThread "C2 CompilerThread0" daemon [_thread_in_native, id=19244, stack(0x000000962d700000,0x000000962d800000) (1024K)]


Current CompileTask:
C2:6453 6309       4       org.eclipse.jdt.internal.compiler.lookup.BinaryTypeBinding::createMethod (1666 bytes)

Stack: [0x000000962d700000,0x000000962d800000]
Native frames: (J=compiled Java code, j=interpreted, Vv=VM code, C=native code)
V  [jvm.dll+0x6ce119]
V  [jvm.dll+0x8a84a1]
V  [jvm.dll+0x8aa9ce]
V  [jvm.dll+0x8ab0b3]
V  [jvm.dll+0x27f8a6]
V  [jvm.dll+0xc507d]
V  [jvm.dll+0xc55b3]
V  [jvm.dll+0x2f2c6d]
V  [jvm.dll+0x5f6bca]
V  [jvm.dll+0x250cb2]
V  [jvm.dll+0x249626]
V  [jvm.dll+0x246fc4]
V  [jvm.dll+0x1c760e]
V  [jvm.dll+0x25695a]
V  [jvm.dll+0x254efa]
V  [jvm.dll+0x3f03f6]
V  [jvm.dll+0x851f6b]
V  [jvm.dll+0x6cc7dd]
C  [ucrtbase.dll+0x29333]
C  [KERNEL32.DLL+0x1259d]
C  [ntdll.dll+0x5af78]


---------------  P R O C E S S  ---------------

Threads class SMR info:
_java_thread_list=0x000001fb22df8560, length=56, elements={
0x000001fac2fb7590, 0x000001fac2f28370, 0x000001fac306c1b0, 0x000001fac306e330,
0x000001fac2f293c0, 0x000001fac2f2b4c0, 0x000001fac2f2f450, 0x000001fac2f35c40,
0x000001fac2f58d60, 0x000001fb1c30fb80, 0x000001fb1c49bfe0, 0x000001fb1cd62930,
0x000001fb1ca260e0, 0x000001fb1ca26df0, 0x000001fb1cd45f60, 0x000001fb1ce0a3d0,
0x000001fb2124cfc0, 0x000001fb213eb8c0, 0x000001fb213edc90, 0x000001fb21583150,
0x000001fb21581710, 0x000001fb21581da0, 0x000001fb21584500, 0x000001fb215837e0,
0x000001fb21583e70, 0x000001fb21582430, 0x000001fb21582ac0, 0x000001fb21581080,
0x000001fb22b8f000, 0x000001fb22b8bb80, 0x000001fb22b8c210, 0x000001fb22b8fd20,
0x000001fb22b90a40, 0x000001fb22b910d0, 0x000001fb22b8d5c0, 0x000001fb22b8c8a0,
0x000001fb22b91760, 0x000001fb22b8cf30, 0x000001fb22b8dc50, 0x000001fb22b92480,
0x000001fb22b8b4f0, 0x000001fb22b8e2e0, 0x000001fb22b8e970, 0x000001fb22b8f690,
0x000001fb22b903b0, 0x000001fb22b91df0, 0x000001fb22cb6150, 0x000001fb22cb5430,
0x000001fb22cbb6a0, 0x000001fb22cba2f0, 0x000001fb22cbbd30, 0x000001fb22cba980,
0x000001fb22cb67e0, 0x000001fb22cb7500, 0x000001fb22cbca50, 0x000001fb2317a9a0
}

Java Threads: ( => current thread )
  0x000001fac2fb7590 JavaThread "main"                              [_thread_blocked, id=8664, stack(0x000000962cd00000,0x000000962ce00000) (1024K)]
  0x000001fac2f28370 JavaThread "Reference Handler"          daemon [_thread_blocked, id=19204, stack(0x000000962d100000,0x000000962d200000) (1024K)]
  0x000001fac306c1b0 JavaThread "Finalizer"                  daemon [_thread_blocked, id=21720, stack(0x000000962d200000,0x000000962d300000) (1024K)]
  0x000001fac306e330 JavaThread "Signal Dispatcher"          daemon [_thread_blocked, id=21344, stack(0x000000962d300000,0x000000962d400000) (1024K)]
  0x000001fac2f293c0 JavaThread "Attach Listener"            daemon [_thread_blocked, id=21760, stack(0x000000962d400000,0x000000962d500000) (1024K)]
  0x000001fac2f2b4c0 JavaThread "Service Thread"             daemon [_thread_blocked, id=7888, stack(0x000000962d500000,0x000000962d600000) (1024K)]
  0x000001fac2f2f450 JavaThread "Monitor Deflation Thread"   daemon [_thread_blocked, id=4220, stack(0x000000962d600000,0x000000962d700000) (1024K)]
=>0x000001fac2f35c40 JavaThread "C2 CompilerThread0"         daemon [_thread_in_native, id=19244, stack(0x000000962d700000,0x000000962d800000) (1024K)]
  0x000001fac2f58d60 JavaThread "C1 CompilerThread0"         daemon [_thread_blocked, id=10200, stack(0x000000962d800000,0x000000962d900000) (1024K)]
  0x000001fb1c30fb80 JavaThread "Common-Cleaner"             daemon [_thread_blocked, id=1120, stack(0x000000962d900000,0x000000962da00000) (1024K)]
  0x000001fb1c49bfe0 JavaThread "Notification Thread"        daemon [_thread_blocked, id=2804, stack(0x000000962db00000,0x000000962dc00000) (1024K)]
  0x000001fb1cd62930 JavaThread "Active Thread: Equinox Container: 9d111085-01a3-4233-9b06-a56b2fa0711a"        [_thread_blocked, id=5864, stack(0x000000962e200000,0x000000962e300000) (1024K)]
  0x000001fb1ca260e0 JavaThread "Framework Event Dispatcher: Equinox Container: 9d111085-01a3-4233-9b06-a56b2fa0711a" daemon [_thread_blocked, id=17876, stack(0x000000962e300000,0x000000962e400000) (1024K)]
  0x000001fb1ca26df0 JavaThread "Start Level: Equinox Container: 9d111085-01a3-4233-9b06-a56b2fa0711a" daemon [_thread_blocked, id=14008, stack(0x000000962e400000,0x000000962e500000) (1024K)]
  0x000001fb1cd45f60 JavaThread "SCR Component Actor"        daemon [_thread_blocked, id=22248, stack(0x000000962e600000,0x000000962e700000) (1024K)]
  0x000001fb1ce0a3d0 JavaThread "SCR Component Registry"     daemon [_thread_blocked, id=14616, stack(0x000000962e700000,0x000000962e800000) (1024K)]
  0x000001fb2124cfc0 JavaThread "Worker-JM"                         [_thread_blocked, id=12684, stack(0x000000962e800000,0x000000962e900000) (1024K)]
  0x000001fb213eb8c0 JavaThread "JNA Cleaner"                daemon [_thread_blocked, id=16444, stack(0x000000962e900000,0x000000962ea00000) (1024K)]
  0x000001fb213edc90 JavaThread "Worker-0"                          [_thread_blocked, id=1168, stack(0x000000962ea00000,0x000000962eb00000) (1024K)]
  0x000001fb21583150 JavaThread "Worker-1"                          [_thread_blocked, id=1768, stack(0x000000962eb00000,0x000000962ec00000) (1024K)]
  0x000001fb21581710 JavaThread "Thread-2"                   daemon [_thread_in_native, id=20276, stack(0x000000962ec00000,0x000000962ed00000) (1024K)]
  0x000001fb21581da0 JavaThread "Thread-3"                   daemon [_thread_in_native, id=11124, stack(0x000000962ed00000,0x000000962ee00000) (1024K)]
  0x000001fb21584500 JavaThread "Thread-4"                   daemon [_thread_in_native, id=15828, stack(0x000000962ee00000,0x000000962ef00000) (1024K)]
  0x000001fb215837e0 JavaThread "Thread-5"                   daemon [_thread_in_native, id=11176, stack(0x000000962ef00000,0x000000962f000000) (1024K)]
  0x000001fb21583e70 JavaThread "Thread-6"                   daemon [_thread_in_native, id=19824, stack(0x000000962f000000,0x000000962f100000) (1024K)]
  0x000001fb21582430 JavaThread "Thread-7"                   daemon [_thread_in_native, id=20232, stack(0x000000962f100000,0x000000962f200000) (1024K)]
  0x000001fb21582ac0 JavaThread "Thread-8"                   daemon [_thread_in_native, id=20548, stack(0x000000962f200000,0x000000962f300000) (1024K)]
  0x000001fb21581080 JavaThread "Thread-9"                   daemon [_thread_in_native, id=5876, stack(0x000000962f300000,0x000000962f400000) (1024K)]
  0x000001fb22b8f000 JavaThread "Thread-10"                  daemon [_thread_in_native, id=1056, stack(0x000000962f400000,0x000000962f500000) (1024K)]
  0x000001fb22b8bb80 JavaThread "pool-2-thread-1"                   [_thread_blocked, id=13336, stack(0x000000962f500000,0x000000962f600000) (1024K)]
  0x000001fb22b8c210 JavaThread "Worker-2"                          [_thread_blocked, id=21296, stack(0x000000962f600000,0x000000962f700000) (1024K)]
  0x000001fb22b8fd20 JavaThread "Worker-3"                          [_thread_blocked, id=10180, stack(0x000000962f700000,0x000000962f800000) (1024K)]
  0x000001fb22b90a40 JavaThread "WorkspaceEventsHandler"            [_thread_blocked, id=6980, stack(0x000000962f800000,0x000000962f900000) (1024K)]
  0x000001fb22b910d0 JavaThread "pool-1-thread-1"                   [_thread_blocked, id=5036, stack(0x000000962f900000,0x000000962fa00000) (1024K)]
  0x000001fb22b8d5c0 JavaThread "LocalFile Deleter"          daemon [_thread_blocked, id=19740, stack(0x000000962fa00000,0x000000962fb00000) (1024K)]
  0x000001fb22b8c8a0 JavaThread "LocalFile Deleter"          daemon [_thread_blocked, id=20004, stack(0x000000962fb00000,0x000000962fc00000) (1024K)]
  0x000001fb22b91760 JavaThread "LocalFile Deleter"          daemon [_thread_blocked, id=2672, stack(0x000000962fc00000,0x000000962fd00000) (1024K)]
  0x000001fb22b8cf30 JavaThread "LocalFile Deleter"          daemon [_thread_blocked, id=18752, stack(0x000000962fd00000,0x000000962fe00000) (1024K)]
  0x000001fb22b8dc50 JavaThread "LocalFile Deleter"          daemon [_thread_blocked, id=18004, stack(0x000000962fe00000,0x000000962ff00000) (1024K)]
  0x000001fb22b92480 JavaThread "LocalFile Deleter"          daemon [_thread_blocked, id=17564, stack(0x000000962ff00000,0x0000009630000000) (1024K)]
  0x000001fb22b8b4f0 JavaThread "LocalFile Deleter"          daemon [_thread_blocked, id=19036, stack(0x0000009630000000,0x0000009630100000) (1024K)]
  0x000001fb22b8e2e0 JavaThread "LocalFile Deleter"          daemon [_thread_blocked, id=12580, stack(0x0000009630100000,0x0000009630200000) (1024K)]
  0x000001fb22b8e970 JavaThread "Compiler Source File Reader" daemon [_thread_blocked, id=12656, stack(0x0000009630200000,0x0000009630300000) (1024K)]
  0x000001fb22b8f690 JavaThread "Compiler Source File Reader" daemon [_thread_blocked, id=18820, stack(0x0000009630300000,0x0000009630400000) (1024K)]
  0x000001fb22b903b0 JavaThread "Compiler Source File Reader" daemon [_thread_blocked, id=3628, stack(0x0000009630400000,0x0000009630500000) (1024K)]
  0x000001fb22b91df0 JavaThread "Compiler Source File Reader" daemon [_thread_blocked, id=16268, stack(0x0000009630500000,0x0000009630600000) (1024K)]
  0x000001fb22cb6150 JavaThread "Compiler Source File Reader" daemon [_thread_blocked, id=20492, stack(0x0000009630600000,0x0000009630700000) (1024K)]
  0x000001fb22cb5430 JavaThread "Compiler Source File Reader" daemon [_thread_blocked, id=14488, stack(0x0000009630700000,0x0000009630800000) (1024K)]
  0x000001fb22cbb6a0 JavaThread "Compiler Processing Task"   daemon [_thread_blocked, id=19192, stack(0x0000009630800000,0x0000009630900000) (1024K)]
  0x000001fb22cba2f0 JavaThread "Compiler Class File Writer" daemon [_thread_blocked, id=21600, stack(0x0000009630900000,0x0000009630a00000) (1024K)]
  0x000001fb22cbbd30 JavaThread "Compiler Class File Writer" daemon [_thread_blocked, id=22044, stack(0x0000009630a00000,0x0000009630b00000) (1024K)]
  0x000001fb22cba980 JavaThread "Compiler Class File Writer" daemon [_thread_blocked, id=14228, stack(0x0000009630b00000,0x0000009630c00000) (1024K)]
  0x000001fb22cb67e0 JavaThread "Compiler Class File Writer" daemon [_thread_blocked, id=10548, stack(0x0000009630c00000,0x0000009630d00000) (1024K)]
  0x000001fb22cb7500 JavaThread "Compiler Class File Writer" daemon [_thread_blocked, id=18548, stack(0x0000009630d00000,0x0000009630e00000) (1024K)]
  0x000001fb22cbca50 JavaThread "Compiler Class File Writer" daemon [_thread_blocked, id=15800, stack(0x0000009630e00000,0x0000009630f00000) (1024K)]
  0x000001fb2317a9a0 JavaThread "C2 CompilerThread1"         daemon [_thread_blocked, id=2112, stack(0x000000962da00000,0x000000962db00000) (1024K)]
Total: 56

Other Threads:
  0x000001fac3054fb0 VMThread "VM Thread"                           [id=1100, stack(0x000000962d000000,0x000000962d100000) (1024K)]
  0x000001fac2e3c7e0 WatcherThread "VM Periodic Task Thread"        [id=3944, stack(0x000000962cf00000,0x000000962d000000) (1024K)]
  0x000001fac2fd41b0 WorkerThread "GC Thread#0"                     [id=8264, stack(0x000000962ce00000,0x000000962cf00000) (1024K)]
  0x000001fb1cb34d00 WorkerThread "GC Thread#1"                     [id=20636, stack(0x000000962dc00000,0x000000962dd00000) (1024K)]
  0x000001fb1c8b91d0 WorkerThread "GC Thread#2"                     [id=20056, stack(0x000000962dd00000,0x000000962de00000) (1024K)]
  0x000001fb1cdd4a70 WorkerThread "GC Thread#3"                     [id=6300, stack(0x000000962de00000,0x000000962df00000) (1024K)]
  0x000001fb1c8b9570 WorkerThread "GC Thread#4"                     [id=16932, stack(0x000000962df00000,0x000000962e000000) (1024K)]
  0x000001fb210345b0 WorkerThread "GC Thread#5"                     [id=14660, stack(0x000000962e000000,0x000000962e100000) (1024K)]
  0x000001fb21036100 WorkerThread "GC Thread#6"                     [id=9604, stack(0x000000962e100000,0x000000962e200000) (1024K)]
  0x000001fb21036be0 WorkerThread "GC Thread#7"                     [id=20132, stack(0x000000962e500000,0x000000962e600000) (1024K)]
Total: 10

Threads with active compile tasks:
C2 CompilerThread0  6478 6309       4       org.eclipse.jdt.internal.compiler.lookup.BinaryTypeBinding::createMethod (1666 bytes)
Total: 1

VM state: not at safepoint (normal execution)

VM Mutex/Monitor currently owned by a thread: None

Heap address: 0x0000000080000000, size: 2048 MB, Compressed Oops mode: 32-bit

CDS archive(s) mapped at: [0x000001fada000000-0x000001fadaba0000-0x000001fadaba0000), size 12189696, SharedBaseAddress: 0x000001fada000000, ArchiveRelocationMode: 1.
Compressed class space mapped at: 0x000001fadb000000-0x000001fb1b000000, reserved size: 1073741824
Narrow klass base: 0x000001fada000000, Narrow klass shift: 0, Narrow klass range: 0x100000000

GC Precious Log:
 CardTable entry size: 512
 CPUs: 8 total, 8 available
 Memory: 7932M
 Large Page Support: Disabled
 NUMA Support: Disabled
 Compressed Oops: Enabled (32-bit)
 Alignments: Space 512K, Generation 512K, Heap 2M
 Heap Min Capacity: 100M
 Heap Initial Capacity: 100M
 Heap Max Capacity: 2G
 Pre-touch: Disabled
 Parallel Workers: 8

Heap:
 PSYoungGen      total 22528K, used 8148K [0x00000000d5580000, 0x00000000d6e80000, 0x0000000100000000)
  eden space 20480K, 30% used [0x00000000d5580000,0x00000000d5b98510,0x00000000d6980000)
  from space 2048K, 93% used [0x00000000d6c80000,0x00000000d6e5ccb0,0x00000000d6e80000)
  to   space 2560K, 0% used [0x00000000d6980000,0x00000000d6980000,0x00000000d6c00000)
 ParOldGen       total 68608K, used 31977K [0x0000000080000000, 0x0000000084300000, 0x00000000d5580000)
  object space 68608K, 46% used [0x0000000080000000,0x0000000081f3a628,0x0000000084300000)
 Metaspace       used 42210K, committed 43392K, reserved 1114112K
  class space    used 4138K, committed 4672K, reserved 1048576K

Card table byte_map: [0x000001fac2950000,0x000001fac2d60000] _byte_map_base: 0x000001fac2550000

Marking Bits: (ParMarkBitMap*) 0x00007fff555031f0
 Begin Bits: [0x000001fad5450000, 0x000001fad7450000)
 End Bits:   [0x000001fad7450000, 0x000001fad9450000)

Polling page: 0x000001fac0e20000

Metaspace:

Usage:
  Non-class:     37.18 MB used.
      Class:      4.04 MB used.
       Both:     41.22 MB used.

Virtual space:
  Non-class space:       64.00 MB reserved,      37.81 MB ( 59%) committed,  1 nodes.
      Class space:        1.00 GB reserved,       4.56 MB ( <1%) committed,  1 nodes.
             Both:        1.06 GB reserved,      42.38 MB (  4%) committed. 

Chunk freelists:
   Non-Class:  10.05 MB
       Class:  11.47 MB
        Both:  21.52 MB

MaxMetaspaceSize: unlimited
CompressedClassSpaceSize: 1.00 GB
Initial GC threshold: 21.00 MB
Current GC threshold: 58.38 MB
CDS: on
 - commit_granule_bytes: 65536.
 - commit_granule_words: 8192.
 - virtual_space_node_default_size: 8388608.
 - enlarge_chunks_in_place: 1.
 - use_allocation_guard: 0.


Internal statistics:

num_allocs_failed_limit: 6.
num_arena_births: 886.
num_arena_deaths: 44.
num_vsnodes_births: 2.
num_vsnodes_deaths: 0.
num_space_committed: 678.
num_space_uncommitted: 0.
num_chunks_returned_to_freelist: 61.
num_chunks_taken_from_freelist: 2766.
num_chunk_merges: 11.
num_chunk_splits: 1703.
num_chunks_enlarged: 1022.
num_inconsistent_stats: 0.

CodeHeap 'non-profiled nmethods': size=120000Kb used=3113Kb max_used=3113Kb free=116886Kb
 bounds [0x000001facdc70000, 0x000001facdf80000, 0x000001fad51a0000]
CodeHeap 'profiled nmethods': size=120000Kb used=13063Kb max_used=13063Kb free=106936Kb
 bounds [0x000001fac61a0000, 0x000001fac6e70000, 0x000001facd6d0000]
CodeHeap 'non-nmethods': size=5760Kb used=1405Kb max_used=1465Kb free=4355Kb
 bounds [0x000001facd6d0000, 0x000001facd940000, 0x000001facdc70000]
 total_blobs=6718 nmethods=6016 adapters=607
 compilation: enabled
              stopped_count=0, restarted_count=0
 full_count=0

Compilation events (20 events):
Event: 6.385 Thread 0x000001fac2f58d60 6392       1       java.text.NumberFormat::isGroupingUsed (5 bytes)
Event: 6.385 Thread 0x000001fac2f58d60 nmethod 6392 0x000001facdf74710 code [0x000001facdf748a0, 0x000001facdf74970]
Event: 6.385 Thread 0x000001fac2f58d60 6387       1       org.eclipse.jdt.internal.core.SingleTypeRequestor::acceptType (6 bytes)
Event: 6.385 Thread 0x000001fac2f58d60 nmethod 6387 0x000001facdf74a10 code [0x000001facdf74ba0, 0x000001facdf74c80]
Event: 6.385 Thread 0x000001fac2f58d60 6386       1       org.eclipse.jdt.internal.compiler.ast.ASTNode::isType (2 bytes)
Event: 6.385 Thread 0x000001fac2f58d60 nmethod 6386 0x000001facdf74d10 code [0x000001facdf74ea0, 0x000001facdf74f68]
Event: 6.385 Thread 0x000001fac2f58d60 6384       1       org.eclipse.jdt.internal.compiler.ast.AbstractMethodDeclaration::compilationResult (5 bytes)
Event: 6.386 Thread 0x000001fac2f58d60 nmethod 6384 0x000001facdf75010 code [0x000001facdf751a0, 0x000001facdf75268]
Event: 6.386 Thread 0x000001fac2f58d60 6393       3       jdk.internal.loader.AbstractClassLoaderValue$Sub::equals (55 bytes)
Event: 6.387 Thread 0x000001fac2f58d60 nmethod 6393 0x000001fac6e60010 code [0x000001fac6e60220, 0x000001fac6e60940]
Event: 6.387 Thread 0x000001fac2f58d60 6394       3       com.google.gson.FieldNamingPolicy$1::translateName (5 bytes)
Event: 6.387 Thread 0x000001fac2f58d60 nmethod 6394 0x000001fac6e60a90 code [0x000001fac6e60c20, 0x000001fac6e60d50]
Event: 6.389 Thread 0x000001fac2f58d60 6395       1       com.google.gson.internal.GsonTypes$ParameterizedTypeImpl::getOwnerType (5 bytes)
Event: 6.389 Thread 0x000001fac2f58d60 nmethod 6395 0x000001facdf75310 code [0x000001facdf754a0, 0x000001facdf75568]
Event: 6.389 Thread 0x000001fac2f58d60 6396       3       java.lang.reflect.Constructor::setAccessible (21 bytes)
Event: 6.390 Thread 0x000001fac2f58d60 nmethod 6396 0x000001fac6e60e10 code [0x000001fac6e61020, 0x000001fac6e61600]
Event: 6.390 Thread 0x000001fac2f58d60 6397       3       java.lang.reflect.Constructor::checkCanSetAccessible (29 bytes)
Event: 6.390 Thread 0x000001fac2f58d60 nmethod 6397 0x000001fac6e61810 code [0x000001fac6e619e0, 0x000001fac6e61cb8]
Event: 6.393 Thread 0x000001fb2317a9a0 nmethod 6310 0x000001facdf75610 code [0x000001facdf75820, 0x000001facdf76160]
Event: 6.393 Thread 0x000001fb2317a9a0 6336       4       org.eclipse.jdt.core.compiler.CharOperation::splitOn (150 bytes)

GC Heap History (20 events):
Event: 3.712 GC heap before
{Heap before GC invocations=17 (full 1):
 PSYoungGen      total 23040K, used 22592K [0x00000000d5580000, 0x00000000d6f80000, 0x0000000100000000)
  eden space 20480K, 100% used [0x00000000d5580000,0x00000000d6980000,0x00000000d6980000)
  from space 2560K, 82% used [0x00000000d6980000,0x00000000d6b90010,0x00000000d6c00000)
  to   space 3072K, 0% used [0x00000000d6c80000,0x00000000d6c80000,0x00000000d6f80000)
 ParOldGen       total 68608K, used 24029K [0x0000000080000000, 0x0000000084300000, 0x00000000d5580000)
  object space 68608K, 35% used [0x0000000080000000,0x00000000817775e0,0x0000000084300000)
 Metaspace       used 32234K, committed 33216K, reserved 1114112K
  class space    used 3183K, committed 3648K, reserved 1048576K
}
Event: 3.715 GC heap after
{Heap after GC invocations=17 (full 1):
 PSYoungGen      total 22528K, used 1816K [0x00000000d5580000, 0x00000000d6e80000, 0x0000000100000000)
  eden space 20480K, 0% used [0x00000000d5580000,0x00000000d5580000,0x00000000d6980000)
  from space 2048K, 88% used [0x00000000d6c80000,0x00000000d6e46200,0x00000000d6e80000)
  to   space 2048K, 0% used [0x00000000d6a80000,0x00000000d6a80000,0x00000000d6c80000)
 ParOldGen       total 68608K, used 25997K [0x0000000080000000, 0x0000000084300000, 0x00000000d5580000)
  object space 68608K, 37% used [0x0000000080000000,0x00000000819635f0,0x0000000084300000)
 Metaspace       used 32234K, committed 33216K, reserved 1114112K
  class space    used 3183K, committed 3648K, reserved 1048576K
}
Event: 3.834 GC heap before
{Heap before GC invocations=18 (full 1):
 PSYoungGen      total 22528K, used 22296K [0x00000000d5580000, 0x00000000d6e80000, 0x0000000100000000)
  eden space 20480K, 100% used [0x00000000d5580000,0x00000000d6980000,0x00000000d6980000)
  from space 2048K, 88% used [0x00000000d6c80000,0x00000000d6e46200,0x00000000d6e80000)
  to   space 2048K, 0% used [0x00000000d6a80000,0x00000000d6a80000,0x00000000d6c80000)
 ParOldGen       total 68608K, used 26030K [0x0000000080000000, 0x0000000084300000, 0x00000000d5580000)
  object space 68608K, 37% used [0x0000000080000000,0x000000008196bb80,0x0000000084300000)
 Metaspace       used 34082K, committed 35072K, reserved 1114112K
  class space    used 3379K, committed 3840K, reserved 1048576K
}
Event: 3.837 GC heap after
{Heap after GC invocations=18 (full 1):
 PSYoungGen      total 22016K, used 1471K [0x00000000d5580000, 0x00000000d6d80000, 0x0000000100000000)
  eden space 20480K, 0% used [0x00000000d5580000,0x00000000d5580000,0x00000000d6980000)
  from space 1536K, 95% used [0x00000000d6a80000,0x00000000d6befd00,0x00000000d6c00000)
  to   space 1536K, 0% used [0x00000000d6c00000,0x00000000d6c00000,0x00000000d6d80000)
 ParOldGen       total 68608K, used 27719K [0x0000000080000000, 0x0000000084300000, 0x00000000d5580000)
  object space 68608K, 40% used [0x0000000080000000,0x0000000081b11d80,0x0000000084300000)
 Metaspace       used 34082K, committed 35072K, reserved 1114112K
  class space    used 3379K, committed 3840K, reserved 1048576K
}
Event: 3.952 GC heap before
{Heap before GC invocations=19 (full 1):
 PSYoungGen      total 22016K, used 8493K [0x00000000d5580000, 0x00000000d6d80000, 0x0000000100000000)
  eden space 20480K, 34% used [0x00000000d5580000,0x00000000d5c5b960,0x00000000d6980000)
  from space 1536K, 95% used [0x00000000d6a80000,0x00000000d6befd00,0x00000000d6c00000)
  to   space 1536K, 0% used [0x00000000d6c00000,0x00000000d6c00000,0x00000000d6d80000)
 ParOldGen       total 68608K, used 27719K [0x0000000080000000, 0x0000000084300000, 0x00000000d5580000)
  object space 68608K, 40% used [0x0000000080000000,0x0000000081b11d80,0x0000000084300000)
 Metaspace       used 34906K, committed 35840K, reserved 1114112K
  class space    used 3470K, committed 3904K, reserved 1048576K
}
Event: 3.954 GC heap after
{Heap after GC invocations=19 (full 1):
 PSYoungGen      total 21504K, used 513K [0x00000000d5580000, 0x00000000d6d00000, 0x0000000100000000)
  eden space 20480K, 0% used [0x00000000d5580000,0x00000000d5580000,0x00000000d6980000)
  from space 1024K, 50% used [0x00000000d6c00000,0x00000000d6c80710,0x00000000d6d00000)
  to   space 1024K, 0% used [0x00000000d6b00000,0x00000000d6b00000,0x00000000d6c00000)
 ParOldGen       total 68608K, used 28874K [0x0000000080000000, 0x0000000084300000, 0x00000000d5580000)
  object space 68608K, 42% used [0x0000000080000000,0x0000000081c32858,0x0000000084300000)
 Metaspace       used 34906K, committed 35840K, reserved 1114112K
  class space    used 3470K, committed 3904K, reserved 1048576K
}
Event: 3.954 GC heap before
{Heap before GC invocations=20 (full 2):
 PSYoungGen      total 21504K, used 513K [0x00000000d5580000, 0x00000000d6d00000, 0x0000000100000000)
  eden space 20480K, 0% used [0x00000000d5580000,0x00000000d5580000,0x00000000d6980000)
  from space 1024K, 50% used [0x00000000d6c00000,0x00000000d6c80710,0x00000000d6d00000)
  to   space 1024K, 0% used [0x00000000d6b00000,0x00000000d6b00000,0x00000000d6c00000)
 ParOldGen       total 68608K, used 28874K [0x0000000080000000, 0x0000000084300000, 0x00000000d5580000)
  object space 68608K, 42% used [0x0000000080000000,0x0000000081c32858,0x0000000084300000)
 Metaspace       used 34906K, committed 35840K, reserved 1114112K
  class space    used 3470K, committed 3904K, reserved 1048576K
}
Event: 4.011 GC heap after
{Heap after GC invocations=20 (full 2):
 PSYoungGen      total 21504K, used 0K [0x00000000d5580000, 0x00000000d6d00000, 0x0000000100000000)
  eden space 20480K, 0% used [0x00000000d5580000,0x00000000d5580000,0x00000000d6980000)
  from space 1024K, 0% used [0x00000000d6c00000,0x00000000d6c00000,0x00000000d6d00000)
  to   space 1024K, 0% used [0x00000000d6b00000,0x00000000d6b00000,0x00000000d6c00000)
 ParOldGen       total 68608K, used 28214K [0x0000000080000000, 0x0000000084300000, 0x00000000d5580000)
  object space 68608K, 41% used [0x0000000080000000,0x0000000081b8d8c0,0x0000000084300000)
 Metaspace       used 34879K, committed 35840K, reserved 1114112K
  class space    used 3462K, committed 3904K, reserved 1048576K
}
Event: 4.306 GC heap before
{Heap before GC invocations=21 (full 2):
 PSYoungGen      total 21504K, used 20480K [0x00000000d5580000, 0x00000000d6d00000, 0x0000000100000000)
  eden space 20480K, 100% used [0x00000000d5580000,0x00000000d6980000,0x00000000d6980000)
  from space 1024K, 0% used [0x00000000d6c00000,0x00000000d6c00000,0x00000000d6d00000)
  to   space 1024K, 0% used [0x00000000d6b00000,0x00000000d6b00000,0x00000000d6c00000)
 ParOldGen       total 68608K, used 28345K [0x0000000080000000, 0x0000000084300000, 0x00000000d5580000)
  object space 68608K, 41% used [0x0000000080000000,0x0000000081bae648,0x0000000084300000)
 Metaspace       used 36004K, committed 36928K, reserved 1114112K
  class space    used 3569K, committed 3968K, reserved 1048576K
}
Event: 4.306 GC heap after
{Heap after GC invocations=21 (full 2):
 PSYoungGen      total 21504K, used 384K [0x00000000d5580000, 0x00000000d6c80000, 0x0000000100000000)
  eden space 20480K, 0% used [0x00000000d5580000,0x00000000d5580000,0x00000000d6980000)
  from space 1024K, 37% used [0x00000000d6b00000,0x00000000d6b60000,0x00000000d6c00000)
  to   space 512K, 0% used [0x00000000d6c00000,0x00000000d6c00000,0x00000000d6c80000)
 ParOldGen       total 68608K, used 28353K [0x0000000080000000, 0x0000000084300000, 0x00000000d5580000)
  object space 68608K, 41% used [0x0000000080000000,0x0000000081bb0648,0x0000000084300000)
 Metaspace       used 36004K, committed 36928K, reserved 1114112K
  class space    used 3569K, committed 3968K, reserved 1048576K
}
Event: 4.567 GC heap before
{Heap before GC invocations=22 (full 2):
 PSYoungGen      total 21504K, used 20838K [0x00000000d5580000, 0x00000000d6c80000, 0x0000000100000000)
  eden space 20480K, 99% used [0x00000000d5580000,0x00000000d69799e0,0x00000000d6980000)
  from space 1024K, 37% used [0x00000000d6b00000,0x00000000d6b60000,0x00000000d6c00000)
  to   space 512K, 0% used [0x00000000d6c00000,0x00000000d6c00000,0x00000000d6c80000)
 ParOldGen       total 68608K, used 28353K [0x0000000080000000, 0x0000000084300000, 0x00000000d5580000)
  object space 68608K, 41% used [0x0000000080000000,0x0000000081bb0648,0x0000000084300000)
 Metaspace       used 37958K, committed 38976K, reserved 1114112K
  class space    used 3770K, committed 4224K, reserved 1048576K
}
Event: 4.568 GC heap after
{Heap after GC invocations=22 (full 2):
 PSYoungGen      total 20992K, used 512K [0x00000000d5580000, 0x00000000d6c80000, 0x0000000100000000)
  eden space 20480K, 0% used [0x00000000d5580000,0x00000000d5580000,0x00000000d6980000)
  from space 512K, 100% used [0x00000000d6c00000,0x00000000d6c80000,0x00000000d6c80000)
  to   space 1536K, 0% used [0x00000000d6980000,0x00000000d6980000,0x00000000d6b00000)
 ParOldGen       total 68608K, used 29004K [0x0000000080000000, 0x0000000084300000, 0x00000000d5580000)
  object space 68608K, 42% used [0x0000000080000000,0x0000000081c530d0,0x0000000084300000)
 Metaspace       used 37958K, committed 38976K, reserved 1114112K
  class space    used 3770K, committed 4224K, reserved 1048576K
}
Event: 4.629 GC heap before
{Heap before GC invocations=23 (full 2):
 PSYoungGen      total 20992K, used 20992K [0x00000000d5580000, 0x00000000d6c80000, 0x0000000100000000)
  eden space 20480K, 100% used [0x00000000d5580000,0x00000000d6980000,0x00000000d6980000)
  from space 512K, 100% used [0x00000000d6c00000,0x00000000d6c80000,0x00000000d6c80000)
  to   space 1536K, 0% used [0x00000000d6980000,0x00000000d6980000,0x00000000d6b00000)
 ParOldGen       total 68608K, used 29004K [0x0000000080000000, 0x0000000084300000, 0x00000000d5580000)
  object space 68608K, 42% used [0x0000000080000000,0x0000000081c530d0,0x0000000084300000)
 Metaspace       used 37998K, committed 38976K, reserved 1114112K
  class space    used 3770K, committed 4224K, reserved 1048576K
}
Event: 4.630 GC heap after
{Heap after GC invocations=23 (full 2):
 PSYoungGen      total 22016K, used 1142K [0x00000000d5580000, 0x00000000d6c80000, 0x0000000100000000)
  eden space 20480K, 0% used [0x00000000d5580000,0x00000000d5580000,0x00000000d6980000)
  from space 1536K, 74% used [0x00000000d6980000,0x00000000d6a9d880,0x00000000d6b00000)
  to   space 1536K, 0% used [0x00000000d6b00000,0x00000000d6b00000,0x00000000d6c80000)
 ParOldGen       total 68608K, used 29500K [0x0000000080000000, 0x0000000084300000, 0x00000000d5580000)
  object space 68608K, 42% used [0x0000000080000000,0x0000000081ccf0e0,0x0000000084300000)
 Metaspace       used 37998K, committed 38976K, reserved 1114112K
  class space    used 3770K, committed 4224K, reserved 1048576K
}
Event: 4.698 GC heap before
{Heap before GC invocations=24 (full 2):
 PSYoungGen      total 22016K, used 21622K [0x00000000d5580000, 0x00000000d6c80000, 0x0000000100000000)
  eden space 20480K, 100% used [0x00000000d5580000,0x00000000d6980000,0x00000000d6980000)
  from space 1536K, 74% used [0x00000000d6980000,0x00000000d6a9d880,0x00000000d6b00000)
  to   space 1536K, 0% used [0x00000000d6b00000,0x00000000d6b00000,0x00000000d6c80000)
 ParOldGen       total 68608K, used 29500K [0x0000000080000000, 0x0000000084300000, 0x00000000d5580000)
  object space 68608K, 42% used [0x0000000080000000,0x0000000081ccf128,0x0000000084300000)
 Metaspace       used 38927K, committed 40000K, reserved 1114112K
  class space    used 3852K, committed 4352K, reserved 1048576K
}
Event: 4.699 GC heap after
{Heap after GC invocations=24 (full 2):
 PSYoungGen      total 20992K, used 384K [0x00000000d5580000, 0x00000000d6b80000, 0x0000000100000000)
  eden space 20480K, 0% used [0x00000000d5580000,0x00000000d5580000,0x00000000d6980000)
  from space 512K, 75% used [0x00000000d6b00000,0x00000000d6b60000,0x00000000d6b80000)
  to   space 1024K, 0% used [0x00000000d6980000,0x00000000d6980000,0x00000000d6a80000)
 ParOldGen       total 68608K, used 29516K [0x0000000080000000, 0x0000000084300000, 0x00000000d5580000)
  object space 68608K, 43% used [0x0000000080000000,0x0000000081cd3128,0x0000000084300000)
 Metaspace       used 38927K, committed 40000K, reserved 1114112K
  class space    used 3852K, committed 4352K, reserved 1048576K
}
Event: 5.047 GC heap before
{Heap before GC invocations=25 (full 2):
 PSYoungGen      total 20992K, used 20864K [0x00000000d5580000, 0x00000000d6b80000, 0x0000000100000000)
  eden space 20480K, 100% used [0x00000000d5580000,0x00000000d6980000,0x00000000d6980000)
  from space 512K, 75% used [0x00000000d6b00000,0x00000000d6b60000,0x00000000d6b80000)
  to   space 1024K, 0% used [0x00000000d6980000,0x00000000d6980000,0x00000000d6a80000)
 ParOldGen       total 68608K, used 29566K [0x0000000080000000, 0x0000000084300000, 0x00000000d5580000)
  object space 68608K, 43% used [0x0000000080000000,0x0000000081cdf858,0x0000000084300000)
 Metaspace       used 40982K, committed 42112K, reserved 1114112K
  class space    used 4066K, committed 4608K, reserved 1048576K
}
Event: 5.051 GC heap after
{Heap after GC invocations=25 (full 2):
 PSYoungGen      total 21504K, used 1015K [0x00000000d5580000, 0x00000000d6f80000, 0x0000000100000000)
  eden space 20480K, 0% used [0x00000000d5580000,0x00000000d5580000,0x00000000d6980000)
  from space 1024K, 99% used [0x00000000d6980000,0x00000000d6a7dcc8,0x00000000d6a80000)
  to   space 3072K, 0% used [0x00000000d6c80000,0x00000000d6c80000,0x00000000d6f80000)
 ParOldGen       total 68608K, used 30979K [0x0000000080000000, 0x0000000084300000, 0x00000000d5580000)
  object space 68608K, 45% used [0x0000000080000000,0x0000000081e40d58,0x0000000084300000)
 Metaspace       used 40982K, committed 42112K, reserved 1114112K
  class space    used 4066K, committed 4608K, reserved 1048576K
}
Event: 6.215 GC heap before
{Heap before GC invocations=26 (full 2):
 PSYoungGen      total 21504K, used 21495K [0x00000000d5580000, 0x00000000d6f80000, 0x0000000100000000)
  eden space 20480K, 100% used [0x00000000d5580000,0x00000000d6980000,0x00000000d6980000)
  from space 1024K, 99% used [0x00000000d6980000,0x00000000d6a7dcc8,0x00000000d6a80000)
  to   space 3072K, 0% used [0x00000000d6c80000,0x00000000d6c80000,0x00000000d6f80000)
 ParOldGen       total 68608K, used 30979K [0x0000000080000000, 0x0000000084300000, 0x00000000d5580000)
  object space 68608K, 45% used [0x0000000080000000,0x0000000081e40d58,0x0000000084300000)
 Metaspace       used 41962K, committed 43072K, reserved 1114112K
  class space    used 4130K, committed 4672K, reserved 1048576K
}
Event: 6.218 GC heap after
{Heap after GC invocations=26 (full 2):
 PSYoungGen      total 22528K, used 1907K [0x00000000d5580000, 0x00000000d6e80000, 0x0000000100000000)
  eden space 20480K, 0% used [0x00000000d5580000,0x00000000d5580000,0x00000000d6980000)
  from space 2048K, 93% used [0x00000000d6c80000,0x00000000d6e5ccb0,0x00000000d6e80000)
  to   space 2560K, 0% used [0x00000000d6980000,0x00000000d6980000,0x00000000d6c00000)
 ParOldGen       total 68608K, used 31977K [0x0000000080000000, 0x0000000084300000, 0x00000000d5580000)
  object space 68608K, 46% used [0x0000000080000000,0x0000000081f3a628,0x0000000084300000)
 Metaspace       used 41962K, committed 43072K, reserved 1114112K
  class space    used 4130K, committed 4672K, reserved 1048576K
}

Dll operation events (10 events):
Event: 0.008 Loaded shared library c:\Users\Salah eddine bitti\.vscode\extensions\redhat.java-1.43.1-win32-x64\jre\21.0.7-win32-x86_64\bin\java.dll
Event: 0.068 Loaded shared library c:\Users\Salah eddine bitti\.vscode\extensions\redhat.java-1.43.1-win32-x64\jre\21.0.7-win32-x86_64\bin\zip.dll
Event: 0.090 Loaded shared library C:\Users\Salah eddine bitti\.vscode\extensions\redhat.java-1.43.1-win32-x64\jre\21.0.7-win32-x86_64\bin\instrument.dll
Event: 0.094 Loaded shared library C:\Users\Salah eddine bitti\.vscode\extensions\redhat.java-1.43.1-win32-x64\jre\21.0.7-win32-x86_64\bin\net.dll
Event: 0.096 Loaded shared library C:\Users\Salah eddine bitti\.vscode\extensions\redhat.java-1.43.1-win32-x64\jre\21.0.7-win32-x86_64\bin\nio.dll
Event: 0.099 Loaded shared library C:\Users\Salah eddine bitti\.vscode\extensions\redhat.java-1.43.1-win32-x64\jre\21.0.7-win32-x86_64\bin\zip.dll
Event: 0.115 Loaded shared library C:\Users\Salah eddine bitti\.vscode\extensions\redhat.java-1.43.1-win32-x64\jre\21.0.7-win32-x86_64\bin\jimage.dll
Event: 0.189 Loaded shared library c:\Users\Salah eddine bitti\.vscode\extensions\redhat.java-1.43.1-win32-x64\jre\21.0.7-win32-x86_64\bin\verify.dll
Event: 1.235 Loaded shared library C:\Users\Salah eddine bitti\AppData\Roaming\Code\User\globalStorage\redhat.java\1.43.1\config_ss_win\org.eclipse.equinox.launcher\org.eclipse.equinox.launcher.win32.win32.x86_64_1.2.1300.v20250331-1702\eclipse_11911.dll
Event: 1.872 Loaded shared library C:\Users\Salah eddine bitti\AppData\Local\Temp\jna-1086784984\jna8976347821545341923.dll

Deoptimization events (20 events):
Event: 6.246 Thread 0x000001fb22b8c210 Uncommon trap: trap_request=0xffffffc6 fr.pc=0x000001facdf37528 relative=0x0000000000000aa8
Event: 6.246 Thread 0x000001fb22b8c210 Uncommon trap: reason=bimorphic_or_optimized_type_check action=maybe_recompile pc=0x000001facdf37528 method=org.eclipse.jdt.internal.compiler.parser.Parser.consumeRule(I)V @ 5487 c2
Event: 6.246 Thread 0x000001fb22b8c210 DEOPT PACKING pc=0x000001facdf37528 sp=0x000000962f6fe7c0
Event: 6.246 Thread 0x000001fb22b8c210 DEOPT UNPACKING pc=0x000001facd726da2 sp=0x000000962f6fe750 mode 2
Event: 6.246 Thread 0x000001fb22b8c210 Uncommon trap: trap_request=0xffffffc6 fr.pc=0x000001facdf374d0 relative=0x0000000000000a50
Event: 6.246 Thread 0x000001fb22b8c210 Uncommon trap: reason=bimorphic_or_optimized_type_check action=maybe_recompile pc=0x000001facdf374d0 method=org.eclipse.jdt.internal.compiler.parser.Parser.consumeRule(I)V @ 4476 c2
Event: 6.246 Thread 0x000001fb22b8c210 DEOPT PACKING pc=0x000001facdf374d0 sp=0x000000962f6fe7c0
Event: 6.246 Thread 0x000001fb22b8c210 DEOPT UNPACKING pc=0x000001facd726da2 sp=0x000000962f6fe750 mode 2
Event: 6.249 Thread 0x000001fb22b8c210 Uncommon trap: trap_request=0xffffff6e fr.pc=0x000001facdf5b8e0 relative=0x0000000000000380
Event: 6.249 Thread 0x000001fb22b8c210 Uncommon trap: reason=loop_limit_check action=maybe_recompile pc=0x000001facdf5b8e0 method=org.eclipse.jdt.core.compiler.CharOperation.concatWith([[CC)[C @ 121 c2
Event: 6.249 Thread 0x000001fb22b8c210 DEOPT PACKING pc=0x000001facdf5b8e0 sp=0x000000962f6fe360
Event: 6.249 Thread 0x000001fb22b8c210 DEOPT UNPACKING pc=0x000001facd726da2 sp=0x000000962f6fe310 mode 2
Event: 6.250 Thread 0x000001fb22b8c210 Uncommon trap: trap_request=0xffffffdc fr.pc=0x000001facdf5c174 relative=0x00000000000002b4
Event: 6.250 Thread 0x000001fb22b8c210 Uncommon trap: reason=class_check action=make_not_entrant pc=0x000001facdf5c174 method=java.util.ArrayList.toArray([Ljava/lang/Object;)[Ljava/lang/Object; @ 21 c2
Event: 6.250 Thread 0x000001fb22b8c210 DEOPT PACKING pc=0x000001facdf5c174 sp=0x000000962f6fe240
Event: 6.250 Thread 0x000001fb22b8c210 DEOPT UNPACKING pc=0x000001facd726da2 sp=0x000000962f6fe200 mode 2
Event: 6.263 Thread 0x000001fb22b8c210 DEOPT PACKING pc=0x000001fac61dfeab sp=0x000000962f6fd1a0
Event: 6.263 Thread 0x000001fb22b8c210 DEOPT UNPACKING pc=0x000001facd7278e2 sp=0x000000962f6fc6c0 mode 0
Event: 6.331 Thread 0x000001fb22b8c210 DEOPT PACKING pc=0x000001fac61d1e8d sp=0x000000962f6fcda0
Event: 6.331 Thread 0x000001fb22b8c210 DEOPT UNPACKING pc=0x000001facd7278e2 sp=0x000000962f6fc248 mode 0

Classes loaded (20 events):
Event: 4.517 Loading class java/util/stream/Nodes$IntArrayNode done
Event: 4.517 Loading class java/util/stream/Nodes$IntFixedNodeBuilder done
Event: 4.517 Loading class java/util/stream/ReferencePipeline$4$1
Event: 4.517 Loading class java/util/stream/ReferencePipeline$4$1 done
Event: 4.678 Loading class java/util/regex/Pattern$End
Event: 4.678 Loading class java/util/regex/Pattern$End done
Event: 4.701 Loading class java/util/stream/ReduceOps$4
Event: 4.701 Loading class java/util/stream/ReduceOps$4 done
Event: 4.701 Loading class java/util/stream/ReduceOps$4ReducingSink
Event: 4.701 Loading class java/util/stream/ReduceOps$4ReducingSink done
Event: 4.703 Loading class java/nio/file/Files$2
Event: 4.703 Loading class java/nio/file/Files$2 done
Event: 4.772 Loading class java/util/Hashtable$ValueCollection
Event: 4.772 Loading class java/util/Hashtable$ValueCollection done
Event: 4.789 Loading class java/util/concurrent/ArrayBlockingQueue
Event: 4.794 Loading class java/util/concurrent/ArrayBlockingQueue done
Event: 4.857 Loading class java/util/concurrent/ConcurrentHashMap$KeySpliterator
Event: 4.857 Loading class java/util/concurrent/ConcurrentHashMap$KeySpliterator done
Event: 4.877 Loading class java/util/WeakHashMap$KeyIterator
Event: 4.877 Loading class java/util/WeakHashMap$KeyIterator done

Classes unloaded (20 events):
Event: 2.270 Thread 0x000001fac3054fb0 Unloading class 0x000001fadb183000 'java/lang/invoke/LambdaForm$MH+0x000001fadb183000'
Event: 2.270 Thread 0x000001fac3054fb0 Unloading class 0x000001fadb182c00 'java/lang/invoke/LambdaForm$MH+0x000001fadb182c00'
Event: 2.270 Thread 0x000001fac3054fb0 Unloading class 0x000001fadb182800 'java/lang/invoke/LambdaForm$BMH+0x000001fadb182800'
Event: 2.270 Thread 0x000001fac3054fb0 Unloading class 0x000001fadb182400 'java/lang/invoke/LambdaForm$DMH+0x000001fadb182400'
Event: 2.270 Thread 0x000001fac3054fb0 Unloading class 0x000001fadb181000 'java/lang/invoke/LambdaForm$DMH+0x000001fadb181000'
Event: 3.965 Thread 0x000001fac3054fb0 Unloading class 0x000001fadb37e400 'java/lang/invoke/LambdaForm$MH+0x000001fadb37e400'
Event: 3.965 Thread 0x000001fac3054fb0 Unloading class 0x000001fadb37d800 'java/lang/invoke/LambdaForm$MH+0x000001fadb37d800'
Event: 3.965 Thread 0x000001fac3054fb0 Unloading class 0x000001fadb37d000 'java/lang/invoke/LambdaForm$MH+0x000001fadb37d000'
Event: 3.965 Thread 0x000001fac3054fb0 Unloading class 0x000001fadb37c800 'java/lang/invoke/LambdaForm$MH+0x000001fadb37c800'
Event: 3.965 Thread 0x000001fac3054fb0 Unloading class 0x000001fadb37c400 'java/lang/invoke/LambdaForm$DMH+0x000001fadb37c400'
Event: 3.965 Thread 0x000001fac3054fb0 Unloading class 0x000001fadb37b800 'java/lang/invoke/LambdaForm$MH+0x000001fadb37b800'
Event: 3.965 Thread 0x000001fac3054fb0 Unloading class 0x000001fadb378000 'java/lang/invoke/LambdaForm$MH+0x000001fadb378000'
Event: 3.965 Thread 0x000001fac3054fb0 Unloading class 0x000001fadb377800 'java/lang/invoke/LambdaForm$MH+0x000001fadb377800'
Event: 3.965 Thread 0x000001fac3054fb0 Unloading class 0x000001fadb377000 'java/lang/invoke/LambdaForm$MH+0x000001fadb377000'
Event: 3.965 Thread 0x000001fac3054fb0 Unloading class 0x000001fadb376800 'java/lang/invoke/LambdaForm$MH+0x000001fadb376800'
Event: 3.965 Thread 0x000001fac3054fb0 Unloading class 0x000001fadb376400 'java/lang/invoke/LambdaForm$MH+0x000001fadb376400'
Event: 3.965 Thread 0x000001fac3054fb0 Unloading class 0x000001fadb375800 'java/lang/invoke/LambdaForm$MH+0x000001fadb375800'
Event: 3.965 Thread 0x000001fac3054fb0 Unloading class 0x000001fadb375000 'java/lang/invoke/LambdaForm$MH+0x000001fadb375000'
Event: 3.965 Thread 0x000001fac3054fb0 Unloading class 0x000001fadb374c00 'java/lang/invoke/LambdaForm$MH+0x000001fadb374c00'
Event: 3.965 Thread 0x000001fac3054fb0 Unloading class 0x000001fadb374000 'java/lang/invoke/LambdaForm$DMH+0x000001fadb374000'

Classes redefined (0 events):
No events

Internal exceptions (20 events):
Event: 3.921 Thread 0x000001fb22b8d5c0 Exception <a 'sun/nio/fs/WindowsException'{0x00000000d59b9b40}> (0x00000000d59b9b40) 
thrown [s\src\hotspot\share\prims\jni.cpp, line 520]
Event: 3.922 Thread 0x000001fb22b8c8a0 Exception <a 'sun/nio/fs/WindowsException'{0x00000000d5a06810}> (0x00000000d5a06810) 
thrown [s\src\hotspot\share\prims\jni.cpp, line 520]
Event: 3.923 Thread 0x000001fb22b92480 Exception <a 'sun/nio/fs/WindowsException'{0x00000000d5a8f500}> (0x00000000d5a8f500) 
thrown [s\src\hotspot\share\prims\jni.cpp, line 520]
Event: 3.923 Thread 0x000001fb22b91760 Exception <a 'sun/nio/fs/WindowsException'{0x00000000d5a293b8}> (0x00000000d5a293b8) 
thrown [s\src\hotspot\share\prims\jni.cpp, line 520]
Event: 4.666 Thread 0x000001fb22b8fd20 Exception <a 'java/lang/NoSuchMethodError'{0x00000000d6543568}: 'java.lang.Object java.lang.invoke.DirectMethodHandle$Holder.invokeStatic(java.lang.Object, java.lang.Object, int, int)'> (0x00000000d6543568) 
thrown [s\src\hotspot\share\interpreter\linkResolver.cpp, line 773]
Event: 4.667 Thread 0x000001fb22b8fd20 Exception <a 'java/lang/NoSuchMethodError'{0x00000000d6547968}: 'java.lang.Object java.lang.invoke.DirectMethodHandle$Holder.invokeSpecial(java.lang.Object, java.lang.Object, java.lang.Object, int, int)'> (0x00000000d6547968) 
thrown [s\src\hotspot\share\interpreter\linkResolver.cpp, line 773]
Event: 4.705 Thread 0x000001fb22b8fd20 Exception <a 'java/lang/NoSuchMethodError'{0x00000000d5603df8}: 'int java.lang.invoke.DirectMethodHandle$Holder.invokeSpecialIFC(java.lang.Object, java.lang.Object, java.lang.Object)'> (0x00000000d5603df8) 
thrown [s\src\hotspot\share\interpreter\linkResolver.cpp, line 773]
Event: 4.863 Thread 0x000001fb22b8fd20 Exception <a 'java/lang/NoSuchMethodError'{0x00000000d60907e0}: 'java.lang.Object java.lang.invoke.DirectMethodHandle$Holder.newInvokeSpecial(java.lang.Object, java.lang.Object, int, int, java.lang.Object)'> (0x00000000d60907e0) 
thrown [s\src\hotspot\share\interpreter\linkResolver.cpp, line 773]
Event: 5.043 Thread 0x000001fb22cbb6a0 Exception <a 'java/lang/NoSuchMethodError'{0x00000000d6948c08}: 'void java.lang.invoke.DirectMethodHandle$Holder.invokeVirtual(java.lang.Object, java.lang.Object, java.lang.Object, java.lang.Object, java.lang.Object)'> (0x00000000d6948c08) 
thrown [s\src\hotspot\share\interpreter\linkResolver.cpp, line 773]
Event: 5.079 Thread 0x000001fb22cbb6a0 Implicit null exception at 0x000001facdf047ca to 0x000001facdf04868
Event: 5.107 Thread 0x000001fb22b8fd20 Exception <a 'sun/nio/fs/WindowsException'{0x00000000d5896ab8}> (0x00000000d5896ab8) 
thrown [s\src\hotspot\share\prims\jni.cpp, line 520]
Event: 5.107 Thread 0x000001fb22b8fd20 Exception <a 'sun/nio/fs/WindowsException'{0x00000000d5897398}> (0x00000000d5897398) 
thrown [s\src\hotspot\share\prims\jni.cpp, line 520]
Event: 5.117 Thread 0x000001fb22b8fd20 Exception <a 'sun/nio/fs/WindowsException'{0x00000000d592ce98}> (0x00000000d592ce98) 
thrown [s\src\hotspot\share\prims\jni.cpp, line 520]
Event: 5.117 Thread 0x000001fb22b8d5c0 Exception <a 'sun/nio/fs/WindowsException'{0x00000000d593d0b0}> (0x00000000d593d0b0) 
thrown [s\src\hotspot\share\prims\jni.cpp, line 520]
Event: 5.122 Thread 0x000001fb22b8fd20 Exception <a 'sun/nio/fs/WindowsException'{0x00000000d5985678}> (0x00000000d5985678) 
thrown [s\src\hotspot\share\prims\jni.cpp, line 520]
Event: 5.122 Thread 0x000001fb22b8fd20 Exception <a 'sun/nio/fs/WindowsException'{0x00000000d5985f58}> (0x00000000d5985f58) 
thrown [s\src\hotspot\share\prims\jni.cpp, line 520]
Event: 5.132 Thread 0x000001fb22b8fd20 Exception <a 'java/io/FileNotFoundException'{0x00000000d59e6118}> (0x00000000d59e6118) 
thrown [s\src\hotspot\share\prims\jni.cpp, line 520]
Event: 5.132 Thread 0x000001fb22b8fd20 Exception <a 'java/io/FileNotFoundException'{0x00000000d59e7178}> (0x00000000d59e7178) 
thrown [s\src\hotspot\share\prims\jni.cpp, line 520]
Event: 5.132 Thread 0x000001fb22b8fd20 Exception <a 'java/io/FileNotFoundException'{0x00000000d59e8368}> (0x00000000d59e8368) 
thrown [s\src\hotspot\share\prims\jni.cpp, line 520]
Event: 5.284 Thread 0x000001fb22b8c210 Exception <a 'java/lang/NoSuchMethodError'{0x00000000d5a53e90}: 'java.lang.Object java.lang.invoke.DirectMethodHandle$Holder.invokeSpecial(java.lang.Object, java.lang.Object, int, long)'> (0x00000000d5a53e90) 
thrown [s\src\hotspot\share\interpreter\linkResolver.cpp, line 773]

ZGC Phase Switch (0 events):
No events

VM Operations (20 events):
Event: 5.047 Executing VM operation: ParallelGCFailedAllocation (Allocation Failure)
Event: 5.051 Executing VM operation: ParallelGCFailedAllocation (Allocation Failure) done
Event: 5.083 Executing VM operation: HandshakeAllThreads (Deoptimize)
Event: 5.083 Executing VM operation: HandshakeAllThreads (Deoptimize) done
Event: 5.905 Executing VM operation: HandshakeAllThreads (Deoptimize)
Event: 5.905 Executing VM operation: HandshakeAllThreads (Deoptimize) done
Event: 5.907 Executing VM operation: ICBufferFull
Event: 5.907 Executing VM operation: ICBufferFull done
Event: 5.954 Executing VM operation: HandshakeAllThreads (Deoptimize)
Event: 5.955 Executing VM operation: HandshakeAllThreads (Deoptimize) done
Event: 6.072 Executing VM operation: HandshakeAllThreads (Deoptimize)
Event: 6.072 Executing VM operation: HandshakeAllThreads (Deoptimize) done
Event: 6.073 Executing VM operation: HandshakeAllThreads (Deoptimize)
Event: 6.073 Executing VM operation: HandshakeAllThreads (Deoptimize) done
Event: 6.079 Executing VM operation: ICBufferFull
Event: 6.079 Executing VM operation: ICBufferFull done
Event: 6.215 Executing VM operation: ParallelGCFailedAllocation (Allocation Failure)
Event: 6.218 Executing VM operation: ParallelGCFailedAllocation (Allocation Failure) done
Event: 6.388 Executing VM operation: ICBufferFull
Event: 6.389 Executing VM operation: ICBufferFull done

Memory protections (0 events):
No events

Nmethod flushes (20 events):
Event: 3.973 Thread 0x000001fac3054fb0 flushing  nmethod 0x000001fac64e1210
Event: 3.973 Thread 0x000001fac3054fb0 flushing  nmethod 0x000001fac64e1510
Event: 3.973 Thread 0x000001fac3054fb0 flushing  nmethod 0x000001fac64f4b90
Event: 3.973 Thread 0x000001fac3054fb0 flushing  nmethod 0x000001fac64f8d90
Event: 3.973 Thread 0x000001fac3054fb0 flushing  nmethod 0x000001fac652b510
Event: 3.973 Thread 0x000001fac3054fb0 flushing  nmethod 0x000001fac65b6610
Event: 3.973 Thread 0x000001fac3054fb0 flushing  nmethod 0x000001fac65b6a90
Event: 3.973 Thread 0x000001fac3054fb0 flushing  nmethod 0x000001fac65b8e10
Event: 3.973 Thread 0x000001fac3054fb0 flushing  nmethod 0x000001fac65d8e10
Event: 3.973 Thread 0x000001fac3054fb0 flushing  nmethod 0x000001fac65d9790
Event: 3.973 Thread 0x000001fac3054fb0 flushing  nmethod 0x000001fac65dd010
Event: 3.973 Thread 0x000001fac3054fb0 flushing  nmethod 0x000001fac65dee90
Event: 3.973 Thread 0x000001fac3054fb0 flushing  nmethod 0x000001fac6620590
Event: 3.973 Thread 0x000001fac3054fb0 flushing  nmethod 0x000001fac6625a90
Event: 3.973 Thread 0x000001fac3054fb0 flushing  nmethod 0x000001fac6626310
Event: 3.973 Thread 0x000001fac3054fb0 flushing  nmethod 0x000001fac6626a10
Event: 3.973 Thread 0x000001fac3054fb0 flushing  nmethod 0x000001fac6664610
Event: 3.973 Thread 0x000001fac3054fb0 flushing  nmethod 0x000001fac6665390
Event: 3.973 Thread 0x000001fac3054fb0 flushing  nmethod 0x000001fac6674790
Event: 3.973 Thread 0x000001fac3054fb0 flushing  nmethod 0x000001fac668cf90

Events (20 events):
Event: 3.922 Thread 0x000001fb22b8c8a0 Thread added: 0x000001fb22b8cf30
Event: 3.922 Thread 0x000001fb22b8c8a0 Thread added: 0x000001fb22b8dc50
Event: 3.922 Thread 0x000001fb22b8cf30 Thread added: 0x000001fb22b92480
Event: 3.922 Thread 0x000001fb22b8dc50 Thread added: 0x000001fb22b8b4f0
Event: 3.923 Thread 0x000001fb22b8c8a0 Thread added: 0x000001fb22b8e2e0
Event: 4.014 Thread 0x000001fb22b8fd20 Thread added: 0x000001fb22b8e970
Event: 4.014 Thread 0x000001fb22b8fd20 Thread added: 0x000001fb22b8f690
Event: 4.014 Thread 0x000001fb22b8fd20 Thread added: 0x000001fb22b903b0
Event: 4.014 Thread 0x000001fb22b8fd20 Thread added: 0x000001fb22b91df0
Event: 4.014 Thread 0x000001fb22b8f690 Thread added: 0x000001fb22cb6150
Event: 4.015 Thread 0x000001fb22b903b0 Thread added: 0x000001fb22cb5430
Event: 4.795 Thread 0x000001fb22b8fd20 Thread added: 0x000001fb22cbb6a0
Event: 4.865 Thread 0x000001fb22b8fd20 Thread added: 0x000001fb22cba2f0
Event: 4.870 Thread 0x000001fb22b8fd20 Thread added: 0x000001fb22cbbd30
Event: 4.887 Thread 0x000001fb22b8fd20 Thread added: 0x000001fb22cba980
Event: 4.924 Thread 0x000001fb22b8fd20 Thread added: 0x000001fb22cb67e0
Event: 4.937 Thread 0x000001fb22b8fd20 Thread added: 0x000001fb22cb7500
Event: 4.959 Thread 0x000001fb22b8fd20 Thread added: 0x000001fb22cbca50
Event: 5.280 Thread 0x000001fb1c33d2c0 Thread exited: 0x000001fb1c33d2c0
Event: 5.930 Thread 0x000001fac2f58d60 Thread added: 0x000001fb2317a9a0


Dynamic libraries:
0x00007ff7a9bd0000 - 0x00007ff7a9bde000 	c:\Users\Salah eddine bitti\.vscode\extensions\redhat.java-1.43.1-win32-x64\jre\21.0.7-win32-x86_64\bin\java.exe
0x00007fffe9650000 - 0x00007fffe9867000 	C:\WINDOWS\SYSTEM32\ntdll.dll
0x00007fffe8b10000 - 0x00007fffe8bd4000 	C:\WINDOWS\System32\KERNEL32.DLL
0x00007fffe6860000 - 0x00007fffe6c32000 	C:\WINDOWS\System32\KERNELBASE.dll
0x00007fffe6740000 - 0x00007fffe6851000 	C:\WINDOWS\System32\ucrtbase.dll
0x00007fffdfbb0000 - 0x00007fffdfbc8000 	c:\Users\Salah eddine bitti\.vscode\extensions\redhat.java-1.43.1-win32-x64\jre\21.0.7-win32-x86_64\bin\jli.dll
0x00007fffdeed0000 - 0x00007fffdeeee000 	c:\Users\Salah eddine bitti\.vscode\extensions\redhat.java-1.43.1-win32-x64\jre\21.0.7-win32-x86_64\bin\VCRUNTIME140.dll
0x00007fffe8c10000 - 0x00007fffe8dc1000 	C:\WINDOWS\System32\USER32.dll
0x00007fffe70a0000 - 0x00007fffe70c6000 	C:\WINDOWS\System32\win32u.dll
0x00007fffe8be0000 - 0x00007fffe8c09000 	C:\WINDOWS\System32\GDI32.dll
0x00007fffc96b0000 - 0x00007fffc994b000 	C:\WINDOWS\WinSxS\amd64_microsoft.windows.common-controls_6595b64144ccf1df_6.0.22621.5547_none_27104afb73855772\COMCTL32.dll
0x00007fffe6d80000 - 0x00007fffe6ea3000 	C:\WINDOWS\System32\gdi32full.dll
0x00007fffe8dd0000 - 0x00007fffe8e77000 	C:\WINDOWS\System32\msvcrt.dll
0x00007fffe7190000 - 0x00007fffe722a000 	C:\WINDOWS\System32\msvcp_win.dll
0x00007fffe7ac0000 - 0x00007fffe7af1000 	C:\WINDOWS\System32\IMM32.DLL
0x00007fffdf9c0000 - 0x00007fffdf9cc000 	c:\Users\Salah eddine bitti\.vscode\extensions\redhat.java-1.43.1-win32-x64\jre\21.0.7-win32-x86_64\bin\vcruntime140_1.dll
0x00007fff7fa00000 - 0x00007fff7fa8d000 	c:\Users\Salah eddine bitti\.vscode\extensions\redhat.java-1.43.1-win32-x64\jre\21.0.7-win32-x86_64\bin\msvcp140.dll
0x00007fff54850000 - 0x00007fff555e0000 	c:\Users\Salah eddine bitti\.vscode\extensions\redhat.java-1.43.1-win32-x64\jre\21.0.7-win32-x86_64\bin\server\jvm.dll
0x00007fffe77d0000 - 0x00007fffe7881000 	C:\WINDOWS\System32\ADVAPI32.dll
0x00007fffe7b00000 - 0x00007fffe7ba8000 	C:\WINDOWS\System32\sechost.dll
0x00007fffe72b0000 - 0x00007fffe72d8000 	C:\WINDOWS\System32\bcrypt.dll
0x00007fffe78e0000 - 0x00007fffe79f4000 	C:\WINDOWS\System32\RPCRT4.dll
0x00007fffe9440000 - 0x00007fffe94b1000 	C:\WINDOWS\System32\WS2_32.dll
0x00007fffe5fe0000 - 0x00007fffe602d000 	C:\WINDOWS\SYSTEM32\POWRPROF.dll
0x00007fffde5b0000 - 0x00007fffde5ba000 	C:\WINDOWS\SYSTEM32\VERSION.dll
0x00007fffdc550000 - 0x00007fffdc584000 	C:\WINDOWS\SYSTEM32\WINMM.dll
0x00007fffe5fc0000 - 0x00007fffe5fd3000 	C:\WINDOWS\SYSTEM32\UMPDC.dll
0x00007fffe5730000 - 0x00007fffe5748000 	C:\WINDOWS\SYSTEM32\kernel.appcore.dll
0x00007fffdedf0000 - 0x00007fffdedfa000 	c:\Users\Salah eddine bitti\.vscode\extensions\redhat.java-1.43.1-win32-x64\jre\21.0.7-win32-x86_64\bin\jimage.dll
0x00007fffe4170000 - 0x00007fffe43a3000 	C:\WINDOWS\SYSTEM32\DBGHELP.DLL
0x00007fffe8ef0000 - 0x00007fffe9283000 	C:\WINDOWS\System32\combase.dll
0x00007fffe9530000 - 0x00007fffe9607000 	C:\WINDOWS\System32\OLEAUT32.dll
0x00007fffc15b0000 - 0x00007fffc15e2000 	C:\WINDOWS\SYSTEM32\dbgcore.DLL
0x00007fffe7230000 - 0x00007fffe72ab000 	C:\WINDOWS\System32\bcryptPrimitives.dll
0x00007fffdec90000 - 0x00007fffdec9f000 	c:\Users\Salah eddine bitti\.vscode\extensions\redhat.java-1.43.1-win32-x64\jre\21.0.7-win32-x86_64\bin\instrument.dll
0x00007fffdc600000 - 0x00007fffdc61f000 	c:\Users\Salah eddine bitti\.vscode\extensions\redhat.java-1.43.1-win32-x64\jre\21.0.7-win32-x86_64\bin\java.dll
0x00007fffe7bc0000 - 0x00007fffe8462000 	C:\WINDOWS\System32\SHELL32.dll
0x00007fffe6c40000 - 0x00007fffe6d7f000 	C:\WINDOWS\System32\wintypes.dll
0x00007fffe4620000 - 0x00007fffe4f3d000 	C:\WINDOWS\SYSTEM32\windows.storage.dll
0x00007fffe9290000 - 0x00007fffe939c000 	C:\WINDOWS\System32\SHCORE.dll
0x00007fffe8e80000 - 0x00007fffe8ee9000 	C:\WINDOWS\System32\shlwapi.dll
0x00007fffe6670000 - 0x00007fffe669b000 	C:\WINDOWS\SYSTEM32\profapi.dll
0x00007fffdc230000 - 0x00007fffdc248000 	c:\Users\Salah eddine bitti\.vscode\extensions\redhat.java-1.43.1-win32-x64\jre\21.0.7-win32-x86_64\bin\zip.dll
0x00007fffdec80000 - 0x00007fffdec90000 	C:\Users\Salah eddine bitti\.vscode\extensions\redhat.java-1.43.1-win32-x64\jre\21.0.7-win32-x86_64\bin\net.dll
0x00007fffdf520000 - 0x00007fffdf64c000 	C:\WINDOWS\SYSTEM32\WINHTTP.dll
0x00007fffe5bb0000 - 0x00007fffe5c19000 	C:\WINDOWS\system32\mswsock.dll
0x00007fffd9580000 - 0x00007fffd9596000 	C:\Users\Salah eddine bitti\.vscode\extensions\redhat.java-1.43.1-win32-x64\jre\21.0.7-win32-x86_64\bin\nio.dll
0x00007fffdb6c0000 - 0x00007fffdb6d0000 	c:\Users\Salah eddine bitti\.vscode\extensions\redhat.java-1.43.1-win32-x64\jre\21.0.7-win32-x86_64\bin\verify.dll
0x00007fffd1c40000 - 0x00007fffd1c85000 	C:\Users\Salah eddine bitti\AppData\Roaming\Code\User\globalStorage\redhat.java\1.43.1\config_ss_win\org.eclipse.equinox.launcher\org.eclipse.equinox.launcher.win32.win32.x86_64_1.2.1300.v20250331-1702\eclipse_11911.dll
0x00007fffe72f0000 - 0x00007fffe7490000 	C:\WINDOWS\System32\ole32.dll
0x00007fffe5de0000 - 0x00007fffe5dfb000 	C:\WINDOWS\SYSTEM32\CRYPTSP.dll
0x00007fffe5690000 - 0x00007fffe56c7000 	C:\WINDOWS\system32\rsaenh.dll
0x00007fffe5c50000 - 0x00007fffe5c78000 	C:\WINDOWS\SYSTEM32\USERENV.dll
0x00007fffe5dd0000 - 0x00007fffe5ddc000 	C:\WINDOWS\SYSTEM32\CRYPTBASE.dll
0x00007fffe51a0000 - 0x00007fffe51cd000 	C:\WINDOWS\SYSTEM32\IPHLPAPI.DLL
0x00007fffe7bb0000 - 0x00007fffe7bb9000 	C:\WINDOWS\System32\NSI.dll
0x00007fffc8940000 - 0x00007fffc8989000 	C:\Users\Salah eddine bitti\AppData\Local\Temp\jna-1086784984\jna8976347821545341923.dll
0x00007fffe7ab0000 - 0x00007fffe7ab8000 	C:\WINDOWS\System32\PSAPI.DLL
0x00007fffdcbe0000 - 0x00007fffdcbf9000 	C:\WINDOWS\SYSTEM32\dhcpcsvc6.DLL
0x00007fffdc780000 - 0x00007fffdc79f000 	C:\WINDOWS\SYSTEM32\dhcpcsvc.DLL

dbghelp: loaded successfully - version: 4.0.5 - missing functions: none
symbol engine: initialized successfully - sym options: 0x614 - pdb path: .;c:\Users\Salah eddine bitti\.vscode\extensions\redhat.java-1.43.1-win32-x64\jre\21.0.7-win32-x86_64\bin;C:\WINDOWS\SYSTEM32;C:\WINDOWS\WinSxS\amd64_microsoft.windows.common-controls_6595b64144ccf1df_6.0.22621.5547_none_27104afb73855772;c:\Users\Salah eddine bitti\.vscode\extensions\redhat.java-1.43.1-win32-x64\jre\21.0.7-win32-x86_64\bin\server;C:\Users\Salah eddine bitti\AppData\Roaming\Code\User\globalStorage\redhat.java\1.43.1\config_ss_win\org.eclipse.equinox.launcher\org.eclipse.equinox.launcher.win32.win32.x86_64_1.2.1300.v20250331-1702;C:\Users\Salah eddine bitti\AppData\Local\Temp\jna-1086784984

VM Arguments:
jvm_args: --add-modules=ALL-SYSTEM --add-opens=java.base/java.util=ALL-UNNAMED --add-opens=java.base/java.lang=ALL-UNNAMED --add-opens=java.base/sun.nio.fs=ALL-UNNAMED -Declipse.application=org.eclipse.jdt.ls.core.id1 -Dosgi.bundles.defaultStartLevel=4 -Declipse.product=org.eclipse.jdt.ls.core.product -Djava.import.generatesMetadataFilesAtProjectRoot=false -DDetectVMInstallationsJob.disabled=true -Dfile.encoding=utf8 -XX:+UseParallelGC -XX:GCTimeRatio=4 -XX:AdaptiveSizePolicyWeight=90 -Dsun.zip.disableMemoryMapping=true -Xmx2G -Xms100m -Xlog:disable -javaagent:c:\Users\Salah eddine bitti\.vscode\extensions\redhat.java-1.43.1-win32-x64\lombok\lombok-1.18.39-4050.jar 
java_command: c:\Users\Salah eddine bitti\.vscode\extensions\redhat.java-1.43.1-win32-x64\server\plugins\org.eclipse.equinox.launcher_1.7.0.v20250519-0528.jar -configuration c:\Users\Salah eddine bitti\AppData\Roaming\Code\User\globalStorage\redhat.java\1.43.1\config_ss_win -data c:\Users\Salah eddine bitti\AppData\Roaming\Code\User\workspaceStorage\86298339464e7d9bd6535f9d51b3350d\redhat.java\ss_ws --pipe=\\.\pipe\lsp-99b4e08d15e724d76aa98ee544aac4f5-sock
java_class_path (initial): c:\Users\Salah eddine bitti\.vscode\extensions\redhat.java-1.43.1-win32-x64\server\plugins\org.eclipse.equinox.launcher_1.7.0.v20250519-0528.jar
Launcher Type: SUN_STANDARD

[Global flags]
    uintx AdaptiveSizePolicyWeight                 = 90                                        {product} {command line}
     intx CICompilerCount                          = 4                                         {product} {ergonomic}
    uintx GCTimeRatio                              = 4                                         {product} {command line}
   size_t InitialHeapSize                          = 104857600                                 {product} {command line}
   size_t MaxHeapSize                              = 2147483648                                {product} {command line}
   size_t MaxNewSize                               = 715653120                                 {product} {ergonomic}
   size_t MinHeapDeltaBytes                        = 524288                                    {product} {ergonomic}
   size_t MinHeapSize                              = 104857600                                 {product} {command line}
   size_t NewSize                                  = 34603008                                  {product} {ergonomic}
    uintx NonNMethodCodeHeapSize                   = 5839372                                {pd product} {ergonomic}
    uintx NonProfiledCodeHeapSize                  = 122909434                              {pd product} {ergonomic}
   size_t OldSize                                  = 70254592                                  {product} {ergonomic}
    uintx ProfiledCodeHeapSize                     = 122909434                              {pd product} {ergonomic}
    uintx ReservedCodeCacheSize                    = 251658240                              {pd product} {ergonomic}
     bool SegmentedCodeCache                       = true                                      {product} {ergonomic}
   size_t SoftMaxHeapSize                          = 2147483648                             {manageable} {ergonomic}
     bool UseCompressedOops                        = true                           {product lp64_product} {ergonomic}
     bool UseLargePagesIndividualAllocation        = false                                  {pd product} {ergonomic}
     bool UseParallelGC                            = true                                      {product} {command line}

Logging:
Log output configuration:
 #0: stdout all=off uptime,level,tags foldmultilines=false
 #1: stderr all=off uptime,level,tags foldmultilines=false

Environment Variables:
JAVA_HOME=D:\bin\jdk-21
PATH=D:\bin;C:\Program Files\ImageMagick-7.1.1-Q16-HDRI;C:\Python310\Scripts\;C:\Python310\;C:\Program Files (x86)\Common Files\Intel\Shared Libraries\redist\intel64_win\compiler;C:\windows\system32;C:\windows;C:\windows\System32\Wbem;C:\windows\System32\WindowsPowerShell\v1.0\;C:\windows\System32\OpenSSH\;C:\Program Files (x86)\NVIDIA Corporation\PhysX\Common;C:\WINDOWS\system32;C:\WINDOWS;C:\WINDOWS\System32\Wbem;C:\WINDOWS\System32\WindowsPowerShell\v1.0\;C:\WINDOWS\System32\OpenSSH\;C:\Users\Salah eddine bitti\AppData\Local\Microsoft\WindowsApps;C:\Users\Salah eddine bitti\AppData\Local\Programs\Python\Python311\Scripts;C:\Users\Salah eddine bitti\AppData\Local\Programs\Python\Python311;C:\wamp64\bin\php\php7.4.33;C:\composer;C:\xampp\php;C:\Program Files\NVIDIA Corporation\NVIDIA app\NvDLISR;C:\ProgramData\chocolatey\bin;D:\Git\cmd;D:\programmes\;C:\Users\Salah eddine bitti\AppData\Local\Microsoft\WindowsApps;C:\Users\Salah eddine bitti\AppData\Local\gitkraken\bin;C:\Users\Salah eddine bitti\AppData\Local\Programs\Microsoft VS Code\bin;C:\Users\Salah eddine bitti\AppData\Local\Microsoft\WindowsApps;C:\Users\Salah eddine bitti\AppData\Roaming\Microsoft\Windows\Start Menu\Programs\Python 3.11;C:\Users\Salah eddine bitti\AppData\Roaming\Microsoft\Windows\Start Menu\Programs\Python 3.11\scripts\;C:\ffmpeg\bin;C:\Users\Salah eddine bitti\AppData\Local\Microsoft\WinGet\Links;C:\Users\Salah eddine bitti\AppData\Roaming\Composer\vendor\bin;C:\xampp\php;C:\Program Files\Git;C:\Users\Salah eddine bitti\AppData\Local\Programs\mongosh\;D:\projets\maven-mvnd-1.0.2-windows-amd64\bin;D:\projets\apache-maven-3.9.10-bin\apache-maven-3.9.10\bin;;D:\IntelliJ IDEA 2025.1.2\bin;;C:\Users\Salah eddine bitti\AppData\Roaming\npm
USERNAME=Salah eddine bitti
OS=Windows_NT
PROCESSOR_IDENTIFIER=Intel64 Family 6 Model 140 Stepping 1, GenuineIntel
TMP=C:\Users\SALAHE~1\AppData\Local\Temp
TEMP=C:\Users\SALAHE~1\AppData\Local\Temp




Periodic native trim disabled

---------------  S Y S T E M  ---------------

OS:
 Windows 11 , 64 bit Build 22621 (10.0.22621.5415)
OS uptime: 1 days 8:59 hours
Hyper-V role detected

CPU: total 8 (initial active 8) (4 cores per cpu, 2 threads per core) family 6 model 140 stepping 1 microcode 0xac, cx8, cmov, fxsr, ht, mmx, 3dnowpref, sse, sse2, sse3, ssse3, sse4.1, sse4.2, popcnt, lzcnt, tsc, tscinvbit, avx, avx2, aes, erms, clmul, bmi1, bmi2, adx, avx512f, avx512dq, avx512cd, avx512bw, avx512vl, sha, fma, vzeroupper, avx512_vpopcntdq, avx512_vpclmulqdq, avx512_vaes, avx512_vnni, clflush, clflushopt, clwb, avx512_vbmi2, avx512_vbmi, hv, rdtscp, rdpid, fsrm, gfni, avx512_bitalg, f16c, cet_ibt, cet_ss, avx512_ifma
Processor Information for the first 8 processors :
  Max Mhz: 2419, Current Mhz: 2419, Mhz Limit: 2419

Memory: 4k page, system-wide physical 7932M (427M free)
TotalPageFile size 16124M (AvailPageFile size 0M)
current process WorkingSet (physical memory assigned to process): 211M, peak: 211M
current process commit charge ("private bytes"): 320M, peak: 321M

vm_info: OpenJDK 64-Bit Server VM (21.0.7+6-LTS) for windows-amd64 JRE (21.0.7+6-LTS), built on 2025-04-15T00:00:00Z by "admin" with MS VC++ 17.7 (VS2022)

END.
