#
# There is insufficient memory for the Java Runtime Environment to continue.
# Native memory allocation (malloc) failed to allocate 323328 bytes. Error detail: Chunk::new
# Possible reasons:
#   The system is out of physical RAM or swap space
#   This process is running with CompressedOops enabled, and the Java Heap may be blocking the growth of the native heap
# Possible solutions:
#   Reduce memory load on the system
#   Increase physical memory or swap space
#   Check if swap backing store is full
#   Decrease Java heap size (-Xmx/-Xms)
#   Decrease number of Java threads
#   Decrease Java thread stack sizes (-Xss)
#   Set larger code cache with -XX:ReservedCodeCacheSize=
#   JVM is running with Unscaled Compressed Oops mode in which the Java heap is
#     placed in the first 4GB address space. The Java Heap base address is the
#     maximum limit for the native heap growth. Please use -XX:HeapBaseMinAddress
#     to set the Java Heap base and to place the Java Heap above 4GB virtual address.
# This output file may be truncated or incomplete.
#
#  Out of Memory Error (arena.cpp:168), pid=5848, tid=14924
#
# JRE version: OpenJDK Runtime Environment Temurin-21.0.7+6 (21.0.7+6) (build 21.0.7+6-LTS)
# Java VM: OpenJDK 64-Bit Server VM Temurin-21.0.7+6 (21.0.7+6-LTS, mixed mode, sharing, tiered, compressed oops, compressed class ptrs, parallel gc, windows-amd64)
# No core dump will be written. Minidumps are not enabled by default on client versions of Windows
#

---------------  S U M M A R Y ------------

Command Line: --add-modules=ALL-SYSTEM --add-opens=java.base/java.util=ALL-UNNAMED --add-opens=java.base/java.lang=ALL-UNNAMED --add-opens=java.base/sun.nio.fs=ALL-UNNAMED -Declipse.application=org.eclipse.jdt.ls.core.id1 -Dosgi.bundles.defaultStartLevel=4 -Declipse.product=org.eclipse.jdt.ls.core.product -Djava.import.generatesMetadataFilesAtProjectRoot=false -DDetectVMInstallationsJob.disabled=true -Dfile.encoding=utf8 -XX:+UseParallelGC -XX:GCTimeRatio=4 -XX:AdaptiveSizePolicyWeight=90 -Dsun.zip.disableMemoryMapping=true -Xmx2G -Xms100m -Xlog:disable -javaagent:c:\Users\Salah eddine bitti\.vscode\extensions\redhat.java-1.43.1-win32-x64\lombok\lombok-1.18.39-4050.jar c:\Users\Salah eddine bitti\.vscode\extensions\redhat.java-1.43.1-win32-x64\server\plugins\org.eclipse.equinox.launcher_1.7.0.v20250519-0528.jar -configuration c:\Users\Salah eddine bitti\AppData\Roaming\Code\User\globalStorage\redhat.java\1.43.1\config_ss_win -data c:\Users\Salah eddine bitti\AppData\Roaming\Code\User\workspaceStorage\86298339464e7d9bd6535f9d51b3350d\redhat.java\ss_ws --pipe=\\.\pipe\lsp-402f1dd7afce86800dec6066954a4618-sock

Host: 11th Gen Intel(R) Core(TM) i5-1135G7 @ 2.40GHz, 8 cores, 7G,  Windows 11 , 64 bit Build 22621 (10.0.22621.5415)
Time: Thu Jul 10 21:12:59 2025 Maroc (heure d64 bit Build 22621 (10.0.22621.5415) elapsed time: 0.961811 seconds (0d 0h 0m 0s)

---------------  T H R E A D  ---------------

Current thread (0x00000220d0452d40):  JavaThread "C2 CompilerThread0" daemon [_thread_in_native, id=14924, stack(0x0000007315700000,0x0000007315800000) (1024K)]


Current CompileTask:
C2:961 1075   !   4       java.util.jar.Attributes::read (494 bytes)

Stack: [0x0000007315700000,0x0000007315800000]
Native frames: (J=compiled Java code, j=interpreted, Vv=VM code, C=native code)
V  [jvm.dll+0x6ce119]
V  [jvm.dll+0x8a84a1]
V  [jvm.dll+0x8aa9ce]
V  [jvm.dll+0x8ab0b3]
V  [jvm.dll+0x27f8a6]
V  [jvm.dll+0xc507d]
V  [jvm.dll+0xc55b3]
V  [jvm.dll+0x3b692c]
V  [jvm.dll+0x1dfcaa]
V  [jvm.dll+0x247c42]
V  [jvm.dll+0x2470cf]
V  [jvm.dll+0x1c760e]
V  [jvm.dll+0x25695a]
V  [jvm.dll+0x254efa]
V  [jvm.dll+0x3f03f6]
V  [jvm.dll+0x851f6b]
V  [jvm.dll+0x6cc7dd]
C  [ucrtbase.dll+0x29333]
C  [KERNEL32.DLL+0x1259d]
C  [ntdll.dll+0x5af78]


---------------  P R O C E S S  ---------------

Threads class SMR info:
_java_thread_list=0x000002211724c5f0, length=12, elements={
0x00000220b99e3110, 0x00000220d04483b0, 0x00000220b9a9cf90, 0x00000220d0449520,
0x00000220d044a230, 0x00000220d044b930, 0x00000220d044d710, 0x00000220d0452d40,
0x00000220d045b5f0, 0x00000221170c7ad0, 0x00000221172eeff0, 0x000002211733f810
}

Java Threads: ( => current thread )
  0x00000220b99e3110 JavaThread "main"                              [_thread_in_Java, id=15472, stack(0x0000007314d00000,0x0000007314e00000) (1024K)]
  0x00000220d04483b0 JavaThread "Reference Handler"          daemon [_thread_blocked, id=2444, stack(0x0000007315100000,0x0000007315200000) (1024K)]
  0x00000220b9a9cf90 JavaThread "Finalizer"                  daemon [_thread_blocked, id=21420, stack(0x0000007315200000,0x0000007315300000) (1024K)]
  0x00000220d0449520 JavaThread "Signal Dispatcher"          daemon [_thread_blocked, id=14768, stack(0x0000007315300000,0x0000007315400000) (1024K)]
  0x00000220d044a230 JavaThread "Attach Listener"            daemon [_thread_blocked, id=9488, stack(0x0000007315400000,0x0000007315500000) (1024K)]
  0x00000220d044b930 JavaThread "Service Thread"             daemon [_thread_blocked, id=21980, stack(0x0000007315500000,0x0000007315600000) (1024K)]
  0x00000220d044d710 JavaThread "Monitor Deflation Thread"   daemon [_thread_blocked, id=14800, stack(0x0000007315600000,0x0000007315700000) (1024K)]
=>0x00000220d0452d40 JavaThread "C2 CompilerThread0"         daemon [_thread_in_native, id=14924, stack(0x0000007315700000,0x0000007315800000) (1024K)]
  0x00000220d045b5f0 JavaThread "C1 CompilerThread0"         daemon [_thread_in_native, id=7040, stack(0x0000007315800000,0x0000007315900000) (1024K)]
  0x00000221170c7ad0 JavaThread "Common-Cleaner"             daemon [_thread_blocked, id=13016, stack(0x0000007315900000,0x0000007315a00000) (1024K)]
  0x00000221172eeff0 JavaThread "C2 CompilerThread1"         daemon [_thread_blocked, id=12276, stack(0x0000007315a00000,0x0000007315b00000) (1024K)]
  0x000002211733f810 JavaThread "Notification Thread"        daemon [_thread_blocked, id=17632, stack(0x0000007315b00000,0x0000007315c00000) (1024K)]
Total: 12

Other Threads:
  0x00000220d04435f0 VMThread "VM Thread"                           [id=3996, stack(0x0000007315000000,0x0000007315100000) (1024K)]
  0x00000220d035c950 WatcherThread "VM Periodic Task Thread"        [id=14956, stack(0x0000007314f00000,0x0000007315000000) (1024K)]
  0x00000220b9a02650 WorkerThread "GC Thread#0"                     [id=21264, stack(0x0000007314e00000,0x0000007314f00000) (1024K)]
  0x0000022117ab1140 WorkerThread "GC Thread#1"                     [id=14060, stack(0x0000007315c00000,0x0000007315d00000) (1024K)]
  0x0000022117a583b0 WorkerThread "GC Thread#2"                     [id=21484, stack(0x0000007315d00000,0x0000007315e00000) (1024K)]
  0x0000022117a58750 WorkerThread "GC Thread#3"                     [id=4336, stack(0x0000007315e00000,0x0000007315f00000) (1024K)]
  0x0000022117a58af0 WorkerThread "GC Thread#4"                     [id=16428, stack(0x0000007315f00000,0x0000007316000000) (1024K)]
  0x00000221176a0650 WorkerThread "GC Thread#5"                     [id=9896, stack(0x0000007316000000,0x0000007316100000) (1024K)]
  0x00000221176a09f0 WorkerThread "GC Thread#6"                     [id=17004, stack(0x0000007316100000,0x0000007316200000) (1024K)]
Total: 9

Threads with active compile tasks:
C2 CompilerThread0  999 1075   !   4       java.util.jar.Attributes::read (494 bytes)
C2 CompilerThread1  999 1145       4       java.lang.Integer::numberOfLeadingZeros (79 bytes)
Total: 2

VM state: not at safepoint (normal execution)

VM Mutex/Monitor currently owned by a thread: None

Heap address: 0x0000000080000000, size: 2048 MB, Compressed Oops mode: 32-bit

CDS archive(s) mapped at: [0x00000220d1000000-0x00000220d1ba0000-0x00000220d1ba0000), size 12189696, SharedBaseAddress: 0x00000220d1000000, ArchiveRelocationMode: 1.
Compressed class space mapped at: 0x00000220d2000000-0x0000022112000000, reserved size: 1073741824
Narrow klass base: 0x00000220d1000000, Narrow klass shift: 0, Narrow klass range: 0x100000000

GC Precious Log:
 CardTable entry size: 512
 CPUs: 8 total, 8 available
 Memory: 7932M
 Large Page Support: Disabled
 NUMA Support: Disabled
 Compressed Oops: Enabled (32-bit)
 Alignments: Space 512K, Generation 512K, Heap 2M
 Heap Min Capacity: 100M
 Heap Initial Capacity: 100M
 Heap Max Capacity: 2G
 Pre-touch: Disabled
 Parallel Workers: 8

Heap:
 PSYoungGen      total 29696K, used 4520K [0x00000000d5580000, 0x00000000d7680000, 0x0000000100000000)
  eden space 25600K, 4% used [0x00000000d5580000,0x00000000d56b86d0,0x00000000d6e80000)
  from space 4096K, 79% used [0x00000000d6e80000,0x00000000d71b1c68,0x00000000d7280000)
  to   space 4096K, 0% used [0x00000000d7280000,0x00000000d7280000,0x00000000d7680000)
 ParOldGen       total 68608K, used 16K [0x0000000080000000, 0x0000000084300000, 0x00000000d5580000)
  object space 68608K, 0% used [0x0000000080000000,0x0000000080004000,0x0000000084300000)
 Metaspace       used 4479K, committed 4800K, reserved 1114112K
  class space    used 469K, committed 640K, reserved 1048576K

Card table byte_map: [0x00000220b93b0000,0x00000220b97c0000] _byte_map_base: 0x00000220b8fb0000

Marking Bits: (ParMarkBitMap*) 0x00007fff550931f0
 Begin Bits: [0x00000220cbe80000, 0x00000220cde80000)
 End Bits:   [0x00000220cde80000, 0x00000220cfe80000)

Polling page: 0x00000220b91a0000

Metaspace:

Usage:
  Non-class:      3.92 MB used.
      Class:    469.80 KB used.
       Both:      4.37 MB used.

Virtual space:
  Non-class space:       64.00 MB reserved,       4.06 MB (  6%) committed,  1 nodes.
      Class space:        1.00 GB reserved,     640.00 KB ( <1%) committed,  1 nodes.
             Both:        1.06 GB reserved,       4.69 MB ( <1%) committed. 

Chunk freelists:
   Non-Class:  11.05 MB
       Class:  15.42 MB
        Both:  26.47 MB

MaxMetaspaceSize: unlimited
CompressedClassSpaceSize: 1.00 GB
Initial GC threshold: 21.00 MB
Current GC threshold: 21.00 MB
CDS: on
 - commit_granule_bytes: 65536.
 - commit_granule_words: 8192.
 - virtual_space_node_default_size: 8388608.
 - enlarge_chunks_in_place: 1.
 - use_allocation_guard: 0.


Internal statistics:

num_allocs_failed_limit: 0.
num_arena_births: 184.
num_arena_deaths: 0.
num_vsnodes_births: 2.
num_vsnodes_deaths: 0.
num_space_committed: 75.
num_space_uncommitted: 0.
num_chunks_returned_to_freelist: 0.
num_chunks_taken_from_freelist: 253.
num_chunk_merges: 0.
num_chunk_splits: 162.
num_chunks_enlarged: 97.
num_inconsistent_stats: 0.

CodeHeap 'non-profiled nmethods': size=120000Kb used=437Kb max_used=437Kb free=119562Kb
 bounds [0x00000220c46a0000, 0x00000220c4910000, 0x00000220cbbd0000]
CodeHeap 'profiled nmethods': size=120000Kb used=1840Kb max_used=1840Kb free=118160Kb
 bounds [0x00000220bcbd0000, 0x00000220bce40000, 0x00000220c4100000]
CodeHeap 'non-nmethods': size=5760Kb used=1204Kb max_used=1227Kb free=4555Kb
 bounds [0x00000220c4100000, 0x00000220c4370000, 0x00000220c46a0000]
 total_blobs=1597 nmethods=1142 adapters=362
 compilation: enabled
              stopped_count=0, restarted_count=0
 full_count=0

Compilation events (20 events):
Event: 0.943 Thread 0x00000220d045b5f0 1109   !   3       jdk.internal.loader.BuiltinClassLoader::loadClassOrNull (143 bytes)
Event: 0.944 Thread 0x00000220d045b5f0 nmethod 1109 0x00000220bcd8b110 code [0x00000220bcd8b3e0, 0x00000220bcd8c300]
Event: 0.945 Thread 0x00000220d045b5f0 1110       3       java.lang.Object::toString (36 bytes)
Event: 0.945 Thread 0x00000220d045b5f0 nmethod 1110 0x00000220bcd8c990 code [0x00000220bcd8cc00, 0x00000220bcd8d3e8]
Event: 0.945 Thread 0x00000220d045b5f0 1111       3       java.util.ArrayDeque::elementAt (4 bytes)
Event: 0.945 Thread 0x00000220d045b5f0 nmethod 1111 0x00000220bcd8d710 code [0x00000220bcd8d8a0, 0x00000220bcd8d9b8]
Event: 0.946 Thread 0x00000220d045b5f0 1112       3       jdk.internal.loader.BuiltinClassLoader::loadClass (22 bytes)
Event: 0.947 Thread 0x00000220d045b5f0 nmethod 1112 0x00000220bcd8da90 code [0x00000220bcd8dc60, 0x00000220bcd8df18]
Event: 0.948 Thread 0x00000221172eeff0 nmethod 1100% 0x00000220c4709010 code [0x00000220c47091c0, 0x00000220c4709538]
Event: 0.948 Thread 0x00000221172eeff0 1093       4       sun.security.util.ManifestDigester::findSection (181 bytes)
Event: 0.948 Thread 0x00000220d045b5f0 1113       3       java.util.ArrayDeque::pollFirst (36 bytes)
Event: 0.948 Thread 0x00000220d045b5f0 nmethod 1113 0x00000220bcd8e010 code [0x00000220bcd8e1e0, 0x00000220bcd8e590]
Event: 0.957 Thread 0x00000221172eeff0 nmethod 1093 0x00000220c4709790 code [0x00000220c4709940, 0x00000220c4709c50]
Event: 0.957 Thread 0x00000221172eeff0 1078       4       java.util.jar.Manifest$FastInputStream::readLine (9 bytes)
Event: 0.957 Thread 0x00000220d045b5f0 1114       1       java.util.concurrent.locks.AbstractOwnableSynchronizer::getExclusiveOwnerThread (5 bytes)
Event: 0.958 Thread 0x00000220d045b5f0 nmethod 1114 0x00000220c470a690 code [0x00000220c470a820, 0x00000220c470a8e8]
Event: 0.958 Thread 0x00000220d045b5f0 1115       1       java.util.concurrent.locks.AbstractQueuedSynchronizer::getState (5 bytes)
Event: 0.958 Thread 0x00000220d045b5f0 nmethod 1115 0x00000220c470a990 code [0x00000220c470ab20, 0x00000220c470abe8]
Event: 0.958 Thread 0x00000220d045b5f0 1116       1       java.util.concurrent.locks.AbstractQueuedSynchronizer::setState (6 bytes)
Event: 0.958 Thread 0x00000220d045b5f0 nmethod 1116 0x00000220c470ac90 code [0x00000220c470ae20, 0x00000220c470aef0]

GC Heap History (2 events):
Event: 0.949 GC heap before
{Heap before GC invocations=1 (full 0):
 PSYoungGen      total 29696K, used 25600K [0x00000000d5580000, 0x00000000d7680000, 0x0000000100000000)
  eden space 25600K, 100% used [0x00000000d5580000,0x00000000d6e80000,0x00000000d6e80000)
  from space 4096K, 0% used [0x00000000d7280000,0x00000000d7280000,0x00000000d7680000)
  to   space 4096K, 0% used [0x00000000d6e80000,0x00000000d6e80000,0x00000000d7280000)
 ParOldGen       total 68608K, used 0K [0x0000000080000000, 0x0000000084300000, 0x00000000d5580000)
  object space 68608K, 0% used [0x0000000080000000,0x0000000080000000,0x0000000084300000)
 Metaspace       used 4272K, committed 4480K, reserved 1114112K
  class space    used 454K, committed 576K, reserved 1048576K
}
Event: 0.956 GC heap after
{Heap after GC invocations=1 (full 0):
 PSYoungGen      total 29696K, used 3271K [0x00000000d5580000, 0x00000000d7680000, 0x0000000100000000)
  eden space 25600K, 0% used [0x00000000d5580000,0x00000000d5580000,0x00000000d6e80000)
  from space 4096K, 79% used [0x00000000d6e80000,0x00000000d71b1c68,0x00000000d7280000)
  to   space 4096K, 0% used [0x00000000d7280000,0x00000000d7280000,0x00000000d7680000)
 ParOldGen       total 68608K, used 16K [0x0000000080000000, 0x0000000084300000, 0x00000000d5580000)
  object space 68608K, 0% used [0x0000000080000000,0x0000000080004000,0x0000000084300000)
 Metaspace       used 4272K, committed 4480K, reserved 1114112K
  class space    used 454K, committed 576K, reserved 1048576K
}

Dll operation events (8 events):
Event: 0.011 Loaded shared library c:\Users\Salah eddine bitti\.vscode\extensions\redhat.java-1.43.1-win32-x64\jre\21.0.7-win32-x86_64\bin\java.dll
Event: 0.094 Loaded shared library c:\Users\Salah eddine bitti\.vscode\extensions\redhat.java-1.43.1-win32-x64\jre\21.0.7-win32-x86_64\bin\zip.dll
Event: 0.121 Loaded shared library C:\Users\Salah eddine bitti\.vscode\extensions\redhat.java-1.43.1-win32-x64\jre\21.0.7-win32-x86_64\bin\instrument.dll
Event: 0.130 Loaded shared library C:\Users\Salah eddine bitti\.vscode\extensions\redhat.java-1.43.1-win32-x64\jre\21.0.7-win32-x86_64\bin\net.dll
Event: 0.132 Loaded shared library C:\Users\Salah eddine bitti\.vscode\extensions\redhat.java-1.43.1-win32-x64\jre\21.0.7-win32-x86_64\bin\nio.dll
Event: 0.134 Loaded shared library C:\Users\Salah eddine bitti\.vscode\extensions\redhat.java-1.43.1-win32-x64\jre\21.0.7-win32-x86_64\bin\zip.dll
Event: 0.154 Loaded shared library C:\Users\Salah eddine bitti\.vscode\extensions\redhat.java-1.43.1-win32-x64\jre\21.0.7-win32-x86_64\bin\jimage.dll
Event: 0.246 Loaded shared library c:\Users\Salah eddine bitti\.vscode\extensions\redhat.java-1.43.1-win32-x64\jre\21.0.7-win32-x86_64\bin\verify.dll

Deoptimization events (20 events):
Event: 0.902 Thread 0x00000220b99e3110 DEOPT PACKING pc=0x00000220bcd4d531 sp=0x0000007314dfe020
Event: 0.902 Thread 0x00000220b99e3110 DEOPT UNPACKING pc=0x00000220c41578e2 sp=0x0000007314dfd498 mode 0
Event: 0.902 Thread 0x00000220b99e3110 DEOPT PACKING pc=0x00000220bcd4d531 sp=0x0000007314dfe020
Event: 0.902 Thread 0x00000220b99e3110 DEOPT UNPACKING pc=0x00000220c41578e2 sp=0x0000007314dfd498 mode 0
Event: 0.902 Thread 0x00000220b99e3110 DEOPT PACKING pc=0x00000220bcd4d531 sp=0x0000007314dfe020
Event: 0.902 Thread 0x00000220b99e3110 DEOPT UNPACKING pc=0x00000220c41578e2 sp=0x0000007314dfd498 mode 0
Event: 0.903 Thread 0x00000220b99e3110 DEOPT PACKING pc=0x00000220bcd4d531 sp=0x0000007314dfe020
Event: 0.903 Thread 0x00000220b99e3110 DEOPT UNPACKING pc=0x00000220c41578e2 sp=0x0000007314dfd498 mode 0
Event: 0.903 Thread 0x00000220b99e3110 DEOPT PACKING pc=0x00000220bcd4d531 sp=0x0000007314dfe020
Event: 0.903 Thread 0x00000220b99e3110 DEOPT UNPACKING pc=0x00000220c41578e2 sp=0x0000007314dfd498 mode 0
Event: 0.903 Thread 0x00000220b99e3110 DEOPT PACKING pc=0x00000220bcd4d531 sp=0x0000007314dfe020
Event: 0.903 Thread 0x00000220b99e3110 DEOPT UNPACKING pc=0x00000220c41578e2 sp=0x0000007314dfd498 mode 0
Event: 0.903 Thread 0x00000220b99e3110 DEOPT PACKING pc=0x00000220bcd4d531 sp=0x0000007314dfe020
Event: 0.903 Thread 0x00000220b99e3110 DEOPT UNPACKING pc=0x00000220c41578e2 sp=0x0000007314dfd498 mode 0
Event: 0.904 Thread 0x00000220b99e3110 DEOPT PACKING pc=0x00000220bcd4d531 sp=0x0000007314dfe020
Event: 0.904 Thread 0x00000220b99e3110 DEOPT UNPACKING pc=0x00000220c41578e2 sp=0x0000007314dfd498 mode 0
Event: 0.914 Thread 0x00000220b99e3110 Uncommon trap: trap_request=0xffffff45 fr.pc=0x00000220c46e84d8 relative=0x00000000000000b8
Event: 0.914 Thread 0x00000220b99e3110 Uncommon trap: reason=unstable_if action=reinterpret pc=0x00000220c46e84d8 method=java.lang.invoke.VarHandle.checkAccessModeThenIsDirect(Ljava/lang/invoke/VarHandle$AccessDescriptor;)Z @ 4 c2
Event: 0.914 Thread 0x00000220b99e3110 DEOPT PACKING pc=0x00000220c46e84d8 sp=0x0000007314dfdba0
Event: 0.914 Thread 0x00000220b99e3110 DEOPT UNPACKING pc=0x00000220c4156da2 sp=0x0000007314dfdb50 mode 2

Classes loaded (20 events):
Event: 0.913 Loading class jdk/internal/logger/LazyLoggers$LazyLoggerWrapper done
Event: 0.913 Loading class jdk/internal/logger/LazyLoggers$JdkLazyLogger done
Event: 0.913 Loading class jdk/internal/logger/LazyLoggers$LazyLoggerAccessor
Event: 0.913 Loading class jdk/internal/logger/LazyLoggers$LoggerAccessor
Event: 0.913 Loading class jdk/internal/logger/LazyLoggers$LoggerAccessor done
Event: 0.913 Loading class jdk/internal/logger/LazyLoggers$LazyLoggerAccessor done
Event: 0.914 Loading class jdk/internal/logger/SurrogateLogger
Event: 0.914 Loading class jdk/internal/logger/SimpleConsoleLogger
Event: 0.915 Loading class sun/util/logging/PlatformLogger$ConfigurableBridge$LoggerConfiguration
Event: 0.915 Loading class sun/util/logging/PlatformLogger$ConfigurableBridge$LoggerConfiguration done
Event: 0.915 Loading class jdk/internal/logger/SimpleConsoleLogger done
Event: 0.915 Loading class jdk/internal/logger/SurrogateLogger done
Event: 0.916 Loading class sun/util/logging/PlatformLogger
Event: 0.916 Loading class sun/util/logging/PlatformLogger done
Event: 0.916 Loading class sun/util/logging/PlatformLogger$Level
Event: 0.917 Loading class sun/util/logging/PlatformLogger$Level done
Event: 0.932 Loading class java/io/BufferedReader
Event: 0.933 Loading class java/io/BufferedReader done
Event: 0.933 Loading class sun/nio/cs/StreamDecoder
Event: 0.933 Loading class sun/nio/cs/StreamDecoder done

Classes unloaded (0 events):
No events

Classes redefined (0 events):
No events

Internal exceptions (20 events):
Event: 0.197 Thread 0x00000220b99e3110 Exception <a 'java/lang/NoSuchMethodError'{0x00000000d59ed2a8}: 'void java.lang.invoke.DelegatingMethodHandle$Holder.reinvoke_L(java.lang.Object, java.lang.Object, java.lang.Object, int, java.lang.Object)'> (0x00000000d59ed2a8) 
thrown [s\src\hotspot\share\interpreter\linkResolver.cpp, line 773]
Event: 0.198 Thread 0x00000220b99e3110 Exception <a 'java/lang/NoSuchMethodError'{0x00000000d59f0ce0}: 'int java.lang.invoke.DirectMethodHandle$Holder.invokeSpecial(java.lang.Object, java.lang.Object, java.lang.Object)'> (0x00000000d59f0ce0) 
thrown [s\src\hotspot\share\interpreter\linkResolver.cpp, line 773]
Event: 0.201 Thread 0x00000220b99e3110 Exception <a 'java/lang/NoSuchMethodError'{0x00000000d5a099d0}: 'java.lang.Object java.lang.invoke.DirectMethodHandle$Holder.invokeStatic(java.lang.Object, java.lang.Object, int)'> (0x00000000d5a099d0) 
thrown [s\src\hotspot\share\interpreter\linkResolver.cpp, line 773]
Event: 0.202 Thread 0x00000220b99e3110 Exception <a 'java/lang/NoSuchMethodError'{0x00000000d5a0e320}: 'void java.lang.invoke.DirectMethodHandle$Holder.invokeStatic(java.lang.Object, java.lang.Object, int, java.lang.Object)'> (0x00000000d5a0e320) 
thrown [s\src\hotspot\share\interpreter\linkResolver.cpp, line 773]
Event: 0.202 Thread 0x00000220b99e3110 Exception <a 'java/lang/NoSuchMethodError'{0x00000000d5a124d0}: 'void java.lang.invoke.DirectMethodHandle$Holder.invokeSpecial(java.lang.Object, java.lang.Object, java.lang.Object, int, java.lang.Object)'> (0x00000000d5a124d0) 
thrown [s\src\hotspot\share\interpreter\linkResolver.cpp, line 773]
Event: 0.202 Thread 0x00000220b99e3110 Exception <a 'java/lang/NoSuchMethodError'{0x00000000d5a15940}: 'void java.lang.invoke.DelegatingMethodHandle$Holder.delegate(java.lang.Object, java.lang.Object, int, java.lang.Object)'> (0x00000000d5a15940) 
thrown [s\src\hotspot\share\interpreter\linkResolver.cpp, line 773]
Event: 0.270 Thread 0x00000220b99e3110 Exception <a 'java/lang/NoSuchMethodError'{0x00000000d5be3a10}: 'void java.lang.invoke.DelegatingMethodHandle$Holder.reinvoke_L(java.lang.Object, java.lang.Object, java.lang.Object, int)'> (0x00000000d5be3a10) 
thrown [s\src\hotspot\share\interpreter\linkResolver.cpp, line 773]
Event: 0.426 Thread 0x00000220b99e3110 Exception <a 'java/lang/NoSuchMethodError'{0x00000000d6082c38}: 'void java.lang.invoke.DirectMethodHandle$Holder.invokeVirtual(java.lang.Object, java.lang.Object)'> (0x00000000d6082c38) 
thrown [s\src\hotspot\share\interpreter\linkResolver.cpp, line 773]
Event: 0.564 Thread 0x00000220b99e3110 Exception <a 'java/lang/NoSuchMethodError'{0x00000000d6463ea8}: 'void java.lang.invoke.DirectMethodHandle$Holder.invokeStatic(java.lang.Object, java.lang.Object)'> (0x00000000d6463ea8) 
thrown [s\src\hotspot\share\interpreter\linkResolver.cpp, line 773]
Event: 0.568 Thread 0x00000220b99e3110 Exception <a 'java/lang/ClassNotFoundException'{0x00000000d648c2a8}: sun/net/www/protocol/c/Handler> (0x00000000d648c2a8) 
thrown [s\src\hotspot\share\classfile\systemDictionary.cpp, line 312]
Event: 0.586 Thread 0x00000220b99e3110 Exception <a 'java/io/FileNotFoundException'{0x00000000d64e6730}> (0x00000000d64e6730) 
thrown [s\src\hotspot\share\prims\jni.cpp, line 520]
Event: 0.586 Thread 0x00000220b99e3110 Exception <a 'java/io/FileNotFoundException'{0x00000000d64e7e70}> (0x00000000d64e7e70) 
thrown [s\src\hotspot\share\prims\jni.cpp, line 520]
Event: 0.586 Thread 0x00000220b99e3110 Exception <a 'java/io/FileNotFoundException'{0x00000000d64e8ed0}> (0x00000000d64e8ed0) 
thrown [s\src\hotspot\share\prims\jni.cpp, line 520]
Event: 0.586 Thread 0x00000220b99e3110 Exception <a 'java/io/FileNotFoundException'{0x00000000d64e9e08}> (0x00000000d64e9e08) 
thrown [s\src\hotspot\share\prims\jni.cpp, line 520]
Event: 0.598 Thread 0x00000220b99e3110 Exception <a 'java/io/FileNotFoundException'{0x00000000d65243d8}> (0x00000000d65243d8) 
thrown [s\src\hotspot\share\prims\jni.cpp, line 520]
Event: 0.614 Thread 0x00000220b99e3110 Exception <a 'java/lang/NoSuchMethodError'{0x00000000d6560398}: 'java.lang.Object java.lang.invoke.DirectMethodHandle$Holder.invokeInterface(java.lang.Object, java.lang.Object)'> (0x00000000d6560398) 
thrown [s\src\hotspot\share\interpreter\linkResolver.cpp, line 773]
Event: 0.619 Thread 0x00000220b99e3110 Exception <a 'java/lang/NoSuchMethodError'{0x00000000d6573f08}: 'java.lang.Object java.lang.invoke.Invokers$Holder.invokeExact_MT(java.lang.Object, java.lang.Object, java.lang.Object, java.lang.Object, java.lang.Object, java.lang.Object)'> (0x00000000d6573f08) 
thrown [s\src\hotspot\share\interpreter\linkResolver.cpp, line 773]
Event: 0.630 Thread 0x00000220b99e3110 Exception <a 'java/lang/NoSuchMethodError'{0x00000000d658b160}: 'int java.lang.invoke.DirectMethodHandle$Holder.invokeStatic(java.lang.Object, java.lang.Object, java.lang.Object, java.lang.Object, java.lang.Object)'> (0x00000000d658b160) 
thrown [s\src\hotspot\share\interpreter\linkResolver.cpp, line 773]
Event: 0.728 Thread 0x00000220b99e3110 Exception <a 'java/lang/NoSuchMethodError'{0x00000000d66225f0}: 'java.lang.Object java.lang.invoke.DirectMethodHandle$Holder.invokeInterface(java.lang.Object, java.lang.Object, int)'> (0x00000000d66225f0) 
thrown [s\src\hotspot\share\interpreter\linkResolver.cpp, line 773]
Event: 0.871 Thread 0x00000220b99e3110 Exception <a 'java/lang/NoSuchMethodError'{0x00000000d6aa0958}: 'java.lang.ClassLoader java.lang.ClassLoader.getPlatformClassLoader(java.lang.Class)'> (0x00000000d6aa0958) 
thrown [s\src\hotspot\share\interpreter\linkResolver.cpp, line 773]

ZGC Phase Switch (0 events):
No events

VM Operations (12 events):
Event: 0.093 Executing VM operation: HandshakeAllThreads (Deoptimize)
Event: 0.093 Executing VM operation: HandshakeAllThreads (Deoptimize) done
Event: 0.170 Executing VM operation: HandshakeAllThreads (Deoptimize)
Event: 0.170 Executing VM operation: HandshakeAllThreads (Deoptimize) done
Event: 0.533 Executing VM operation: HandshakeAllThreads (Deoptimize)
Event: 0.533 Executing VM operation: HandshakeAllThreads (Deoptimize) done
Event: 0.555 Executing VM operation: HandshakeAllThreads (Deoptimize)
Event: 0.555 Executing VM operation: HandshakeAllThreads (Deoptimize) done
Event: 0.886 Executing VM operation: ICBufferFull
Event: 0.887 Executing VM operation: ICBufferFull done
Event: 0.949 Executing VM operation: ParallelGCFailedAllocation (Allocation Failure)
Event: 0.956 Executing VM operation: ParallelGCFailedAllocation (Allocation Failure) done

Memory protections (0 events):
No events

Nmethod flushes (0 events):
No events

Events (12 events):
Event: 0.028 Thread 0x00000220b99e3110 Thread added: 0x00000220b99e3110
Event: 0.047 Thread 0x00000220b99e3110 Thread added: 0x00000220d04483b0
Event: 0.047 Thread 0x00000220b99e3110 Thread added: 0x00000220b9a9cf90
Event: 0.048 Thread 0x00000220b99e3110 Thread added: 0x00000220d0449520
Event: 0.048 Thread 0x00000220b99e3110 Thread added: 0x00000220d044a230
Event: 0.048 Thread 0x00000220b99e3110 Thread added: 0x00000220d044b930
Event: 0.048 Thread 0x00000220b99e3110 Thread added: 0x00000220d044d710
Event: 0.048 Thread 0x00000220b99e3110 Thread added: 0x00000220d0452d40
Event: 0.048 Thread 0x00000220b99e3110 Thread added: 0x00000220d045b5f0
Event: 0.080 Thread 0x00000220b99e3110 Thread added: 0x00000221170c7ad0
Event: 0.232 Thread 0x00000220d045b5f0 Thread added: 0x00000221172eeff0
Event: 0.350 Thread 0x00000220b99e3110 Thread added: 0x000002211733f810


Dynamic libraries:
0x00007ff73a750000 - 0x00007ff73a75e000 	c:\Users\Salah eddine bitti\.vscode\extensions\redhat.java-1.43.1-win32-x64\jre\21.0.7-win32-x86_64\bin\java.exe
0x00007fffe9650000 - 0x00007fffe9867000 	C:\WINDOWS\SYSTEM32\ntdll.dll
0x00007fffe8b10000 - 0x00007fffe8bd4000 	C:\WINDOWS\System32\KERNEL32.DLL
0x00007fffe6860000 - 0x00007fffe6c32000 	C:\WINDOWS\System32\KERNELBASE.dll
0x00007fffe6740000 - 0x00007fffe6851000 	C:\WINDOWS\System32\ucrtbase.dll
0x00007fffdfbb0000 - 0x00007fffdfbce000 	c:\Users\Salah eddine bitti\.vscode\extensions\redhat.java-1.43.1-win32-x64\jre\21.0.7-win32-x86_64\bin\VCRUNTIME140.dll
0x00007fffd9580000 - 0x00007fffd9598000 	c:\Users\Salah eddine bitti\.vscode\extensions\redhat.java-1.43.1-win32-x64\jre\21.0.7-win32-x86_64\bin\jli.dll
0x00007fffe8c10000 - 0x00007fffe8dc1000 	C:\WINDOWS\System32\USER32.dll
0x00007fffe70a0000 - 0x00007fffe70c6000 	C:\WINDOWS\System32\win32u.dll
0x00007fffe8be0000 - 0x00007fffe8c09000 	C:\WINDOWS\System32\GDI32.dll
0x00007fffc96b0000 - 0x00007fffc994b000 	C:\WINDOWS\WinSxS\amd64_microsoft.windows.common-controls_6595b64144ccf1df_6.0.22621.5547_none_27104afb73855772\COMCTL32.dll
0x00007fffe6d80000 - 0x00007fffe6ea3000 	C:\WINDOWS\System32\gdi32full.dll
0x00007fffe8dd0000 - 0x00007fffe8e77000 	C:\WINDOWS\System32\msvcrt.dll
0x00007fffe7190000 - 0x00007fffe722a000 	C:\WINDOWS\System32\msvcp_win.dll
0x00007fffe7ac0000 - 0x00007fffe7af1000 	C:\WINDOWS\System32\IMM32.DLL
0x00007fffdb6c0000 - 0x00007fffdb6cc000 	c:\Users\Salah eddine bitti\.vscode\extensions\redhat.java-1.43.1-win32-x64\jre\21.0.7-win32-x86_64\bin\vcruntime140_1.dll
0x00007fff84890000 - 0x00007fff8491d000 	c:\Users\Salah eddine bitti\.vscode\extensions\redhat.java-1.43.1-win32-x64\jre\21.0.7-win32-x86_64\bin\msvcp140.dll
0x00007fff543e0000 - 0x00007fff55170000 	c:\Users\Salah eddine bitti\.vscode\extensions\redhat.java-1.43.1-win32-x64\jre\21.0.7-win32-x86_64\bin\server\jvm.dll
0x00007fffe77d0000 - 0x00007fffe7881000 	C:\WINDOWS\System32\ADVAPI32.dll
0x00007fffe7b00000 - 0x00007fffe7ba8000 	C:\WINDOWS\System32\sechost.dll
0x00007fffe72b0000 - 0x00007fffe72d8000 	C:\WINDOWS\System32\bcrypt.dll
0x00007fffe78e0000 - 0x00007fffe79f4000 	C:\WINDOWS\System32\RPCRT4.dll
0x00007fffe9440000 - 0x00007fffe94b1000 	C:\WINDOWS\System32\WS2_32.dll
0x00007fffe5fe0000 - 0x00007fffe602d000 	C:\WINDOWS\SYSTEM32\POWRPROF.dll
0x00007fffdc550000 - 0x00007fffdc584000 	C:\WINDOWS\SYSTEM32\WINMM.dll
0x00007fffde5b0000 - 0x00007fffde5ba000 	C:\WINDOWS\SYSTEM32\VERSION.dll
0x00007fffe5fc0000 - 0x00007fffe5fd3000 	C:\WINDOWS\SYSTEM32\UMPDC.dll
0x00007fffe5730000 - 0x00007fffe5748000 	C:\WINDOWS\SYSTEM32\kernel.appcore.dll
0x00007fffd1c50000 - 0x00007fffd1c5a000 	c:\Users\Salah eddine bitti\.vscode\extensions\redhat.java-1.43.1-win32-x64\jre\21.0.7-win32-x86_64\bin\jimage.dll
0x00007fffe4170000 - 0x00007fffe43a3000 	C:\WINDOWS\SYSTEM32\DBGHELP.DLL
0x00007fffe8ef0000 - 0x00007fffe9283000 	C:\WINDOWS\System32\combase.dll
0x00007fffe9530000 - 0x00007fffe9607000 	C:\WINDOWS\System32\OLEAUT32.dll
0x00007fffc15b0000 - 0x00007fffc15e2000 	C:\WINDOWS\SYSTEM32\dbgcore.DLL
0x00007fffe7230000 - 0x00007fffe72ab000 	C:\WINDOWS\System32\bcryptPrimitives.dll
0x00007fffd1c40000 - 0x00007fffd1c4f000 	c:\Users\Salah eddine bitti\.vscode\extensions\redhat.java-1.43.1-win32-x64\jre\21.0.7-win32-x86_64\bin\instrument.dll
0x00007fffd1b60000 - 0x00007fffd1b7f000 	c:\Users\Salah eddine bitti\.vscode\extensions\redhat.java-1.43.1-win32-x64\jre\21.0.7-win32-x86_64\bin\java.dll
0x00007fffe7bc0000 - 0x00007fffe8462000 	C:\WINDOWS\System32\SHELL32.dll
0x00007fffe6c40000 - 0x00007fffe6d7f000 	C:\WINDOWS\System32\wintypes.dll
0x00007fffe4620000 - 0x00007fffe4f3d000 	C:\WINDOWS\SYSTEM32\windows.storage.dll
0x00007fffe9290000 - 0x00007fffe939c000 	C:\WINDOWS\System32\SHCORE.dll
0x00007fffe8e80000 - 0x00007fffe8ee9000 	C:\WINDOWS\System32\shlwapi.dll
0x00007fffe6670000 - 0x00007fffe669b000 	C:\WINDOWS\SYSTEM32\profapi.dll
0x00007fffc7a90000 - 0x00007fffc7aa8000 	c:\Users\Salah eddine bitti\.vscode\extensions\redhat.java-1.43.1-win32-x64\jre\21.0.7-win32-x86_64\bin\zip.dll
0x00007fffd1c30000 - 0x00007fffd1c40000 	C:\Users\Salah eddine bitti\.vscode\extensions\redhat.java-1.43.1-win32-x64\jre\21.0.7-win32-x86_64\bin\net.dll
0x00007fffdf520000 - 0x00007fffdf64c000 	C:\WINDOWS\SYSTEM32\WINHTTP.dll
0x00007fffe5bb0000 - 0x00007fffe5c19000 	C:\WINDOWS\system32\mswsock.dll
0x00007fffc5d90000 - 0x00007fffc5da6000 	C:\Users\Salah eddine bitti\.vscode\extensions\redhat.java-1.43.1-win32-x64\jre\21.0.7-win32-x86_64\bin\nio.dll
0x00007fffc9170000 - 0x00007fffc9180000 	c:\Users\Salah eddine bitti\.vscode\extensions\redhat.java-1.43.1-win32-x64\jre\21.0.7-win32-x86_64\bin\verify.dll

dbghelp: loaded successfully - version: 4.0.5 - missing functions: none
symbol engine: initialized successfully - sym options: 0x614 - pdb path: .;c:\Users\Salah eddine bitti\.vscode\extensions\redhat.java-1.43.1-win32-x64\jre\21.0.7-win32-x86_64\bin;C:\WINDOWS\SYSTEM32;C:\WINDOWS\WinSxS\amd64_microsoft.windows.common-controls_6595b64144ccf1df_6.0.22621.5547_none_27104afb73855772;c:\Users\Salah eddine bitti\.vscode\extensions\redhat.java-1.43.1-win32-x64\jre\21.0.7-win32-x86_64\bin\server

VM Arguments:
jvm_args: --add-modules=ALL-SYSTEM --add-opens=java.base/java.util=ALL-UNNAMED --add-opens=java.base/java.lang=ALL-UNNAMED --add-opens=java.base/sun.nio.fs=ALL-UNNAMED -Declipse.application=org.eclipse.jdt.ls.core.id1 -Dosgi.bundles.defaultStartLevel=4 -Declipse.product=org.eclipse.jdt.ls.core.product -Djava.import.generatesMetadataFilesAtProjectRoot=false -DDetectVMInstallationsJob.disabled=true -Dfile.encoding=utf8 -XX:+UseParallelGC -XX:GCTimeRatio=4 -XX:AdaptiveSizePolicyWeight=90 -Dsun.zip.disableMemoryMapping=true -Xmx2G -Xms100m -Xlog:disable -javaagent:c:\Users\Salah eddine bitti\.vscode\extensions\redhat.java-1.43.1-win32-x64\lombok\lombok-1.18.39-4050.jar 
java_command: c:\Users\Salah eddine bitti\.vscode\extensions\redhat.java-1.43.1-win32-x64\server\plugins\org.eclipse.equinox.launcher_1.7.0.v20250519-0528.jar -configuration c:\Users\Salah eddine bitti\AppData\Roaming\Code\User\globalStorage\redhat.java\1.43.1\config_ss_win -data c:\Users\Salah eddine bitti\AppData\Roaming\Code\User\workspaceStorage\86298339464e7d9bd6535f9d51b3350d\redhat.java\ss_ws --pipe=\\.\pipe\lsp-402f1dd7afce86800dec6066954a4618-sock
java_class_path (initial): c:\Users\Salah eddine bitti\.vscode\extensions\redhat.java-1.43.1-win32-x64\server\plugins\org.eclipse.equinox.launcher_1.7.0.v20250519-0528.jar
Launcher Type: SUN_STANDARD

[Global flags]
    uintx AdaptiveSizePolicyWeight                 = 90                                        {product} {command line}
     intx CICompilerCount                          = 4                                         {product} {ergonomic}
    uintx GCTimeRatio                              = 4                                         {product} {command line}
   size_t InitialHeapSize                          = 104857600                                 {product} {command line}
   size_t MaxHeapSize                              = 2147483648                                {product} {command line}
   size_t MaxNewSize                               = 715653120                                 {product} {ergonomic}
   size_t MinHeapDeltaBytes                        = 524288                                    {product} {ergonomic}
   size_t MinHeapSize                              = 104857600                                 {product} {command line}
   size_t NewSize                                  = 34603008                                  {product} {ergonomic}
    uintx NonNMethodCodeHeapSize                   = 5839372                                {pd product} {ergonomic}
    uintx NonProfiledCodeHeapSize                  = 122909434                              {pd product} {ergonomic}
   size_t OldSize                                  = 70254592                                  {product} {ergonomic}
    uintx ProfiledCodeHeapSize                     = 122909434                              {pd product} {ergonomic}
    uintx ReservedCodeCacheSize                    = 251658240                              {pd product} {ergonomic}
     bool SegmentedCodeCache                       = true                                      {product} {ergonomic}
   size_t SoftMaxHeapSize                          = 2147483648                             {manageable} {ergonomic}
     bool UseCompressedOops                        = true                           {product lp64_product} {ergonomic}
     bool UseLargePagesIndividualAllocation        = false                                  {pd product} {ergonomic}
     bool UseParallelGC                            = true                                      {product} {command line}

Logging:
Log output configuration:
 #0: stdout all=off uptime,level,tags foldmultilines=false
 #1: stderr all=off uptime,level,tags foldmultilines=false

Environment Variables:
JAVA_HOME=D:\bin\jdk-21
PATH=D:\bin;C:\Program Files\ImageMagick-7.1.1-Q16-HDRI;C:\Python310\Scripts\;C:\Python310\;C:\Program Files (x86)\Common Files\Intel\Shared Libraries\redist\intel64_win\compiler;C:\windows\system32;C:\windows;C:\windows\System32\Wbem;C:\windows\System32\WindowsPowerShell\v1.0\;C:\windows\System32\OpenSSH\;C:\Program Files (x86)\NVIDIA Corporation\PhysX\Common;C:\WINDOWS\system32;C:\WINDOWS;C:\WINDOWS\System32\Wbem;C:\WINDOWS\System32\WindowsPowerShell\v1.0\;C:\WINDOWS\System32\OpenSSH\;C:\Users\Salah eddine bitti\AppData\Local\Microsoft\WindowsApps;C:\Users\Salah eddine bitti\AppData\Local\Programs\Python\Python311\Scripts;C:\Users\Salah eddine bitti\AppData\Local\Programs\Python\Python311;C:\wamp64\bin\php\php7.4.33;C:\composer;C:\xampp\php;C:\Program Files\NVIDIA Corporation\NVIDIA app\NvDLISR;C:\ProgramData\chocolatey\bin;D:\Git\cmd;D:\programmes\;C:\Users\Salah eddine bitti\AppData\Local\Microsoft\WindowsApps;C:\Users\Salah eddine bitti\AppData\Local\gitkraken\bin;C:\Users\Salah eddine bitti\AppData\Local\Programs\Microsoft VS Code\bin;C:\Users\Salah eddine bitti\AppData\Local\Microsoft\WindowsApps;C:\Users\Salah eddine bitti\AppData\Roaming\Microsoft\Windows\Start Menu\Programs\Python 3.11;C:\Users\Salah eddine bitti\AppData\Roaming\Microsoft\Windows\Start Menu\Programs\Python 3.11\scripts\;C:\ffmpeg\bin;C:\Users\Salah eddine bitti\AppData\Local\Microsoft\WinGet\Links;C:\Users\Salah eddine bitti\AppData\Roaming\Composer\vendor\bin;C:\xampp\php;C:\Program Files\Git;C:\Users\Salah eddine bitti\AppData\Local\Programs\mongosh\;D:\projets\maven-mvnd-1.0.2-windows-amd64\bin;D:\projets\apache-maven-3.9.10-bin\apache-maven-3.9.10\bin;;D:\IntelliJ IDEA 2025.1.2\bin;;C:\Users\Salah eddine bitti\AppData\Roaming\npm
USERNAME=Salah eddine bitti
OS=Windows_NT
PROCESSOR_IDENTIFIER=Intel64 Family 6 Model 140 Stepping 1, GenuineIntel
TMP=C:\Users\SALAHE~1\AppData\Local\Temp
TEMP=C:\Users\SALAHE~1\AppData\Local\Temp




Periodic native trim disabled

---------------  S Y S T E M  ---------------

OS:
 Windows 11 , 64 bit Build 22621 (10.0.22621.5415)
OS uptime: 1 days 8:49 hours
Hyper-V role detected

CPU: total 8 (initial active 8) (4 cores per cpu, 2 threads per core) family 6 model 140 stepping 1 microcode 0xac, cx8, cmov, fxsr, ht, mmx, 3dnowpref, sse, sse2, sse3, ssse3, sse4.1, sse4.2, popcnt, lzcnt, tsc, tscinvbit, avx, avx2, aes, erms, clmul, bmi1, bmi2, adx, avx512f, avx512dq, avx512cd, avx512bw, avx512vl, sha, fma, vzeroupper, avx512_vpopcntdq, avx512_vpclmulqdq, avx512_vaes, avx512_vnni, clflush, clflushopt, clwb, avx512_vbmi2, avx512_vbmi, hv, rdtscp, rdpid, fsrm, gfni, avx512_bitalg, f16c, cet_ibt, cet_ss, avx512_ifma
Processor Information for the first 8 processors :
  Max Mhz: 2419, Current Mhz: 2419, Mhz Limit: 2419

Memory: 4k page, system-wide physical 7932M (462M free)
TotalPageFile size 16124M (AvailPageFile size 0M)
current process WorkingSet (physical memory assigned to process): 81M, peak: 81M
current process commit charge ("private bytes"): 236M, peak: 236M

vm_info: OpenJDK 64-Bit Server VM (21.0.7+6-LTS) for windows-amd64 JRE (21.0.7+6-LTS), built on 2025-04-15T00:00:00Z by "admin" with MS VC++ 17.7 (VS2022)

END.
