#
# There is insufficient memory for the Java Runtime Environment to continue.
# Native memory allocation (malloc) failed to allocate 534704 bytes. Error detail: Chunk::new
# Possible reasons:
#   The system is out of physical RAM or swap space
#   This process is running with CompressedOops enabled, and the Java Heap may be blocking the growth of the native heap
# Possible solutions:
#   Reduce memory load on the system
#   Increase physical memory or swap space
#   Check if swap backing store is full
#   Decrease Java heap size (-Xmx/-Xms)
#   Decrease number of Java threads
#   Decrease Java thread stack sizes (-Xss)
#   Set larger code cache with -XX:ReservedCodeCacheSize=
#   JVM is running with Unscaled Compressed Oops mode in which the Java heap is
#     placed in the first 4GB address space. The Java Heap base address is the
#     maximum limit for the native heap growth. Please use -XX:HeapBaseMinAddress
#     to set the Java Heap base and to place the Java Heap above 4GB virtual address.
# This output file may be truncated or incomplete.
#
#  Out of Memory Error (arena.cpp:168), pid=1896, tid=15420
#
# JRE version: OpenJDK Runtime Environment Temurin-21.0.7+6 (21.0.7+6) (build 21.0.7+6-LTS)
# Java VM: OpenJDK 64-Bit Server VM Temurin-21.0.7+6 (21.0.7+6-LTS, mixed mode, sharing, tiered, compressed oops, compressed class ptrs, g1 gc, windows-amd64)
# No core dump will be written. Minidumps are not enabled by default on client versions of Windows
#

---------------  S U M M A R Y ------------

Command Line: -XX:+ShowCodeDetailsInExceptionMessages com.example.audio_transcriber.AudioTranscriberApplication

Host: 11th Gen Intel(R) Core(TM) i5-1135G7 @ 2.40GHz, 8 cores, 7G,  Windows 11 , 64 bit Build 22621 (10.0.22621.5415)
Time: Thu Jul 10 21:56:28 2025 Maroc (heure d64 bit Build 22621 (10.0.22621.5415) elapsed time: 981.868713 seconds (0d 0h 16m 21s)

---------------  T H R E A D  ---------------

Current thread (0x000001d93fbebec0):  JavaThread "C2 CompilerThread0" daemon [_thread_in_native, id=15420, stack(0x000000736ea00000,0x000000736eb00000) (1024K)]


Current CompileTask:
C2:981869 11750   !   4       jdk.internal.loader.URLClassPath$FileLoader::getResource (153 bytes)

Stack: [0x000000736ea00000,0x000000736eb00000]
Native frames: (J=compiled Java code, j=interpreted, Vv=VM code, C=native code)
V  [jvm.dll+0x6ce119]
V  [jvm.dll+0x8a84a1]
V  [jvm.dll+0x8aa9ce]
V  [jvm.dll+0x8ab0b3]
V  [jvm.dll+0x27f8a6]
V  [jvm.dll+0xc507d]
V  [jvm.dll+0xc55b3]
V  [jvm.dll+0x3b692c]
V  [jvm.dll+0x382aa5]
V  [jvm.dll+0x381f0a]
V  [jvm.dll+0x247af0]
V  [jvm.dll+0x2470cf]
V  [jvm.dll+0x1c760e]
V  [jvm.dll+0x25695a]
V  [jvm.dll+0x254efa]
V  [jvm.dll+0x3f03f6]
V  [jvm.dll+0x851f6b]
V  [jvm.dll+0x6cc7dd]
C  [ucrtbase.dll+0x29333]
C  [KERNEL32.DLL+0x1259d]
C  [ntdll.dll+0x5af78]


---------------  P R O C E S S  ---------------

Threads class SMR info:
_java_thread_list=0x000001d985a1c3b0, length=16, elements={
0x000001d93fbd67a0, 0x000001d93fbdaf70, 0x000001d93fbded50, 0x000001d93fbdf840,
0x000001d93fbdfea0, 0x000001d93fbe4910, 0x000001d93fbebec0, 0x000001d93fbec560,
0x000001d98510bfa0, 0x000001d985110380, 0x000001d988bfe0d0, 0x000001d98669fbe0,
0x000001d98669eec0, 0x000001d98b9d6af0, 0x000001d98538dc90, 0x000001d98538f6d0
}

Java Threads: ( => current thread )
  0x000001d93fbd67a0 JavaThread "Reference Handler"          daemon [_thread_blocked, id=5548, stack(0x000000736e400000,0x000000736e500000) (1024K)]
  0x000001d93fbdaf70 JavaThread "Finalizer"                  daemon [_thread_blocked, id=15336, stack(0x000000736e500000,0x000000736e600000) (1024K)]
  0x000001d93fbded50 JavaThread "Signal Dispatcher"          daemon [_thread_blocked, id=12664, stack(0x000000736e600000,0x000000736e700000) (1024K)]
  0x000001d93fbdf840 JavaThread "Attach Listener"            daemon [_thread_blocked, id=10960, stack(0x000000736e700000,0x000000736e800000) (1024K)]
  0x000001d93fbdfea0 JavaThread "Service Thread"             daemon [_thread_blocked, id=9312, stack(0x000000736e800000,0x000000736e900000) (1024K)]
  0x000001d93fbe4910 JavaThread "Monitor Deflation Thread"   daemon [_thread_blocked, id=14280, stack(0x000000736e900000,0x000000736ea00000) (1024K)]
=>0x000001d93fbebec0 JavaThread "C2 CompilerThread0"         daemon [_thread_in_native, id=15420, stack(0x000000736ea00000,0x000000736eb00000) (1024K)]
  0x000001d93fbec560 JavaThread "C1 CompilerThread0"         daemon [_thread_in_native, id=10160, stack(0x000000736eb00000,0x000000736ec00000) (1024K)]
  0x000001d98510bfa0 JavaThread "Notification Thread"        daemon [_thread_blocked, id=8372, stack(0x000000736ec00000,0x000000736ed00000) (1024K)]
  0x000001d985110380 JavaThread "Common-Cleaner"             daemon [_thread_blocked, id=6952, stack(0x000000736ed00000,0x000000736ee00000) (1024K)]
  0x000001d988bfe0d0 JavaThread "mysql-cj-abandoned-connection-cleanup" daemon [_thread_blocked, id=18272, stack(0x000000736fd00000,0x000000736fe00000) (1024K)]
  0x000001d98669fbe0 JavaThread "BufferPoolPruner-1-thread-1" daemon [_thread_blocked, id=9904, stack(0x000000736f900000,0x000000736fa00000) (1024K)]
  0x000001d98669eec0 JavaThread "Live Reload Server"         daemon [_thread_in_native, id=6344, stack(0x0000007370500000,0x0000007370600000) (1024K)]
  0x000001d98b9d6af0 JavaThread "DestroyJavaVM"                     [_thread_blocked, id=18060, stack(0x000000736dc00000,0x000000736dd00000) (1024K)]
  0x000001d98538dc90 JavaThread "Thread-15"                         [_thread_blocked, id=3652, stack(0x000000736da00000,0x000000736db00000) (1024K)]
  0x000001d98538f6d0 JavaThread "restartedMain"                     [_thread_in_Java, id=9252, stack(0x000000736ee00000,0x000000736ef00000) (1024K)]
Total: 16

Other Threads:
  0x000001d93fbb8ee0 VMThread "VM Thread"                           [id=2932, stack(0x000000736e300000,0x000000736e400000) (1024K)]
  0x000001d93fba5a10 WatcherThread "VM Periodic Task Thread"        [id=7548, stack(0x000000736e200000,0x000000736e300000) (1024K)]
  0x000001d928613780 WorkerThread "GC Thread#0"                     [id=2720, stack(0x000000736dd00000,0x000000736de00000) (1024K)]
  0x000001d98595a4a0 WorkerThread "GC Thread#1"                     [id=18292, stack(0x000000736f100000,0x000000736f200000) (1024K)]
  0x000001d985785330 WorkerThread "GC Thread#2"                     [id=3216, stack(0x000000736f200000,0x000000736f300000) (1024K)]
  0x000001d9857856d0 WorkerThread "GC Thread#3"                     [id=16124, stack(0x000000736f300000,0x000000736f400000) (1024K)]
  0x000001d985785a70 WorkerThread "GC Thread#4"                     [id=15356, stack(0x000000736f400000,0x000000736f500000) (1024K)]
  0x000001d985d465b0 WorkerThread "GC Thread#5"                     [id=10808, stack(0x000000736f500000,0x000000736f600000) (1024K)]
  0x000001d985e890d0 WorkerThread "GC Thread#6"                     [id=10272, stack(0x000000736f700000,0x000000736f800000) (1024K)]
  0x000001d9862bfef0 WorkerThread "GC Thread#7"                     [id=13520, stack(0x000000736f800000,0x000000736f900000) (1024K)]
  0x000001d928623f20 ConcurrentGCThread "G1 Main Marker"            [id=18340, stack(0x000000736de00000,0x000000736df00000) (1024K)]
  0x000001d928624830 WorkerThread "G1 Conc#0"                       [id=15104, stack(0x000000736df00000,0x000000736e000000) (1024K)]
  0x000001d987d83900 WorkerThread "G1 Conc#1"                       [id=5340, stack(0x000000736f600000,0x000000736f700000) (1024K)]
  0x000001d92866e8a0 ConcurrentGCThread "G1 Refine#0"               [id=2664, stack(0x000000736e000000,0x000000736e100000) (1024K)]
  0x000001d93fa73180 ConcurrentGCThread "G1 Service"                [id=17548, stack(0x000000736e100000,0x000000736e200000) (1024K)]
Total: 15

Threads with active compile tasks:
C2 CompilerThread0  981918 11750   !   4       jdk.internal.loader.URLClassPath$FileLoader::getResource (153 bytes)
C1 CompilerThread0  981918 11760       3       org.springframework.boot.autoconfigure.condition.ConditionMessage::of (56 bytes)
Total: 2

VM state: not at safepoint (normal execution)

VM Mutex/Monitor currently owned by a thread: None

Heap address: 0x0000000084000000, size: 1984 MB, Compressed Oops mode: 32-bit

CDS archive(s) mapped at: [0x000001d940000000-0x000001d940ba0000-0x000001d940ba0000), size 12189696, SharedBaseAddress: 0x000001d940000000, ArchiveRelocationMode: 1.
Compressed class space mapped at: 0x000001d941000000-0x000001d981000000, reserved size: 1073741824
Narrow klass base: 0x000001d940000000, Narrow klass shift: 0, Narrow klass range: 0x100000000

GC Precious Log:
 CardTable entry size: 512
 Card Set container configuration: InlinePtr #cards 5 size 8 Array Of Cards #cards 12 size 40 Howl #buckets 4 coarsen threshold 1843 Howl Bitmap #cards 512 size 80 coarsen threshold 460 Card regions per heap region 1 cards per card region 2048
 CPUs: 8 total, 8 available
 Memory: 7932M
 Large Page Support: Disabled
 NUMA Support: Disabled
 Compressed Oops: Enabled (32-bit)
 Heap Region Size: 1M
 Heap Min Capacity: 8M
 Heap Initial Capacity: 124M
 Heap Max Capacity: 1984M
 Pre-touch: Disabled
 Parallel Workers: 8
 Concurrent Workers: 2
 Concurrent Refinement Workers: 8
 Periodic GC: Disabled

Heap:
 garbage-first heap   total 75776K, used 41873K [0x0000000084000000, 0x0000000100000000)
  region size 1024K, 9 young (9216K), 0 survivors (0K)
 Metaspace       used 82732K, committed 83584K, reserved 1179648K
  class space    used 10842K, committed 11264K, reserved 1048576K

Heap Regions: E=young(eden), S=young(survivor), O=old, HS=humongous(starts), HC=humongous(continues), CS=collection set, F=free, TAMS=top-at-mark-start, PB=parsable bottom
|   0|0x0000000084000000, 0x0000000084100000, 0x0000000084100000|100%|HS|  |TAMS 0x0000000084000000| PB 0x0000000084000000| Untracked 
|   1|0x0000000084100000, 0x0000000084200000, 0x0000000084200000|100%|HS|  |TAMS 0x0000000084100000| PB 0x0000000084100000| Untracked 
|   2|0x0000000084200000, 0x0000000084300000, 0x0000000084300000|100%| O|  |TAMS 0x0000000084200000| PB 0x0000000084200000| Untracked 
|   3|0x0000000084300000, 0x0000000084400000, 0x0000000084400000|100%| O|  |TAMS 0x0000000084300000| PB 0x0000000084300000| Untracked 
|   4|0x0000000084400000, 0x0000000084500000, 0x0000000084500000|100%| O|  |TAMS 0x0000000084400000| PB 0x0000000084400000| Untracked 
|   5|0x0000000084500000, 0x0000000084600000, 0x0000000084600000|100%| O|  |TAMS 0x0000000084500000| PB 0x0000000084500000| Untracked 
|   6|0x0000000084600000, 0x0000000084700000, 0x0000000084700000|100%| O|  |TAMS 0x0000000084600000| PB 0x0000000084600000| Untracked 
|   7|0x0000000084700000, 0x0000000084800000, 0x0000000084800000|100%| O|  |TAMS 0x0000000084700000| PB 0x0000000084700000| Untracked 
|   8|0x0000000084800000, 0x0000000084900000, 0x0000000084900000|100%| O|  |TAMS 0x0000000084800000| PB 0x0000000084800000| Untracked 
|   9|0x0000000084900000, 0x00000000849ffff8, 0x0000000084a00000| 99%| O|  |TAMS 0x0000000084900000| PB 0x0000000084900000| Untracked 
|  10|0x0000000084a00000, 0x0000000084affff8, 0x0000000084b00000| 99%| O|  |TAMS 0x0000000084a00000| PB 0x0000000084a00000| Untracked 
|  11|0x0000000084b00000, 0x0000000084bffff0, 0x0000000084c00000| 99%| O|  |TAMS 0x0000000084b00000| PB 0x0000000084b00000| Untracked 
|  12|0x0000000084c00000, 0x0000000084d00000, 0x0000000084d00000|100%| O|  |TAMS 0x0000000084c00000| PB 0x0000000084c00000| Untracked 
|  13|0x0000000084d00000, 0x0000000084dffff0, 0x0000000084e00000| 99%| O|  |TAMS 0x0000000084d00000| PB 0x0000000084d00000| Untracked 
|  14|0x0000000084e00000, 0x0000000084effff0, 0x0000000084f00000| 99%| O|  |TAMS 0x0000000084e00000| PB 0x0000000084e00000| Untracked 
|  15|0x0000000084f00000, 0x0000000084fff308, 0x0000000085000000| 99%| O|  |TAMS 0x0000000084f00000| PB 0x0000000084f00000| Untracked 
|  16|0x0000000085000000, 0x00000000850fffd8, 0x0000000085100000| 99%| O|  |TAMS 0x0000000085000000| PB 0x0000000085000000| Untracked 
|  17|0x0000000085100000, 0x00000000851fffe8, 0x0000000085200000| 99%| O|  |TAMS 0x0000000085100000| PB 0x0000000085100000| Untracked 
|  18|0x0000000085200000, 0x0000000085300000, 0x0000000085300000|100%| O|  |TAMS 0x0000000085200000| PB 0x0000000085200000| Untracked 
|  19|0x0000000085300000, 0x00000000853ffff8, 0x0000000085400000| 99%| O|  |TAMS 0x0000000085300000| PB 0x0000000085300000| Untracked 
|  20|0x0000000085400000, 0x00000000854ffff0, 0x0000000085500000| 99%| O|  |TAMS 0x0000000085400000| PB 0x0000000085400000| Untracked 
|  21|0x0000000085500000, 0x00000000855ffff0, 0x0000000085600000| 99%| O|  |TAMS 0x0000000085500000| PB 0x0000000085500000| Untracked 
|  22|0x0000000085600000, 0x00000000856ffff0, 0x0000000085700000| 99%| O|  |TAMS 0x0000000085600000| PB 0x0000000085600000| Untracked 
|  23|0x0000000085700000, 0x00000000857ffff8, 0x0000000085800000| 99%| O|  |TAMS 0x0000000085700000| PB 0x0000000085700000| Untracked 
|  24|0x0000000085800000, 0x00000000858fffe8, 0x0000000085900000| 99%| O|  |TAMS 0x0000000085800000| PB 0x0000000085800000| Untracked 
|  25|0x0000000085900000, 0x0000000085a00000, 0x0000000085a00000|100%| O|  |TAMS 0x0000000085900000| PB 0x0000000085900000| Untracked 
|  26|0x0000000085a00000, 0x0000000085afee60, 0x0000000085b00000| 99%| O|  |TAMS 0x0000000085a00000| PB 0x0000000085a00000| Untracked 
|  27|0x0000000085b00000, 0x0000000085bffff0, 0x0000000085c00000| 99%| O|  |TAMS 0x0000000085b00000| PB 0x0000000085b00000| Untracked 
|  28|0x0000000085c00000, 0x0000000085cffff0, 0x0000000085d00000| 99%| O|  |TAMS 0x0000000085c00000| PB 0x0000000085c00000| Untracked 
|  29|0x0000000085d00000, 0x0000000085d530a8, 0x0000000085e00000| 32%| O|  |TAMS 0x0000000085d00000| PB 0x0000000085d00000| Untracked 
|  30|0x0000000085e00000, 0x0000000085ec3848, 0x0000000085f00000| 76%| O|  |TAMS 0x0000000085e00000| PB 0x0000000085e00000| Untracked 
|  31|0x0000000085f00000, 0x0000000085ffffc0, 0x0000000086000000| 99%| O|  |TAMS 0x0000000085f00000| PB 0x0000000085f00000| Untracked 
|  32|0x0000000086000000, 0x000000008605e518, 0x0000000086100000| 36%| O|  |TAMS 0x0000000086000000| PB 0x0000000086000000| Untracked 
|  33|0x0000000086100000, 0x0000000086100000, 0x0000000086200000|  0%| F|  |TAMS 0x0000000086100000| PB 0x0000000086100000| Untracked 
|  34|0x0000000086200000, 0x0000000086200000, 0x0000000086300000|  0%| F|  |TAMS 0x0000000086200000| PB 0x0000000086200000| Untracked 
|  35|0x0000000086300000, 0x0000000086300000, 0x0000000086400000|  0%| F|  |TAMS 0x0000000086300000| PB 0x0000000086300000| Untracked 
|  36|0x0000000086400000, 0x00000000864718a8, 0x0000000086500000| 44%| O|  |TAMS 0x0000000086400000| PB 0x0000000086400000| Untracked 
|  37|0x0000000086500000, 0x0000000086500000, 0x0000000086600000|  0%| F|  |TAMS 0x0000000086500000| PB 0x0000000086500000| Untracked 
|  38|0x0000000086600000, 0x0000000086600000, 0x0000000086700000|  0%| F|  |TAMS 0x0000000086600000| PB 0x0000000086600000| Untracked 
|  39|0x0000000086700000, 0x0000000086700000, 0x0000000086800000|  0%| F|  |TAMS 0x0000000086700000| PB 0x0000000086700000| Untracked 
|  40|0x0000000086800000, 0x0000000086800000, 0x0000000086900000|  0%| F|  |TAMS 0x0000000086800000| PB 0x0000000086800000| Untracked 
|  41|0x0000000086900000, 0x0000000086900000, 0x0000000086a00000|  0%| F|  |TAMS 0x0000000086900000| PB 0x0000000086900000| Untracked 
|  42|0x0000000086a00000, 0x0000000086a00000, 0x0000000086b00000|  0%| F|  |TAMS 0x0000000086a00000| PB 0x0000000086a00000| Untracked 
|  43|0x0000000086b00000, 0x0000000086b00000, 0x0000000086c00000|  0%| F|  |TAMS 0x0000000086b00000| PB 0x0000000086b00000| Untracked 
|  44|0x0000000086c00000, 0x0000000086c00000, 0x0000000086d00000|  0%| F|  |TAMS 0x0000000086c00000| PB 0x0000000086c00000| Untracked 
|  45|0x0000000086d00000, 0x0000000086d00000, 0x0000000086e00000|  0%| F|  |TAMS 0x0000000086d00000| PB 0x0000000086d00000| Untracked 
|  46|0x0000000086e00000, 0x0000000086e00000, 0x0000000086f00000|  0%| F|  |TAMS 0x0000000086e00000| PB 0x0000000086e00000| Untracked 
|  47|0x0000000086f00000, 0x0000000086f00000, 0x0000000087000000|  0%| F|  |TAMS 0x0000000086f00000| PB 0x0000000086f00000| Untracked 
|  48|0x0000000087000000, 0x0000000087000000, 0x0000000087100000|  0%| F|  |TAMS 0x0000000087000000| PB 0x0000000087000000| Untracked 
|  49|0x0000000087100000, 0x0000000087100000, 0x0000000087200000|  0%| F|  |TAMS 0x0000000087100000| PB 0x0000000087100000| Untracked 
|  50|0x0000000087200000, 0x0000000087200000, 0x0000000087300000|  0%| F|  |TAMS 0x0000000087200000| PB 0x0000000087200000| Untracked 
|  51|0x0000000087300000, 0x0000000087300000, 0x0000000087400000|  0%| F|  |TAMS 0x0000000087300000| PB 0x0000000087300000| Untracked 
|  52|0x0000000087400000, 0x0000000087400000, 0x0000000087500000|  0%| F|  |TAMS 0x0000000087400000| PB 0x0000000087400000| Untracked 
|  53|0x0000000087500000, 0x0000000087500000, 0x0000000087600000|  0%| F|  |TAMS 0x0000000087500000| PB 0x0000000087500000| Untracked 
|  54|0x0000000087600000, 0x0000000087600000, 0x0000000087700000|  0%| F|  |TAMS 0x0000000087600000| PB 0x0000000087600000| Untracked 
|  55|0x0000000087700000, 0x0000000087700000, 0x0000000087800000|  0%| F|  |TAMS 0x0000000087700000| PB 0x0000000087700000| Untracked 
|  56|0x0000000087800000, 0x0000000087800000, 0x0000000087900000|  0%| F|  |TAMS 0x0000000087800000| PB 0x0000000087800000| Untracked 
|  57|0x0000000087900000, 0x0000000087900000, 0x0000000087a00000|  0%| F|  |TAMS 0x0000000087900000| PB 0x0000000087900000| Untracked 
|  58|0x0000000087a00000, 0x0000000087a00000, 0x0000000087b00000|  0%| F|  |TAMS 0x0000000087a00000| PB 0x0000000087a00000| Untracked 
|  59|0x0000000087b00000, 0x0000000087c00000, 0x0000000087c00000|100%| O|  |TAMS 0x0000000087b00000| PB 0x0000000087b00000| Untracked 
|  60|0x0000000087c00000, 0x0000000087c00000, 0x0000000087d00000|  0%| F|  |TAMS 0x0000000087c00000| PB 0x0000000087c00000| Untracked 
|  61|0x0000000087d00000, 0x0000000087d00000, 0x0000000087e00000|  0%| F|  |TAMS 0x0000000087d00000| PB 0x0000000087d00000| Untracked 
|  62|0x0000000087e00000, 0x0000000087e00000, 0x0000000087f00000|  0%| F|  |TAMS 0x0000000087e00000| PB 0x0000000087e00000| Untracked 
|  63|0x0000000087f00000, 0x0000000087f00000, 0x0000000088000000|  0%| F|  |TAMS 0x0000000087f00000| PB 0x0000000087f00000| Untracked 
|  64|0x0000000088000000, 0x0000000088015390, 0x0000000088100000|  8%| E|  |TAMS 0x0000000088000000| PB 0x0000000088000000| Complete 
|  65|0x0000000088100000, 0x0000000088200000, 0x0000000088200000|100%| E|CS|TAMS 0x0000000088100000| PB 0x0000000088100000| Complete 
|  66|0x0000000088200000, 0x0000000088300000, 0x0000000088300000|100%| E|CS|TAMS 0x0000000088200000| PB 0x0000000088200000| Complete 
|  67|0x0000000088300000, 0x0000000088400000, 0x0000000088400000|100%| E|CS|TAMS 0x0000000088300000| PB 0x0000000088300000| Complete 
|  68|0x0000000088400000, 0x0000000088500000, 0x0000000088500000|100%| E|CS|TAMS 0x0000000088400000| PB 0x0000000088400000| Complete 
|  69|0x0000000088500000, 0x0000000088600000, 0x0000000088600000|100%| E|CS|TAMS 0x0000000088500000| PB 0x0000000088500000| Complete 
| 123|0x000000008bb00000, 0x000000008bc00000, 0x000000008bc00000|100%| E|CS|TAMS 0x000000008bb00000| PB 0x000000008bb00000| Complete 
|1981|0x00000000ffd00000, 0x00000000ffe00000, 0x00000000ffe00000|100%| E|CS|TAMS 0x00000000ffd00000| PB 0x00000000ffd00000| Complete 
|1982|0x00000000ffe00000, 0x00000000fff00000, 0x00000000fff00000|100%| E|CS|TAMS 0x00000000ffe00000| PB 0x00000000ffe00000| Complete 
|1983|0x00000000fff00000, 0x0000000100000000, 0x0000000100000000|100%| E|CS|TAMS 0x00000000fff00000| PB 0x00000000fff00000| Complete 

Card table byte_map: [0x000001d93aeb0000,0x000001d93b290000] _byte_map_base: 0x000001d93aa90000

Marking Bits: (CMBitMap*) 0x000001d928613c90
 Bits: [0x000001d93b290000, 0x000001d93d190000)

Polling page: 0x000001d926600000

Metaspace:

Usage:
  Non-class:     70.21 MB used.
      Class:     10.59 MB used.
       Both:     80.79 MB used.

Virtual space:
  Non-class space:      128.00 MB reserved,      70.62 MB ( 55%) committed,  2 nodes.
      Class space:        1.00 GB reserved,      11.00 MB (  1%) committed,  1 nodes.
             Both:        1.12 GB reserved,      81.62 MB (  7%) committed. 

Chunk freelists:
   Non-Class:  8.71 MB
       Class:  5.06 MB
        Both:  13.77 MB

MaxMetaspaceSize: unlimited
CompressedClassSpaceSize: 1.00 GB
Initial GC threshold: 21.00 MB
Current GC threshold: 135.94 MB
CDS: on
 - commit_granule_bytes: 65536.
 - commit_granule_words: 8192.
 - virtual_space_node_default_size: 8388608.
 - enlarge_chunks_in_place: 1.
 - use_allocation_guard: 0.


Internal statistics:

num_allocs_failed_limit: 9.
num_arena_births: 1172.
num_arena_deaths: 4.
num_vsnodes_births: 3.
num_vsnodes_deaths: 0.
num_space_committed: 1306.
num_space_uncommitted: 0.
num_chunks_returned_to_freelist: 13.
num_chunks_taken_from_freelist: 4349.
num_chunk_merges: 9.
num_chunk_splits: 3082.
num_chunks_enlarged: 2358.
num_inconsistent_stats: 0.

CodeHeap 'non-profiled nmethods': size=120000Kb used=5428Kb max_used=5444Kb free=114571Kb
 bounds [0x000001d933270000, 0x000001d9337d0000, 0x000001d93a7a0000]
CodeHeap 'profiled nmethods': size=120000Kb used=15163Kb max_used=15330Kb free=104837Kb
 bounds [0x000001d92b7a0000, 0x000001d92c6b0000, 0x000001d932cd0000]
CodeHeap 'non-nmethods': size=5760Kb used=1963Kb max_used=2025Kb free=3796Kb
 bounds [0x000001d932cd0000, 0x000001d932f40000, 0x000001d933270000]
 total_blobs=8252 nmethods=7492 adapters=663
 compilation: enabled
              stopped_count=0, restarted_count=0
 full_count=0

Compilation events (20 events):
Event: 981.402 Thread 0x000001d93fbec560 11742       3       org.springframework.boot.context.properties.source.FilteredIterableConfigurationPropertiesSource::getFilterableNames (43 bytes)
Event: 981.402 Thread 0x000001d93fbec560 nmethod 11742 0x000001d92bed4090 code [0x000001d92bed4280, 0x000001d92bed48d8]
Event: 981.411 Thread 0x000001d93fbec560 11744       1       org.springframework.util.ConcurrentReferenceHashMap$SoftEntryReference::getHash (5 bytes)
Event: 981.411 Thread 0x000001d93fbec560 nmethod 11744 0x000001d93333da10 code [0x000001d93333dba0, 0x000001d93333dc68]
Event: 981.412 Thread 0x000001d93fbec560 11745       3       org.springframework.context.event.AbstractApplicationEventMulticaster$ListenerCacheKey::hashCode (22 bytes)
Event: 981.412 Thread 0x000001d93fbec560 nmethod 11745 0x000001d92bbcf110 code [0x000001d92bbcf2e0, 0x000001d92bbcf810]
Event: 981.434 Thread 0x000001d93fbebec0 nmethod 11726 0x000001d9337c1310 code [0x000001d9337c15a0, 0x000001d9337c24f0]
Event: 981.434 Thread 0x000001d93fbebec0 11743       4       java.lang.reflect.Field::<init> (50 bytes)
Event: 981.439 Thread 0x000001d93fbebec0 nmethod 11743 0x000001d93334ff90 code [0x000001d933350120, 0x000001d9333506c0]
Event: 981.439 Thread 0x000001d93fbebec0 11725       4       org.springframework.boot.context.properties.source.ConfigurationPropertyName$Elements::<init> (55 bytes)
Event: 981.449 Thread 0x000001d93fbebec0 nmethod 11725 0x000001d9334e9990 code [0x000001d9334e9b40, 0x000001d9334ea290]
Event: 981.449 Thread 0x000001d93fbebec0 11746       4       java.util.regex.Pattern::nextEscaped (19 bytes)
Event: 981.450 Thread 0x000001d93fbebec0 nmethod 11746 0x000001d933399d10 code [0x000001d933399ea0, 0x000001d933399f78]
Event: 981.592 Thread 0x000001d93fbec560 11747       3       java.io.FileDescriptor$1::getAppend (5 bytes)
Event: 981.592 Thread 0x000001d93fbec560 nmethod 11747 0x000001d92ba0fe10 code [0x000001d92ba0ffa0, 0x000001d92ba100b8]
Event: 981.759 Thread 0x000001d93fbebec0 11748       4       org.springframework.core.annotation.RepeatableContainers$StandardRepeatableContainers::findRepeatedAnnotations (29 bytes)
Event: 981.760 Thread 0x000001d93fbec560 11749   !   3       sun.nio.ch.IOUtil::read (133 bytes)
Event: 981.761 Thread 0x000001d93fbec560 nmethod 11749 0x000001d92b913990 code [0x000001d92b913c00, 0x000001d92b914530]
Event: 981.774 Thread 0x000001d93fbebec0 nmethod 11748 0x000001d9337c2d90 code [0x000001d9337c3020, 0x000001d9337c3870]
Event: 981.819 Thread 0x000001d93fbebec0 11750   !   4       jdk.internal.loader.URLClassPath$FileLoader::getResource (153 bytes)

GC Heap History (20 events):
Event: 885.368 GC heap before
{Heap before GC invocations=24 (full 1):
 garbage-first heap   total 66560K, used 53571K [0x0000000084000000, 0x0000000100000000)
  region size 1024K, 21 young (21504K), 3 survivors (3072K)
 Metaspace       used 80422K, committed 81216K, reserved 1179648K
  class space    used 10762K, committed 11136K, reserved 1048576K
}
Event: 885.379 GC heap after
{Heap after GC invocations=25 (full 1):
 garbage-first heap   total 66560K, used 36892K [0x0000000084000000, 0x0000000100000000)
  region size 1024K, 2 young (2048K), 2 survivors (2048K)
 Metaspace       used 80422K, committed 81216K, reserved 1179648K
  class space    used 10762K, committed 11136K, reserved 1048576K
}
Event: 885.752 GC heap before
{Heap before GC invocations=25 (full 1):
 garbage-first heap   total 66560K, used 54300K [0x0000000084000000, 0x0000000100000000)
  region size 1024K, 20 young (20480K), 2 survivors (2048K)
 Metaspace       used 80836K, committed 81664K, reserved 1179648K
  class space    used 10774K, committed 11136K, reserved 1048576K
}
Event: 885.758 GC heap after
{Heap after GC invocations=26 (full 1):
 garbage-first heap   total 66560K, used 38767K [0x0000000084000000, 0x0000000100000000)
  region size 1024K, 3 young (3072K), 3 survivors (3072K)
 Metaspace       used 80836K, committed 81664K, reserved 1179648K
  class space    used 10774K, committed 11136K, reserved 1048576K
}
Event: 889.462 GC heap before
{Heap before GC invocations=26 (full 1):
 garbage-first heap   total 66560K, used 55151K [0x0000000084000000, 0x0000000100000000)
  region size 1024K, 19 young (19456K), 3 survivors (3072K)
 Metaspace       used 81085K, committed 81856K, reserved 1179648K
  class space    used 10782K, committed 11136K, reserved 1048576K
}
Event: 889.471 GC heap after
{Heap after GC invocations=27 (full 1):
 garbage-first heap   total 66560K, used 41578K [0x0000000084000000, 0x0000000100000000)
  region size 1024K, 3 young (3072K), 3 survivors (3072K)
 Metaspace       used 81085K, committed 81856K, reserved 1179648K
  class space    used 10782K, committed 11136K, reserved 1048576K
}
Event: 917.003 GC heap before
{Heap before GC invocations=28 (full 1):
 garbage-first heap   total 75776K, used 45674K [0x0000000084000000, 0x0000000100000000)
  region size 1024K, 8 young (8192K), 3 survivors (3072K)
 Metaspace       used 81209K, committed 81984K, reserved 1179648K
  class space    used 10783K, committed 11136K, reserved 1048576K
}
Event: 917.069 GC heap after
{Heap after GC invocations=29 (full 2):
 garbage-first heap   total 75776K, used 33061K [0x0000000084000000, 0x0000000100000000)
  region size 1024K, 0 young (0K), 0 survivors (0K)
 Metaspace       used 81209K, committed 81984K, reserved 1179648K
  class space    used 10783K, committed 11136K, reserved 1048576K
}
Event: 917.680 GC heap before
{Heap before GC invocations=29 (full 2):
 garbage-first heap   total 75776K, used 62757K [0x0000000084000000, 0x0000000100000000)
  region size 1024K, 29 young (29696K), 0 survivors (0K)
 Metaspace       used 81371K, committed 82176K, reserved 1179648K
  class space    used 10791K, committed 11136K, reserved 1048576K
}
Event: 917.684 GC heap after
{Heap after GC invocations=30 (full 2):
 garbage-first heap   total 75776K, used 36063K [0x0000000084000000, 0x0000000100000000)
  region size 1024K, 3 young (3072K), 3 survivors (3072K)
 Metaspace       used 81371K, committed 82176K, reserved 1179648K
  class space    used 10791K, committed 11136K, reserved 1048576K
}
Event: 918.127 GC heap before
{Heap before GC invocations=31 (full 2):
 garbage-first heap   total 75776K, used 62687K [0x0000000084000000, 0x0000000100000000)
  region size 1024K, 30 young (30720K), 3 survivors (3072K)
 Metaspace       used 81776K, committed 82624K, reserved 1179648K
  class space    used 10803K, committed 11200K, reserved 1048576K
}
Event: 918.131 GC heap after
{Heap after GC invocations=32 (full 2):
 garbage-first heap   total 75776K, used 38641K [0x0000000084000000, 0x0000000100000000)
  region size 1024K, 3 young (3072K), 3 survivors (3072K)
 Metaspace       used 81776K, committed 82624K, reserved 1179648K
  class space    used 10803K, committed 11200K, reserved 1048576K
}
Event: 952.506 GC heap before
{Heap before GC invocations=32 (full 2):
 garbage-first heap   total 75776K, used 59121K [0x0000000084000000, 0x0000000100000000)
  region size 1024K, 24 young (24576K), 3 survivors (3072K)
 Metaspace       used 81992K, committed 82816K, reserved 1179648K
  class space    used 10812K, committed 11200K, reserved 1048576K
}
Event: 952.579 GC heap after
{Heap after GC invocations=33 (full 3):
 garbage-first heap   total 75776K, used 33361K [0x0000000084000000, 0x0000000100000000)
  region size 1024K, 0 young (0K), 0 survivors (0K)
 Metaspace       used 81990K, committed 82816K, reserved 1179648K
  class space    used 10811K, committed 11200K, reserved 1048576K
}
Event: 953.552 GC heap before
{Heap before GC invocations=33 (full 3):
 garbage-first heap   total 75776K, used 62033K [0x0000000084000000, 0x0000000100000000)
  region size 1024K, 29 young (29696K), 0 survivors (0K)
 Metaspace       used 82118K, committed 82944K, reserved 1179648K
  class space    used 10820K, committed 11200K, reserved 1048576K
}
Event: 953.556 GC heap after
{Heap after GC invocations=34 (full 3):
 garbage-first heap   total 75776K, used 36342K [0x0000000084000000, 0x0000000100000000)
  region size 1024K, 3 young (3072K), 3 survivors (3072K)
 Metaspace       used 82118K, committed 82944K, reserved 1179648K
  class space    used 10820K, committed 11200K, reserved 1048576K
}
Event: 954.081 GC heap before
{Heap before GC invocations=35 (full 3):
 garbage-first heap   total 75776K, used 63990K [0x0000000084000000, 0x0000000100000000)
  region size 1024K, 30 young (30720K), 3 survivors (3072K)
 Metaspace       used 82491K, committed 83264K, reserved 1179648K
  class space    used 10831K, committed 11200K, reserved 1048576K
}
Event: 954.130 GC heap after
{Heap after GC invocations=36 (full 3):
 garbage-first heap   total 75776K, used 38943K [0x0000000084000000, 0x0000000100000000)
  region size 1024K, 3 young (3072K), 3 survivors (3072K)
 Metaspace       used 82491K, committed 83264K, reserved 1179648K
  class space    used 10831K, committed 11200K, reserved 1048576K
}
Event: 981.222 GC heap before
{Heap before GC invocations=36 (full 3):
 garbage-first heap   total 75776K, used 60447K [0x0000000084000000, 0x0000000100000000)
  region size 1024K, 25 young (25600K), 3 survivors (3072K)
 Metaspace       used 82690K, committed 83520K, reserved 1179648K
  class space    used 10839K, committed 11200K, reserved 1048576K
}
Event: 981.290 GC heap after
{Heap after GC invocations=37 (full 4):
 garbage-first heap   total 75776K, used 33681K [0x0000000084000000, 0x0000000100000000)
  region size 1024K, 0 young (0K), 0 survivors (0K)
 Metaspace       used 82687K, committed 83520K, reserved 1179648K
  class space    used 10838K, committed 11200K, reserved 1048576K
}

Dll operation events (11 events):
Event: 0.007 Loaded shared library C:\Users\Salah eddine bitti\.vscode\extensions\redhat.java-1.43.1-win32-x64\jre\21.0.7-win32-x86_64\bin\java.dll
Event: 0.041 Loaded shared library C:\Users\Salah eddine bitti\.vscode\extensions\redhat.java-1.43.1-win32-x64\jre\21.0.7-win32-x86_64\bin\zip.dll
Event: 0.143 Loaded shared library C:\Users\Salah eddine bitti\.vscode\extensions\redhat.java-1.43.1-win32-x64\jre\21.0.7-win32-x86_64\bin\net.dll
Event: 0.144 Loaded shared library C:\Users\Salah eddine bitti\.vscode\extensions\redhat.java-1.43.1-win32-x64\jre\21.0.7-win32-x86_64\bin\nio.dll
Event: 0.147 Loaded shared library C:\Users\Salah eddine bitti\.vscode\extensions\redhat.java-1.43.1-win32-x64\jre\21.0.7-win32-x86_64\bin\zip.dll
Event: 0.303 Loaded shared library C:\Users\Salah eddine bitti\.vscode\extensions\redhat.java-1.43.1-win32-x64\jre\21.0.7-win32-x86_64\bin\jimage.dll
Event: 0.620 Loaded shared library C:\Users\Salah eddine bitti\.vscode\extensions\redhat.java-1.43.1-win32-x64\jre\21.0.7-win32-x86_64\bin\management.dll
Event: 0.625 Loaded shared library C:\Users\Salah eddine bitti\.vscode\extensions\redhat.java-1.43.1-win32-x64\jre\21.0.7-win32-x86_64\bin\management_ext.dll
Event: 1.812 Loaded shared library C:\Users\Salah eddine bitti\.vscode\extensions\redhat.java-1.43.1-win32-x64\jre\21.0.7-win32-x86_64\bin\sunmscapi.dll
Event: 5.857 Loaded shared library C:\Users\Salah eddine bitti\.vscode\extensions\redhat.java-1.43.1-win32-x64\jre\21.0.7-win32-x86_64\bin\verify.dll
Event: 6.469 Loaded shared library C:\Users\Salah eddine bitti\.vscode\extensions\redhat.java-1.43.1-win32-x64\jre\21.0.7-win32-x86_64\bin\extnet.dll

Deoptimization events (20 events):
Event: 954.270 Thread 0x000001d98b9d3670 DEOPT PACKING pc=0x000001d92b7beab5 sp=0x000000736eefea20
Event: 954.270 Thread 0x000001d98b9d3670 DEOPT UNPACKING pc=0x000001d932d288e2 sp=0x000000736eefdee8 mode 0
Event: 954.271 Thread 0x000001d98b9d3670 DEOPT PACKING pc=0x000001d92b7beab5 sp=0x000000736eefea20
Event: 954.271 Thread 0x000001d98b9d3670 DEOPT UNPACKING pc=0x000001d932d288e2 sp=0x000000736eefdee8 mode 0
Event: 954.271 Thread 0x000001d98b9d3670 DEOPT PACKING pc=0x000001d92b7beab5 sp=0x000000736eefea20
Event: 954.271 Thread 0x000001d98b9d3670 DEOPT UNPACKING pc=0x000001d932d288e2 sp=0x000000736eefdee8 mode 0
Event: 954.272 Thread 0x000001d98b9d3670 DEOPT PACKING pc=0x000001d92b7beab5 sp=0x000000736eefea20
Event: 954.272 Thread 0x000001d98b9d3670 DEOPT UNPACKING pc=0x000001d932d288e2 sp=0x000000736eefdee8 mode 0
Event: 954.272 Thread 0x000001d98b9d3670 DEOPT PACKING pc=0x000001d92b7beab5 sp=0x000000736eefea20
Event: 954.272 Thread 0x000001d98b9d3670 DEOPT UNPACKING pc=0x000001d932d288e2 sp=0x000000736eefdee8 mode 0
Event: 958.687 Thread 0x000001d98b9d22c0 DEOPT PACKING pc=0x000001d92bbccd48 sp=0x00000073703fa070
Event: 958.687 Thread 0x000001d98b9d22c0 DEOPT UNPACKING pc=0x000001d932d288e2 sp=0x00000073703f9588 mode 0
Event: 958.688 Thread 0x000001d98b9d22c0 DEOPT PACKING pc=0x000001d92bbccd48 sp=0x00000073703fa070
Event: 958.688 Thread 0x000001d98b9d22c0 DEOPT UNPACKING pc=0x000001d932d288e2 sp=0x00000073703f9588 mode 0
Event: 958.689 Thread 0x000001d98b9d22c0 DEOPT PACKING pc=0x000001d92bbccd48 sp=0x00000073703fa070
Event: 958.689 Thread 0x000001d98b9d22c0 DEOPT UNPACKING pc=0x000001d932d288e2 sp=0x00000073703f9588 mode 0
Event: 958.743 Thread 0x000001d98b9d22c0 Uncommon trap: trap_request=0xffffff76 fr.pc=0x000001d9337a8670 relative=0x0000000000000090
Event: 958.743 Thread 0x000001d98b9d22c0 Uncommon trap: reason=predicate action=maybe_recompile pc=0x000001d9337a8670 method=java.util.TimSort.binarySort([Ljava/lang/Object;IIILjava/util/Comparator;)V @ 34 c2
Event: 958.743 Thread 0x000001d98b9d22c0 DEOPT PACKING pc=0x000001d9337a8670 sp=0x00000073703f9350
Event: 958.743 Thread 0x000001d98b9d22c0 DEOPT UNPACKING pc=0x000001d932d27da2 sp=0x00000073703f9300 mode 2

Classes loaded (20 events):
Event: 884.912 Loading class java/io/ObjectInputStream$HandleTable
Event: 884.912 Loading class java/io/ObjectInputStream$HandleTable done
Event: 884.912 Loading class java/io/ObjectInputStream$HandleTable$HandleList
Event: 884.912 Loading class java/io/ObjectInputStream$HandleTable$HandleList done
Event: 884.912 Loading class java/io/ObjectInputStream$ValidationList
Event: 884.912 Loading class java/io/ObjectInputStream$ValidationList done
Event: 884.912 Loading class java/io/ObjectInputFilter$Config
Event: 884.913 Loading class java/io/ObjectInputFilter$Config done
Event: 884.913 Loading class java/io/ObjectInputFilter
Event: 884.913 Loading class java/io/ObjectInputFilter done
Event: 884.913 Loading class java/io/ObjectInputFilter$Config$BuiltinFilterFactory
Event: 884.913 Loading class java/io/ObjectInputFilter$Config$BuiltinFilterFactory done
Event: 884.913 Loading class jdk/internal/access/JavaObjectInputFilterAccess
Event: 884.913 Loading class jdk/internal/access/JavaObjectInputFilterAccess done
Event: 884.914 Loading class jdk/internal/event/DeserializationEvent
Event: 884.916 Loading class jdk/internal/event/DeserializationEvent done
Event: 884.916 Loading class java/io/ObjectInputStream$FieldValues
Event: 884.916 Loading class java/io/ObjectInputStream$GetField
Event: 884.917 Loading class java/io/ObjectInputStream$GetField done
Event: 884.917 Loading class java/io/ObjectInputStream$FieldValues done

Classes unloaded (2 events):
Event: 952.528 Thread 0x000001d93fbb8ee0 Unloading class 0x000001d941adc800 'org/apache/catalina/loader/JdbcLeakPrevention'
Event: 981.243 Thread 0x000001d93fbb8ee0 Unloading class 0x000001d941ae1800 'org/apache/catalina/loader/JdbcLeakPrevention'

Classes redefined (0 events):
No events

Internal exceptions (20 events):
Event: 960.364 Thread 0x000001d9866a0900 Exception <a 'java/io/IOException'{0x00000000876a1e68}> (0x00000000876a1e68) 
thrown [s\src\hotspot\share\prims\jni.cpp, line 520]
Event: 960.365 Thread 0x000001d9866a0900 Exception <a 'java/io/IOException'{0x00000000876a5e40}> (0x00000000876a5e40) 
thrown [s\src\hotspot\share\prims\jni.cpp, line 520]
Event: 960.382 Thread 0x000001d9866a0f90 Exception <a 'java/io/IOException'{0x0000000087518818}> (0x0000000087518818) 
thrown [s\src\hotspot\share\prims\jni.cpp, line 520]
Event: 960.394 Thread 0x000001d98b9d8530 Exception <a 'java/io/IOException'{0x0000000087545a30}> (0x0000000087545a30) 
thrown [s\src\hotspot\share\prims\jni.cpp, line 520]
Event: 960.395 Thread 0x000001d98b9d8530 Exception <a 'java/io/IOException'{0x0000000087549a08}> (0x0000000087549a08) 
thrown [s\src\hotspot\share\prims\jni.cpp, line 520]
Event: 960.417 Thread 0x000001d9866a0f90 Exception <a 'java/io/IOException'{0x000000008751c7f0}> (0x000000008751c7f0) 
thrown [s\src\hotspot\share\prims\jni.cpp, line 520]
Event: 960.429 Thread 0x000001d98669e1a0 Exception <a 'java/io/IOException'{0x0000000087510fe0}> (0x0000000087510fe0) 
thrown [s\src\hotspot\share\prims\jni.cpp, line 520]
Event: 960.430 Thread 0x000001d98669e1a0 Exception <a 'java/io/IOException'{0x0000000087574a88}> (0x0000000087574a88) 
thrown [s\src\hotspot\share\prims\jni.cpp, line 520]
Event: 960.432 Thread 0x000001d98669f550 Exception <a 'java/io/IOException'{0x00000000876ac5a0}> (0x00000000876ac5a0) 
thrown [s\src\hotspot\share\prims\jni.cpp, line 520]
Event: 960.434 Thread 0x000001d98669f550 Exception <a 'java/io/IOException'{0x00000000876b0578}> (0x00000000876b0578) 
thrown [s\src\hotspot\share\prims\jni.cpp, line 520]
Event: 960.463 Thread 0x000001d9866a0270 Exception <a 'java/io/IOException'{0x00000000876efc48}> (0x00000000876efc48) 
thrown [s\src\hotspot\share\prims\jni.cpp, line 520]
Event: 960.464 Thread 0x000001d9866a0270 Exception <a 'java/io/IOException'{0x0000000087586310}> (0x0000000087586310) 
thrown [s\src\hotspot\share\prims\jni.cpp, line 520]
Event: 960.471 Thread 0x000001d98b9d22c0 Exception <a 'java/io/IOException'{0x00000000875603d0}> (0x00000000875603d0) 
thrown [s\src\hotspot\share\prims\jni.cpp, line 520]
Event: 960.472 Thread 0x000001d98b9d22c0 Exception <a 'java/io/IOException'{0x00000000875643a8}> (0x00000000875643a8) 
thrown [s\src\hotspot\share\prims\jni.cpp, line 520]
Event: 960.484 Thread 0x000001d98669db10 Exception <a 'java/io/IOException'{0x00000000876bfc48}> (0x00000000876bfc48) 
thrown [s\src\hotspot\share\prims\jni.cpp, line 520]
Event: 960.607 Thread 0x000001d98669db10 Exception <a 'java/io/IOException'{0x00000000876c3c20}> (0x00000000876c3c20) 
thrown [s\src\hotspot\share\prims\jni.cpp, line 520]
Event: 981.207 Thread 0x000001d98b9d5dd0 Exception <a 'java/io/IOException'{0x00000000875ae9d8}> (0x00000000875ae9d8) 
thrown [s\src\hotspot\share\prims\jni.cpp, line 520]
Event: 981.207 Thread 0x000001d98b9d6460 Exception <a 'java/lang/InterruptedException'{0x00000000875b9c00}: sleep interrupted> (0x00000000875b9c00) 
thrown [s\src\hotspot\share\prims\jvm.cpp, line 3074]
Event: 981.222 Thread 0x000001d98b9d4390 Exception <a 'java/lang/InterruptedException'{0x00000000874f2c08}: sleep interrupted> (0x00000000874f2c08) 
thrown [s\src\hotspot\share\prims\jvm.cpp, line 3074]
Event: 981.374 Thread 0x000001d98538f6d0 Exception <a 'sun/nio/fs/WindowsException'{0x00000000fff67d60}> (0x00000000fff67d60) 
thrown [s\src\hotspot\share\prims\jni.cpp, line 520]

ZGC Phase Switch (0 events):
No events

VM Operations (20 events):
Event: 953.588 Executing VM operation: G1PauseRemark
Event: 953.593 Executing VM operation: G1PauseRemark done
Event: 953.605 Executing VM operation: G1PauseCleanup
Event: 953.605 Executing VM operation: G1PauseCleanup done
Event: 954.080 Executing VM operation: G1CollectForAllocation (G1 Evacuation Pause)
Event: 954.130 Executing VM operation: G1CollectForAllocation (G1 Evacuation Pause) done
Event: 955.135 Executing VM operation: Cleanup
Event: 955.135 Executing VM operation: Cleanup done
Event: 959.190 Executing VM operation: Cleanup
Event: 959.190 Executing VM operation: Cleanup done
Event: 960.191 Executing VM operation: Cleanup
Event: 960.192 Executing VM operation: Cleanup done
Event: 961.847 Executing VM operation: HandshakeAllThreads (HandshakeForDeflation)
Event: 961.847 Executing VM operation: HandshakeAllThreads (HandshakeForDeflation) done
Event: 961.847 Executing VM operation: RendezvousGCThreads
Event: 961.847 Executing VM operation: RendezvousGCThreads done
Event: 964.881 Executing VM operation: Cleanup
Event: 964.881 Executing VM operation: Cleanup done
Event: 981.222 Executing VM operation: G1CollectFull (System.gc())
Event: 981.290 Executing VM operation: G1CollectFull (System.gc()) done

Memory protections (0 events):
No events

Nmethod flushes (20 events):
Event: 981.258 Thread 0x000001d93fbb8ee0 flushing  nmethod 0x000001d92b81cf10
Event: 981.258 Thread 0x000001d93fbb8ee0 flushing  nmethod 0x000001d92b92ef90
Event: 981.258 Thread 0x000001d93fbb8ee0 flushing  nmethod 0x000001d92ba3cf10
Event: 981.258 Thread 0x000001d93fbb8ee0 flushing  nmethod 0x000001d92ba51b90
Event: 981.258 Thread 0x000001d93fbb8ee0 flushing  nmethod 0x000001d92bb60310
Event: 981.258 Thread 0x000001d93fbb8ee0 flushing  nmethod 0x000001d92bbb6690
Event: 981.258 Thread 0x000001d93fbb8ee0 flushing  nmethod 0x000001d92bcc7390
Event: 981.258 Thread 0x000001d93fbb8ee0 flushing  nmethod 0x000001d92bd0fa10
Event: 981.258 Thread 0x000001d93fbb8ee0 flushing  nmethod 0x000001d92bd0fe90
Event: 981.258 Thread 0x000001d93fbb8ee0 flushing  nmethod 0x000001d92bd75d90
Event: 981.258 Thread 0x000001d93fbb8ee0 flushing  nmethod 0x000001d92bdb1b90
Event: 981.258 Thread 0x000001d93fbb8ee0 flushing  nmethod 0x000001d92be8fb10
Event: 981.258 Thread 0x000001d93fbb8ee0 flushing  nmethod 0x000001d92bf21d90
Event: 981.258 Thread 0x000001d93fbb8ee0 flushing  nmethod 0x000001d92bfafc90
Event: 981.258 Thread 0x000001d93fbb8ee0 flushing  nmethod 0x000001d92c0b2e10
Event: 981.258 Thread 0x000001d93fbb8ee0 flushing  nmethod 0x000001d92c0b7c90
Event: 981.258 Thread 0x000001d93fbb8ee0 flushing  nmethod 0x000001d92c154d90
Event: 981.258 Thread 0x000001d93fbb8ee0 flushing  nmethod 0x000001d92c1e2910
Event: 981.258 Thread 0x000001d93fbb8ee0 flushing  nmethod 0x000001d92c1e5b90
Event: 981.258 Thread 0x000001d93fbb8ee0 flushing  nmethod 0x000001d92c22e610

Events (20 events):
Event: 981.204 Thread 0x000001d98b9d8530 Thread exited: 0x000001d98b9d8530
Event: 981.204 Thread 0x000001d98b9d98e0 Thread exited: 0x000001d98b9d98e0
Event: 981.204 Thread 0x000001d9866a0f90 Thread exited: 0x000001d9866a0f90
Event: 981.204 Thread 0x000001d98669db10 Thread exited: 0x000001d98669db10
Event: 981.205 Thread 0x000001d98669e830 Thread exited: 0x000001d98669e830
Event: 981.205 Thread 0x000001d9866a0900 Thread exited: 0x000001d9866a0900
Event: 981.207 Thread 0x000001d98b9d9250 Thread exited: 0x000001d98b9d9250
Event: 981.208 Thread 0x000001d98b9d5dd0 Thread exited: 0x000001d98b9d5dd0
Event: 981.208 Thread 0x000001d98b9d6460 Thread exited: 0x000001d98b9d6460
Event: 981.210 Thread 0x000001d98538dc90 Thread added: 0x000001d98538f040
Event: 981.210 Thread 0x000001d98b9d5740 Thread exited: 0x000001d98b9d5740
Event: 981.213 Thread 0x000001d98538f040 Thread exited: 0x000001d98538f040
Event: 981.222 Thread 0x000001d98b9d4390 Thread exited: 0x000001d98b9d4390
Event: 981.222 Thread 0x000001d98b9d2fe0 Thread exited: 0x000001d98b9d2fe0
Event: 981.222 Thread 0x000001d98b9d7180 Thread exited: 0x000001d98b9d7180
Event: 981.290 Thread 0x000001d98538dc90 Thread added: 0x000001d98538e320
Event: 981.290 Thread 0x000001d98538e320 Thread exited: 0x000001d98538e320
Event: 981.291 Thread 0x000001d98538dc90 Thread added: 0x000001d98538f6d0
Event: 981.826 Thread 0x000001d98538f6d0 Thread added: 0x000001d98538e9b0
Event: 981.844 Thread 0x000001d98538e9b0 Thread exited: 0x000001d98538e9b0


Dynamic libraries:
0x00007ff683060000 - 0x00007ff68306e000 	C:\Users\Salah eddine bitti\.vscode\extensions\redhat.java-1.43.1-win32-x64\jre\21.0.7-win32-x86_64\bin\java.exe
0x00007ffab2790000 - 0x00007ffab29a7000 	C:\WINDOWS\SYSTEM32\ntdll.dll
0x00007ffab1120000 - 0x00007ffab11e4000 	C:\WINDOWS\System32\KERNEL32.DLL
0x00007ffaaf880000 - 0x00007ffaafc52000 	C:\WINDOWS\System32\KERNELBASE.dll
0x00007ffab02d0000 - 0x00007ffab03e1000 	C:\WINDOWS\System32\ucrtbase.dll
0x00007ffaa56a0000 - 0x00007ffaa56b8000 	C:\Users\Salah eddine bitti\.vscode\extensions\redhat.java-1.43.1-win32-x64\jre\21.0.7-win32-x86_64\bin\jli.dll
0x00007ffaa5680000 - 0x00007ffaa569e000 	C:\Users\Salah eddine bitti\.vscode\extensions\redhat.java-1.43.1-win32-x64\jre\21.0.7-win32-x86_64\bin\VCRUNTIME140.dll
0x00007ffab1a90000 - 0x00007ffab1c41000 	C:\WINDOWS\System32\USER32.dll
0x00007ffaafd90000 - 0x00007ffaafdb6000 	C:\WINDOWS\System32\win32u.dll
0x00007ffa9c790000 - 0x00007ffa9ca2b000 	C:\WINDOWS\WinSxS\amd64_microsoft.windows.common-controls_6595b64144ccf1df_6.0.22621.5547_none_27104afb73855772\COMCTL32.dll
0x00007ffab2720000 - 0x00007ffab2749000 	C:\WINDOWS\System32\GDI32.dll
0x00007ffab1420000 - 0x00007ffab14c7000 	C:\WINDOWS\System32\msvcrt.dll
0x00007ffaafc60000 - 0x00007ffaafd83000 	C:\WINDOWS\System32\gdi32full.dll
0x00007ffab00f0000 - 0x00007ffab018a000 	C:\WINDOWS\System32\msvcp_win.dll
0x00007ffab14d0000 - 0x00007ffab1501000 	C:\WINDOWS\System32\IMM32.DLL
0x00007ffaa5670000 - 0x00007ffaa567c000 	C:\Users\Salah eddine bitti\.vscode\extensions\redhat.java-1.43.1-win32-x64\jre\21.0.7-win32-x86_64\bin\vcruntime140_1.dll
0x00007ffa7dc80000 - 0x00007ffa7dd0d000 	C:\Users\Salah eddine bitti\.vscode\extensions\redhat.java-1.43.1-win32-x64\jre\21.0.7-win32-x86_64\bin\msvcp140.dll
0x00007ffa43e60000 - 0x00007ffa44bf0000 	C:\Users\Salah eddine bitti\.vscode\extensions\redhat.java-1.43.1-win32-x64\jre\21.0.7-win32-x86_64\bin\server\jvm.dll
0x00007ffab15a0000 - 0x00007ffab1651000 	C:\WINDOWS\System32\ADVAPI32.dll
0x00007ffab0420000 - 0x00007ffab04c8000 	C:\WINDOWS\System32\sechost.dll
0x00007ffab03f0000 - 0x00007ffab0418000 	C:\WINDOWS\System32\bcrypt.dll
0x00007ffab23b0000 - 0x00007ffab24c4000 	C:\WINDOWS\System32\RPCRT4.dll
0x00007ffab11f0000 - 0x00007ffab1261000 	C:\WINDOWS\System32\WS2_32.dll
0x00007ffaaf120000 - 0x00007ffaaf16d000 	C:\WINDOWS\SYSTEM32\POWRPROF.dll
0x00007ffaa5790000 - 0x00007ffaa57c4000 	C:\WINDOWS\SYSTEM32\WINMM.dll
0x00007ffaa59c0000 - 0x00007ffaa59ca000 	C:\WINDOWS\SYSTEM32\VERSION.dll
0x00007ffaaf100000 - 0x00007ffaaf113000 	C:\WINDOWS\SYSTEM32\UMPDC.dll
0x00007ffaae870000 - 0x00007ffaae888000 	C:\WINDOWS\SYSTEM32\kernel.appcore.dll
0x00007ffaa5660000 - 0x00007ffaa566a000 	C:\Users\Salah eddine bitti\.vscode\extensions\redhat.java-1.43.1-win32-x64\jre\21.0.7-win32-x86_64\bin\jimage.dll
0x00007ffaad2b0000 - 0x00007ffaad4e3000 	C:\WINDOWS\SYSTEM32\DBGHELP.DLL
0x00007ffab16f0000 - 0x00007ffab1a83000 	C:\WINDOWS\System32\combase.dll
0x00007ffab0e70000 - 0x00007ffab0f47000 	C:\WINDOWS\System32\OLEAUT32.dll
0x00007ffa8c640000 - 0x00007ffa8c672000 	C:\WINDOWS\SYSTEM32\dbgcore.DLL
0x00007ffaafdc0000 - 0x00007ffaafe3b000 	C:\WINDOWS\System32\bcryptPrimitives.dll
0x00007ffaa4c10000 - 0x00007ffaa4c2f000 	C:\Users\Salah eddine bitti\.vscode\extensions\redhat.java-1.43.1-win32-x64\jre\21.0.7-win32-x86_64\bin\java.dll
0x00007ffab0540000 - 0x00007ffab0de2000 	C:\WINDOWS\System32\SHELL32.dll
0x00007ffab0190000 - 0x00007ffab02cf000 	C:\WINDOWS\System32\wintypes.dll
0x00007ffaad760000 - 0x00007ffaae07d000 	C:\WINDOWS\SYSTEM32\windows.storage.dll
0x00007ffab1e20000 - 0x00007ffab1f2c000 	C:\WINDOWS\System32\SHCORE.dll
0x00007ffab1660000 - 0x00007ffab16c9000 	C:\WINDOWS\System32\shlwapi.dll
0x00007ffaaf7b0000 - 0x00007ffaaf7db000 	C:\WINDOWS\SYSTEM32\profapi.dll
0x00007ffa902a0000 - 0x00007ffa902b8000 	C:\Users\Salah eddine bitti\.vscode\extensions\redhat.java-1.43.1-win32-x64\jre\21.0.7-win32-x86_64\bin\zip.dll
0x00007ffaa5620000 - 0x00007ffaa5630000 	C:\Users\Salah eddine bitti\.vscode\extensions\redhat.java-1.43.1-win32-x64\jre\21.0.7-win32-x86_64\bin\net.dll
0x00007ffaa8bf0000 - 0x00007ffaa8d1c000 	C:\WINDOWS\SYSTEM32\WINHTTP.dll
0x00007ffaaece0000 - 0x00007ffaaed49000 	C:\WINDOWS\system32\mswsock.dll
0x00007ffa8c3c0000 - 0x00007ffa8c3d6000 	C:\Users\Salah eddine bitti\.vscode\extensions\redhat.java-1.43.1-win32-x64\jre\21.0.7-win32-x86_64\bin\nio.dll
0x00007ffa8f730000 - 0x00007ffa8f73a000 	C:\Users\Salah eddine bitti\.vscode\extensions\redhat.java-1.43.1-win32-x64\jre\21.0.7-win32-x86_64\bin\management.dll
0x00007ffa8f720000 - 0x00007ffa8f72b000 	C:\Users\Salah eddine bitti\.vscode\extensions\redhat.java-1.43.1-win32-x64\jre\21.0.7-win32-x86_64\bin\management_ext.dll
0x00007ffab1dc0000 - 0x00007ffab1dc8000 	C:\WINDOWS\System32\PSAPI.DLL
0x00007ffa8f6a0000 - 0x00007ffa8f6ae000 	C:\Users\Salah eddine bitti\.vscode\extensions\redhat.java-1.43.1-win32-x64\jre\21.0.7-win32-x86_64\bin\sunmscapi.dll
0x00007ffaafec0000 - 0x00007ffab0027000 	C:\WINDOWS\System32\CRYPT32.dll
0x00007ffaaf210000 - 0x00007ffaaf23d000 	C:\WINDOWS\SYSTEM32\ncrypt.dll
0x00007ffaaf1d0000 - 0x00007ffaaf207000 	C:\WINDOWS\SYSTEM32\NTASN1.dll
0x00007ffaaef30000 - 0x00007ffaaef4b000 	C:\WINDOWS\SYSTEM32\CRYPTSP.dll
0x00007ffaae7d0000 - 0x00007ffaae807000 	C:\WINDOWS\system32\rsaenh.dll
0x00007ffaaed90000 - 0x00007ffaaedb8000 	C:\WINDOWS\SYSTEM32\USERENV.dll
0x00007ffaaeef0000 - 0x00007ffaaeefc000 	C:\WINDOWS\SYSTEM32\CRYPTBASE.dll
0x00007ffaae2d0000 - 0x00007ffaae2fd000 	C:\WINDOWS\SYSTEM32\IPHLPAPI.DLL
0x00007ffab1530000 - 0x00007ffab1539000 	C:\WINDOWS\System32\NSI.dll
0x00007ffaa4c00000 - 0x00007ffaa4c10000 	C:\Users\Salah eddine bitti\.vscode\extensions\redhat.java-1.43.1-win32-x64\jre\21.0.7-win32-x86_64\bin\verify.dll
0x00007ffaae300000 - 0x00007ffaae3f8000 	C:\WINDOWS\SYSTEM32\DNSAPI.dll
0x00000000632b0000 - 0x00000000632e5000 	C:\Program Files\Bonjour\mdnsNSP.dll
0x00007ffaa4b80000 - 0x00007ffaa4b8a000 	C:\Windows\System32\rasadhlp.dll
0x00007ffaa4c30000 - 0x00007ffaa4cb4000 	C:\WINDOWS\System32\fwpuclnt.dll
0x00007ffaa5700000 - 0x00007ffaa5709000 	C:\Users\Salah eddine bitti\.vscode\extensions\redhat.java-1.43.1-win32-x64\jre\21.0.7-win32-x86_64\bin\extnet.dll
0x00007ffa31710000 - 0x00007ffa31718000 	C:\WINDOWS\system32\wshunix.dll

dbghelp: loaded successfully - version: 4.0.5 - missing functions: none
symbol engine: initialized successfully - sym options: 0x614 - pdb path: .;C:\Users\Salah eddine bitti\.vscode\extensions\redhat.java-1.43.1-win32-x64\jre\21.0.7-win32-x86_64\bin;C:\WINDOWS\SYSTEM32;C:\WINDOWS\WinSxS\amd64_microsoft.windows.common-controls_6595b64144ccf1df_6.0.22621.5547_none_27104afb73855772;C:\Users\Salah eddine bitti\.vscode\extensions\redhat.java-1.43.1-win32-x64\jre\21.0.7-win32-x86_64\bin\server;C:\Program Files\Bonjour

VM Arguments:
jvm_args: -XX:+ShowCodeDetailsInExceptionMessages 
java_command: com.example.audio_transcriber.AudioTranscriberApplication
java_class_path (initial): D:\projets\audio-processor\audio-transcriber\audio_transcriber\target\classes;C:\Users\Salah eddine bitti\.m2\repository\org\springframework\boot\spring-boot-starter-web\3.5.3\spring-boot-starter-web-3.5.3.jar;C:\Users\Salah eddine bitti\.m2\repository\org\springframework\boot\spring-boot-starter\3.5.3\spring-boot-starter-3.5.3.jar;C:\Users\Salah eddine bitti\.m2\repository\org\springframework\boot\spring-boot-starter-logging\3.5.3\spring-boot-starter-logging-3.5.3.jar;C:\Users\Salah eddine bitti\.m2\repository\ch\qos\logback\logback-classic\1.5.18\logback-classic-1.5.18.jar;C:\Users\Salah eddine bitti\.m2\repository\ch\qos\logback\logback-core\1.5.18\logback-core-1.5.18.jar;C:\Users\Salah eddine bitti\.m2\repository\org\apache\logging\log4j\log4j-to-slf4j\2.24.3\log4j-to-slf4j-2.24.3.jar;C:\Users\Salah eddine bitti\.m2\repository\org\apache\logging\log4j\log4j-api\2.24.3\log4j-api-2.24.3.jar;C:\Users\Salah eddine bitti\.m2\repository\org\slf4j\jul-to-slf4j\2.0.17\jul-to-slf4j-2.0.17.jar;C:\Users\Salah eddine bitti\.m2\repository\jakarta\annotation\jakarta.annotation-api\2.1.1\jakarta.annotation-api-2.1.1.jar;C:\Users\Salah eddine bitti\.m2\repository\org\yaml\snakeyaml\2.4\snakeyaml-2.4.jar;C:\Users\Salah eddine bitti\.m2\repository\org\springframework\boot\spring-boot-starter-json\3.5.3\spring-boot-starter-json-3.5.3.jar;C:\Users\Salah eddine bitti\.m2\repository\com\fasterxml\jackson\core\jackson-databind\2.19.1\jackson-databind-2.19.1.jar;C:\Users\Salah eddine bitti\.m2\repository\com\fasterxml\jackson\core\jackson-annotations\2.19.1\jackson-annotations-2.19.1.jar;C:\Users\Salah eddine bitti\.m2\repository\com\fasterxml\jackson\core\jackson-core\2.19.1\jackson-core-2.19.1.jar;C:\Users\Salah eddine bitti\.m2\repository\com\fasterxml\jackson\datatype\jackson-datatype-jdk8\2.19.1\jackson-datatype-jdk8-2.19.1.jar;C:\Users\Salah eddine bitti\.m2\repository\com\fasterxml\jackson\datatype\jackson-datatype-jsr310\2.19.1\jackson-datatype-jsr310-2.19.1.jar;C:\Users\Salah eddine bitti\.m2\repository\com\fasterxml\jackson\module\jackson-module-parameter-names\2.19.1\jackson-module-parameter-names-2.19.1.jar;C:\Users\Salah eddine bitti\.m2\repository\org\springframework\boot\spring-boot-starter-tomcat\3.5.3\spring-boot-starter-tomcat-3.5.3.jar;C:\Users\Salah eddine bitti\.m2\repository\org\apache\tomcat\embed\tomcat-embed-core\10.1.42\tomcat-embed-core-10.1.42.jar;C:\Users\Salah eddine bitti\.m2\repository\org\apache\tomcat\embed\tomcat-embed-el\10.1.42\tomcat-embed-el-10.1.42.jar;C:\Users\Salah eddine bitti\.m2\repository\org\apache\tomcat\embed\tomcat-embed-websocket\10.1.42\tomcat-embed-websocket-10.1.42.jar;C:\Users\Salah eddine bitti\.m2\repository\org\springframework\spring-web\6.2.8\spring-web-6.2.8.jar;C:\Users\Salah eddine bitti\.m2\repository\org\springframework\spring-beans\6.2.8\spring-beans-6.2.8.jar;C:\Users\Salah eddine bitti\.m2\repository\io\micrometer\micrometer-observation\1.15.1\micrometer-observation-1.15.1.jar;C:\Users\Salah eddine bitti\.m2\repository\io\micrometer\micrometer-commons\1.15.1\micrometer-commons-1.15.1.jar;C:\Users\Salah eddine bitti\.m2\repository\org\springframework\spring-webmvc\6.2.8\spring-webmvc-6.2.8.jar;C:\Users\Salah eddine bitti\.m2\repository\org\springframework\spring-context\6.2.8\spring-context-6.2.8.jar;C:\Users\Salah eddine bitti\.m2\repository\org\springframework\spring-expression\6.2.8\spring-expression-6.2.8.jar;C:\Users\Salah eddine bitti\.m2\repository\org\springframework\boot\spring-boot-starter-data-jpa\3.5.3\spring-boot-starter-data-jpa-3.5.3.jar;C:\Users\Salah eddine bitti\.m2\repository\org\springframework\boot\spring-boot-starter-jdbc\3.5.3\spring-boot-starter-jdbc-3.5.3.jar;C:\Users\Salah eddine bitti\.m2\repository\com\zaxxer\HikariCP\6.3.0\HikariCP-6.3.0.jar;C:\Users\Salah eddine bitti\.m2\repository\org\springframework\spring-jdbc\6.2.8\spring-jdbc-6.2.8.jar;C:\Users\Salah eddine bitti\.m2\repository\org\hibernate\orm\hibernate-core\6.6.18.Final\hibernate-core-6.6.18.Final.jar;C:\Users\Salah eddine bitti\.m2\repository\jakarta\persistence\jakarta.persistence-api\3.1.0\jakarta.persistence-api-3.1.0.jar;C:\Users\Salah eddine bitti\.m2\repository\jakarta\transaction\jakarta.transaction-api\2.0.1\jakarta.transaction-api-2.0.1.jar;C:\Users\Salah eddine bitti\.m2\repository\org\jboss\logging\jboss-logging\3.6.1.Final\jboss-logging-3.6.1.Final.jar;C:\Users\Salah eddine bitti\.m2\repository\org\hibernate\common\hibernate-commons-annotations\7.0.3.Final\hibernate-commons-annotations-7.0.3.Final.jar;C:\Users\Salah eddine bitti\.m2\repository\io\smallrye\jandex\3.2.0\jandex-3.2.0.jar;C:\Users\Salah eddine bitti\.m2\repository\com\fasterxml\classmate\1.7.0\classmate-1.7.0.jar;C:\Users\Salah eddine bitti\.m2\repository\net\bytebuddy\byte-buddy\1.17.6\byte-buddy-1.17.6.jar;C:\Users\Salah eddine bitti\.m2\repository\org\glassfish\jaxb\jaxb-runtime\4.0.5\jaxb-runtime-4.0.5.jar;C:\Users\Salah eddine bitti\.m2\repository\org\glassfish\jaxb\jaxb-core\4.0.5\jaxb-core-4.0.5.jar;C:\Users\Salah eddine bitti\.m2\repository\org\eclipse\angus\angus-activation\2.0.2\angus-activation-2.0.2.jar;C:\Users\Salah eddine bitti\.m2\repository\org\glassfish\jaxb\txw2\4.0.5\txw2-4.0.5.jar;C:\Users\Salah eddine bitti\.m2\repository\com\sun\istack\istack-commons-runtime\4.1.2\istack-commons-runtime-4.1.2.jar;C:\Users\Salah eddine bitti\.m2\repository\jakarta\inject\jakarta.inject-api\2.0.1\jakarta.inject-api-2.0.1.jar;C:\Users\Salah eddine bitti\.m2\repository\org\antlr\antlr4-runtime\4.13.0\antlr4-runtime-4.13.0.jar;C:\Users\Salah eddine bitti\.m2\repository\org\springframework\data\spring-data-jpa\3.5.1\spring-data-jpa-3.5.1.jar;C:\Users\Salah eddine bitti\.m2\repository\org\springframework\data\spring-data-commons\3.5.1\spring-data-commons-3.5.1.jar;C:\Users\Salah eddine bitti\.m2\repository\org\springframework\spring-orm\6.2.8\spring-orm-6.2.8.jar;C:\Users\Salah eddine bitti\.m2\repository\org\springframework\spring-tx\6.2.8\spring-tx-6.2.8.jar;C:\Users\Salah eddine bitti\.m2\repository\org\springframework\spring-aspects\6.2.8\spring-aspects-6.2.8.jar;C:\Users\Salah eddine bitti\.m2\repository\org\aspectj\aspectjweaver\1.9.24\aspectjweaver-1.9.24.jar;C:\Users\Salah eddine bitti\.m2\repository\com\mysql\mysql-connector-j\9.2.0\mysql-connector-j-9.2.0.jar;C:\Users\Salah eddine bitti\.m2\repository\org\springframework\boot\spring-boot-starter-data-mongodb\3.5.3\spring-boot-starter-data-mongodb-3.5.3.jar;C:\Users\Salah eddine bitti\.m2\repository\org\mongodb\mongodb-driver-sync\5.5.1\mongodb-driver-sync-5.5.1.jar;C:\Users\Salah eddine bitti\.m2\repository\org\mongodb\bson\5.5.1\bson-5.5.1.jar;C:\Users\Salah eddine bitti\.m2\repository\org\mongodb\mongodb-driver-core\5.5.1\mongodb-driver-core-5.5.1.jar;C:\Users\Salah eddine bitti\.m2\repository\org\mongodb\bson-record-codec\5.5.1\bson-record-codec-5.5.1.jar;C:\Users\Salah eddine bitti\.m2\repository\org\springframework\data\spring-data-mongodb\4.5.1\spring-data-mongodb-4.5.1.jar;C:\Users\Salah eddine bitti\.m2\repository\org\springframework\boot\spring-boot-starter-thymeleaf\3.5.3\spring-boot-starter-thymeleaf-3.5.3.jar;C:\Users\Salah eddine bitti\.m2\repository\org\thymeleaf\thymeleaf-spring6\3.1.3.RELEASE\thymeleaf-spring6-3.1.3.RELEASE.jar;C:\Users\Salah eddine bitti\.m2\repository\org\thymeleaf\thymeleaf\3.1.3.RELEASE\thymeleaf-3.1.3.RELEASE.jar;C:\Users\Salah eddine bitti\.m2\repository\org\attoparser\attoparser\2.0.7.RELEASE\attoparser-2.0.7.RELEASE.jar;C:\Users\Salah eddine bitti\.m2\repository\org\unbescape\unbescape\1.1.6.RELEASE\unbescape-1.1.6.RELEASE.jar;C:\Users\Salah eddine bitti\.m2\repository\org\thymeleaf\extras\thymeleaf-extras-springsecurity6\3.1.3.RELEASE\thymeleaf-extras-springsecurity6-3.1.3.RELEASE.jar;C:\Users\Salah eddine bitti\.m2\repository\org\slf4j\slf4j-api\2.0.17\slf4j-api-2.0.17.jar;C:\Users\Salah eddine bitti\.m2\repository\org\springframework\boot\spring-boot-starter-security\3.5.3\spring-boot-starter-security-3.5.3.jar;C:\Users\Salah eddine bitti\.m2\repository\org\springframework\spring-aop\6.2.8\spring-aop-6.2.8.jar;C:\Users\Salah eddine bitti\.m2\repository\org\springframework\security\spring-security-config\6.5.1\spring-security-config-6.5.1.jar;C:\Users\Salah eddine bitti\.m2\repository\org\springframework\security\spring-security-web\6.5.1\spring-security-web-6.5.1.jar;C:\Users\Salah eddine bitti\.m2\repository\org\springframework\boot\spring-boot-devtools\3.5.3\spring-boot-devtools-3.5.3.jar;C:\Users\Salah eddine bitti\.m2\repository\org\springframework\boot\spring-boot\3.5.3\spring-boot-3.5.3.jar;C:\Users\Salah eddine bitti\.m2\repository\org\springframework\boot\spring-boot-autoconfigure\3.5.3\spring-boot-autoconfigure-3.5.3.jar;C:\Users\Salah eddine bitti\.m2\repository\org\projectlombok\lombok\1.18.38\lombok-1.18.38.jar;C:\Users\Salah eddine bitti\.m2\repository\jakarta\xml\bind\jakarta.xml.bind-api\4.0.2\jakarta.xml.bind-api-4.0.2.jar;C:\Users\Salah eddine bitti\.m2\repository\jakarta\activation\jakarta.activation-api\2.1.3\jakarta.activation-api-2.1.3.jar;C:\Users\Salah eddine bitti\.m2\repository\org\springframework\spring-core\6.2.8\spring-core-6.2.8.jar;C:\Users\Salah eddine bitti\.m2\repository\org\springframework\spring-jcl\6.2.8\spring-jcl-6.2.8.jar;C:\Users\Salah eddine bitti\.m2\repository\org\springframework\security\spring-security-core\6.5.1\spring-security-core-6.5.1.jar;C:\Users\Salah eddine bitti\.m2\repository\org\springframework\security\spring-security-crypto\6.5.1\spring-security-crypto-6.5.1.jar
Launcher Type: SUN_STANDARD

[Global flags]
     intx CICompilerCount                          = 4                                         {product} {ergonomic}
     uint ConcGCThreads                            = 2                                         {product} {ergonomic}
     uint G1ConcRefinementThreads                  = 8                                         {product} {ergonomic}
   size_t G1HeapRegionSize                         = 1048576                                   {product} {ergonomic}
    uintx GCDrainStackTargetSize                   = 64                                        {product} {ergonomic}
   size_t InitialHeapSize                          = 130023424                                 {product} {ergonomic}
   size_t MarkStackSize                            = 4194304                                   {product} {ergonomic}
   size_t MaxHeapSize                              = 2080374784                                {product} {ergonomic}
   size_t MaxNewSize                               = 1247805440                                {product} {ergonomic}
   size_t MinHeapDeltaBytes                        = 1048576                                   {product} {ergonomic}
   size_t MinHeapSize                              = 8388608                                   {product} {ergonomic}
    uintx NonNMethodCodeHeapSize                   = 5839372                                {pd product} {ergonomic}
    uintx NonProfiledCodeHeapSize                  = 122909434                              {pd product} {ergonomic}
    uintx ProfiledCodeHeapSize                     = 122909434                              {pd product} {ergonomic}
    uintx ReservedCodeCacheSize                    = 251658240                              {pd product} {ergonomic}
     bool SegmentedCodeCache                       = true                                      {product} {ergonomic}
     bool ShowCodeDetailsInExceptionMessages       = true                                   {manageable} {command line}
   size_t SoftMaxHeapSize                          = 2080374784                             {manageable} {ergonomic}
     bool UseCompressedOops                        = true                           {product lp64_product} {ergonomic}
     bool UseG1GC                                  = true                                      {product} {ergonomic}
     bool UseLargePagesIndividualAllocation        = false                                  {pd product} {ergonomic}

Logging:
Log output configuration:
 #0: stdout all=warning uptime,level,tags foldmultilines=false
 #1: stderr all=off uptime,level,tags foldmultilines=false

Environment Variables:
JAVA_HOME=D:\bin\jdk-21
PATH=D:\bin;C:\Program Files\ImageMagick-7.1.1-Q16-HDRI;C:\Python310\Scripts\;C:\Python310\;C:\Program Files (x86)\Common Files\Intel\Shared Libraries\redist\intel64_win\compiler;C:\windows\system32;C:\windows;C:\windows\System32\Wbem;C:\windows\System32\WindowsPowerShell\v1.0\;C:\windows\System32\OpenSSH\;C:\Program Files (x86)\NVIDIA Corporation\PhysX\Common;C:\WINDOWS\system32;C:\WINDOWS;C:\WINDOWS\System32\Wbem;C:\WINDOWS\System32\WindowsPowerShell\v1.0\;C:\WINDOWS\System32\OpenSSH\;C:\Users\Salah eddine bitti\AppData\Local\Microsoft\WindowsApps;C:\Users\Salah eddine bitti\AppData\Local\Programs\Python\Python311\Scripts;C:\Users\Salah eddine bitti\AppData\Local\Programs\Python\Python311;C:\wamp64\bin\php\php7.4.33;C:\composer;C:\xampp\php;C:\Program Files\NVIDIA Corporation\NVIDIA app\NvDLISR;C:\ProgramData\chocolatey\bin;D:\Git\cmd;D:\programmes\;C:\Users\Salah eddine bitti\AppData\Local\Microsoft\WindowsApps;C:\Users\Salah eddine bitti\AppData\Local\gitkraken\bin;C:\Users\Salah eddine bitti\AppData\Local\Programs\Microsoft VS Code\bin;C:\Users\Salah eddine bitti\AppData\Local\Microsoft\WindowsApps;C:\Users\Salah eddine bitti\AppData\Roaming\Microsoft\Windows\Start Menu\Programs\Python 3.11;C:\Users\Salah eddine bitti\AppData\Roaming\Microsoft\Windows\Start Menu\Programs\Python 3.11\scripts\;C:\ffmpeg\bin;C:\Users\Salah eddine bitti\AppData\Local\Microsoft\WinGet\Links;C:\Users\Salah eddine bitti\AppData\Roaming\Composer\vendor\bin;C:\xampp\php;C:\Program Files\Git;C:\Users\Salah eddine bitti\AppData\Local\Programs\mongosh\;D:\projets\maven-mvnd-1.0.2-windows-amd64\bin;D:\projets\apache-maven-3.9.10-bin\apache-maven-3.9.10\bin;;D:\IntelliJ IDEA 2025.1.2\bin;;C:\Users\Salah eddine bitti\AppData\Roaming\npm
USERNAME=Salah eddine bitti
LANG=en_US.UTF-8
OS=Windows_NT
PROCESSOR_IDENTIFIER=Intel64 Family 6 Model 140 Stepping 1, GenuineIntel
TMP=C:\Users\SALAHE~1\AppData\Local\Temp
TEMP=C:\Users\SALAHE~1\AppData\Local\Temp




Periodic native trim disabled

---------------  S Y S T E M  ---------------

OS:
 Windows 11 , 64 bit Build 22621 (10.0.22621.5415)
OS uptime: 0 days 0:31 hours
Hyper-V role detected

CPU: total 8 (initial active 8) (4 cores per cpu, 2 threads per core) family 6 model 140 stepping 1 microcode 0xac, cx8, cmov, fxsr, ht, mmx, 3dnowpref, sse, sse2, sse3, ssse3, sse4.1, sse4.2, popcnt, lzcnt, tsc, tscinvbit, avx, avx2, aes, erms, clmul, bmi1, bmi2, adx, avx512f, avx512dq, avx512cd, avx512bw, avx512vl, sha, fma, vzeroupper, avx512_vpopcntdq, avx512_vpclmulqdq, avx512_vaes, avx512_vnni, clflush, clflushopt, clwb, avx512_vbmi2, avx512_vbmi, hv, rdtscp, rdpid, fsrm, gfni, avx512_bitalg, f16c, cet_ibt, cet_ss, avx512_ifma
Processor Information for the first 8 processors :
  Max Mhz: 2419, Current Mhz: 2419, Mhz Limit: 2419

Memory: 4k page, system-wide physical 7932M (250M free)
TotalPageFile size 16124M (AvailPageFile size 14M)
current process WorkingSet (physical memory assigned to process): 254M, peak: 294M
current process commit charge ("private bytes"): 313M, peak: 334M

vm_info: OpenJDK 64-Bit Server VM (21.0.7+6-LTS) for windows-amd64 JRE (21.0.7+6-LTS), built on 2025-04-15T00:00:00Z by "admin" with MS VC++ 17.7 (VS2022)

END.
